#-----------------------------------------------------------
# Vivado v2019.1 (64-bit)
# SW Build 2552052 on Fri May 24 14:49:42 MDT 2019
# IP Build 2548770 on Fri May 24 18:01:18 MDT 2019
# Start of session at: Thu Jul 28 07:35:52 2022
# Process ID: 23704
# Current directory: C:/Users/fahim/Documents/viterbi_hls_2_1_4/viterbi_2_1_4/solution1/sim/verilog
# Command line: vivado.exe -source open_wave.tcl
# Log file: C:/Users/fahim/Documents/viterbi_hls_2_1_4/viterbi_2_1_4/solution1/sim/verilog/vivado.log
# Journal file: C:/Users/fahim/Documents/viterbi_hls_2_1_4/viterbi_2_1_4/solution1/sim/verilog\vivado.jou
#-----------------------------------------------------------
start_gui
source open_wave.tcl
# current_fileset
INFO: [IP_Flow 19-234] Refreshing IP repositories
INFO: [IP_Flow 19-1704] No user IP repositories specified
INFO: [IP_Flow 19-2313] Loaded Vivado IP repository 'K:/Xilinx/Vivado/2019.1/data/ip'.
# open_wave_database decoder.wdb
open_wave_config C:/Users/fahim/Documents/viterbi_hls_2_1_4/viterbi_2_1_4/solution1/sim/verilog/decoder.wcfg
close_sim
INFO: [Simtcl 6-16] Simulation closed
exit
INFO: [Common 17-206] Exiting Vivado at Thu Jul 28 07:39:28 2022...
