

================================================================
== Vivado HLS Report for 'decoder'
================================================================
* Date:           Thu Jul 28 06:40:30 2022

* Version:        2019.1 (Build 2552052 on Fri May 24 15:28:33 MDT 2019)
* Project:        viterbi_2_1_4
* Solution:       solution1
* Product family: spartan7
* Target device:  xc7s100-fgga676-2


================================================================
== Performance Estimates
================================================================
+ Timing (ns): 
    * Summary: 
    +--------+-------+----------+------------+
    |  Clock | Target| Estimated| Uncertainty|
    +--------+-------+----------+------------+
    |ap_clk  |  10.00|     8.226|        1.25|
    +--------+-------+----------+------------+

+ Latency (clock cycles): 
    * Summary: 
    +-----+-----+-----+-----+----------+
    |  Latency  |  Interval | Pipeline |
    | min | max | min | max |   Type   |
    +-----+-----+-----+-----+----------+
    |  171|  171|   30|   30| function |
    +-----+-----+-----+-----+----------+

    + Detail: 
        * Instance: 
        +---------------------------------+----------------------+-----+-----+-----+-----+----------+
        |                                 |                      |  Latency  |  Interval | Pipeline |
        |             Instance            |        Module        | min | max | min | max |   Type   |
        +---------------------------------+----------------------+-----+-----+-----+-----+----------+
        |grp_computeHammingDistan_fu_118  |computeHammingDistan  |   16|   16|   17|   17| function |
        |grp_computeHammingDistan_fu_144  |computeHammingDistan  |   16|   16|   17|   17| function |
        |grp_computeHammingDistan_fu_161  |computeHammingDistan  |   16|   16|   17|   17| function |
        |grp_computeHammingDistan_fu_178  |computeHammingDistan  |   16|   16|   17|   17| function |
        |grp_computeHammingDistan_fu_195  |computeHammingDistan  |   16|   16|   17|   17| function |
        |grp_computeHammingDistan_fu_212  |computeHammingDistan  |   16|   16|   17|   17| function |
        |grp_computeHammingDistan_fu_229  |computeHammingDistan  |   16|   16|   17|   17| function |
        |grp_getFinalLowestState_fu_246   |getFinalLowestState   |    7|    7|    7|    7| function |
        |grp_getSequence_fu_251           |getSequence           |    1|    1|    1|    1| function |
        |grp_getReturnPath_fu_259         |getReturnPath         |    0|    0|    1|    1| function |
        |grp_getFinalHammingDista_fu_273  |getFinalHammingDista  |    4|    4|    4|    4| function |
        |grp_getFinalHammingDista_fu_278  |getFinalHammingDista  |    4|    4|    4|    4| function |
        +---------------------------------+----------------------+-----+-----+-----+-----+----------+

        * Loop: 
        N/A



================================================================
== Utilization Estimates
================================================================
* Summary: 
+-----------------+---------+-------+--------+-------+-----+
|       Name      | BRAM_18K| DSP48E|   FF   |  LUT  | URAM|
+-----------------+---------+-------+--------+-------+-----+
|DSP              |        -|      -|       -|      -|    -|
|Expression       |        -|      -|       0|     20|    -|
|FIFO             |        -|      -|       -|      -|    -|
|Instance         |        -|      -|    5454|  14213|    -|
|Memory           |        7|      -|       0|      0|    0|
|Multiplexer      |        -|      -|       -|   1987|    -|
|Register         |        -|      -|    2001|      -|    -|
+-----------------+---------+-------+--------+-------+-----+
|Total            |        7|      0|    7455|  16220|    0|
+-----------------+---------+-------+--------+-------+-----+
|Available        |      240|    160|  128000|  64000|    0|
+-----------------+---------+-------+--------+-------+-----+
|Utilization (%)  |        2|      0|       5|     25|    0|
+-----------------+---------+-------+--------+-------+-----+

+ Detail: 
    * Instance: 
    +---------------------------------+----------------------+---------+-------+-----+------+-----+
    |             Instance            |        Module        | BRAM_18K| DSP48E|  FF |  LUT | URAM|
    +---------------------------------+----------------------+---------+-------+-----+------+-----+
    |grp_computeHammingDistan_fu_118  |computeHammingDistan  |        0|      0|  750|  1919|    0|
    |grp_computeHammingDistan_fu_144  |computeHammingDistan  |        0|      0|  750|  1919|    0|
    |grp_computeHammingDistan_fu_161  |computeHammingDistan  |        0|      0|  750|  1919|    0|
    |grp_computeHammingDistan_fu_178  |computeHammingDistan  |        0|      0|  750|  1919|    0|
    |grp_computeHammingDistan_fu_195  |computeHammingDistan  |        0|      0|  750|  1919|    0|
    |grp_computeHammingDistan_fu_212  |computeHammingDistan  |        0|      0|  750|  1919|    0|
    |grp_computeHammingDistan_fu_229  |computeHammingDistan  |        0|      0|  750|  1919|    0|
    |grp_getFinalHammingDista_fu_273  |getFinalHammingDista  |        0|      0|   86|    96|    0|
    |grp_getFinalHammingDista_fu_278  |getFinalHammingDista  |        0|      0|   86|    96|    0|
    |grp_getFinalLowestState_fu_246   |getFinalLowestState   |        0|      0|   29|   195|    0|
    |grp_getReturnPath_fu_259         |getReturnPath         |        0|      0|    0|   201|    0|
    |grp_getSequence_fu_251           |getSequence           |        0|      0|    3|   192|    0|
    +---------------------------------+----------------------+---------+-------+-----+------+-----+
    |Total                            |                      |        0|      0| 5454| 14213|    0|
    +---------------------------------+----------------------+---------+-------+-----+------+-----+

    * DSP48E: 
    N/A

    * Memory: 
    +-------------------------+----------------------+---------+---+----+-----+------+-----+------+-------------+
    |          Memory         |        Module        | BRAM_18K| FF| LUT| URAM| Words| Bits| Banks| W*Bits*Banks|
    +-------------------------+----------------------+---------+---+----+-----+------+-----+------+-------------+
    |h1_hammingDistances_s_U  |decoder_h1_hamminbkb  |        1|  0|   0|    0|     8|    8|     1|           64|
    |h2_hammingDistances_s_U  |decoder_h1_hamminbkb  |        1|  0|   0|    0|     8|    8|     1|           64|
    |h3_hammingDistances_s_U  |decoder_h1_hamminbkb  |        1|  0|   0|    0|     8|    8|     1|           64|
    |h4_hammingDistances_s_U  |decoder_h1_hamminbkb  |        1|  0|   0|    0|     8|    8|     1|           64|
    |h5_hammingDistances_s_U  |decoder_h1_hamminbkb  |        1|  0|   0|    0|     8|    8|     1|           64|
    |h6_hammingDistances_s_U  |decoder_h1_hamminbkb  |        1|  0|   0|    0|     8|    8|     1|           64|
    |h7_hammingDistances_s_U  |decoder_h1_hamminbkb  |        1|  0|   0|    0|     8|    8|     1|           64|
    +-------------------------+----------------------+---------+---+----+-----+------+-----+------+-------------+
    |Total                    |                      |        7|  0|   0|    0|    56|   56|     7|          448|
    +-------------------------+----------------------+---------+---+----+-----+------+-----+------+-------------+

    * FIFO: 
    N/A

    * Expression: 
    +------------------------------------+----------+-------+---+----+------------+------------+
    |            Variable Name           | Operation| DSP48E| FF| LUT| Bitwidth P0| Bitwidth P1|
    +------------------------------------+----------+-------+---+----+------------+------------+
    |ap_block_state19_pp0_stage18_iter0  |    and   |      0|  0|   2|           1|           1|
    |ap_block_state20_pp0_stage19_iter0  |    and   |      0|  0|   2|           1|           1|
    |ap_block_state21_pp0_stage20_iter0  |    and   |      0|  0|   2|           1|           1|
    |ap_block_state22_pp0_stage21_iter0  |    and   |      0|  0|   2|           1|           1|
    |ap_block_state81_pp0_stage20_iter2  |    and   |      0|  0|   2|           1|           1|
    |ap_block_state82_pp0_stage21_iter2  |    and   |      0|  0|   2|           1|           1|
    |ap_block_state83_pp0_stage22_iter2  |    and   |      0|  0|   2|           1|           1|
    |ap_block_state84_pp0_stage23_iter2  |    and   |      0|  0|   2|           1|           1|
    |ap_block_state85_pp0_stage24_iter2  |    and   |      0|  0|   2|           1|           1|
    |ap_block_state18_pp0_stage17_iter0  |    or    |      0|  0|   2|           1|           1|
    +------------------------------------+----------+-------+---+----+------------+------------+
    |Total                               |          |      0|  0|  20|          10|          10|
    +------------------------------------+----------+-------+---+----+------------+------------+

    * Multiplexer: 
    +------------------------------------------------------------------------------+-----+-----------+-----+-----------+
    |                                     Name                                     | LUT | Input Size| Bits| Total Bits|
    +------------------------------------------------------------------------------+-----+-----------+-----+-----------+
    |ap_NS_iter0_fsm                                                               |  141|         31|   30|        930|
    |ap_NS_iter1_fsm                                                               |  145|         32|   31|        992|
    |ap_NS_iter2_fsm                                                               |  145|         32|   31|        992|
    |ap_NS_iter3_fsm                                                               |  145|         32|   31|        992|
    |ap_NS_iter4_fsm                                                               |  145|         32|   31|        992|
    |ap_NS_iter5_fsm                                                               |  113|         24|   23|        552|
    |grp_getFinalHammingDista_fu_273_HammingTable_hammingDistances_finalStates_q0  |   27|          5|    8|         40|
    |grp_getFinalHammingDista_fu_273_HammingTable_hammingDistances_finalStates_q1  |   27|          5|    8|         40|
    |grp_getFinalHammingDista_fu_278_HammingTable_hammingDistances_finalStates_q0  |   21|          4|    8|         32|
    |grp_getFinalHammingDista_fu_278_HammingTable_hammingDistances_finalStates_q1  |   21|          4|    8|         32|
    |grp_getReturnPath_fu_259_p_read                                               |   41|          8|    8|         64|
    |grp_getReturnPath_fu_259_p_read1                                              |   41|          8|    8|         64|
    |grp_getReturnPath_fu_259_p_read2                                              |   41|          8|    8|         64|
    |grp_getReturnPath_fu_259_p_read3                                              |   41|          8|    8|         64|
    |grp_getReturnPath_fu_259_p_read4                                              |   41|          8|    8|         64|
    |grp_getReturnPath_fu_259_p_read5                                              |   41|          8|    8|         64|
    |grp_getReturnPath_fu_259_p_read6                                              |   41|          8|    8|         64|
    |grp_getReturnPath_fu_259_p_read7                                              |   41|          8|    8|         64|
    |grp_getReturnPath_fu_259_state                                                |   33|          6|    3|         18|
    |grp_getSequence_fu_251_stateA                                                 |   44|          9|    4|         36|
    |grp_getSequence_fu_251_stateB                                                 |   44|          9|    4|         36|
    |h1_hammingDistances_s_address0                                                |   15|          3|    3|          9|
    |h1_hammingDistances_s_address1                                                |   15|          3|    3|          9|
    |h1_hammingDistances_s_ce0                                                     |   15|          3|    1|          3|
    |h1_hammingDistances_s_ce1                                                     |   15|          3|    1|          3|
    |h1_hammingDistances_s_we0                                                     |    9|          2|    1|          2|
    |h1_hammingDistances_s_we1                                                     |    9|          2|    1|          2|
    |h2_hammingDistances_s_address0                                                |   15|          3|    3|          9|
    |h2_hammingDistances_s_address1                                                |   15|          3|    3|          9|
    |h2_hammingDistances_s_ce0                                                     |   15|          3|    1|          3|
    |h2_hammingDistances_s_ce1                                                     |   15|          3|    1|          3|
    |h2_hammingDistances_s_we0                                                     |    9|          2|    1|          2|
    |h2_hammingDistances_s_we1                                                     |    9|          2|    1|          2|
    |h3_hammingDistances_s_address0                                                |   15|          3|    3|          9|
    |h3_hammingDistances_s_address1                                                |   15|          3|    3|          9|
    |h3_hammingDistances_s_ce0                                                     |   15|          3|    1|          3|
    |h3_hammingDistances_s_ce1                                                     |   15|          3|    1|          3|
    |h3_hammingDistances_s_we0                                                     |    9|          2|    1|          2|
    |h3_hammingDistances_s_we1                                                     |    9|          2|    1|          2|
    |h4_hammingDistances_s_address0                                                |   15|          3|    3|          9|
    |h4_hammingDistances_s_address1                                                |   15|          3|    3|          9|
    |h4_hammingDistances_s_ce0                                                     |   15|          3|    1|          3|
    |h4_hammingDistances_s_ce1                                                     |   15|          3|    1|          3|
    |h4_hammingDistances_s_we0                                                     |    9|          2|    1|          2|
    |h4_hammingDistances_s_we1                                                     |    9|          2|    1|          2|
    |h5_hammingDistances_s_address0                                                |   15|          3|    3|          9|
    |h5_hammingDistances_s_address1                                                |   15|          3|    3|          9|
    |h5_hammingDistances_s_ce0                                                     |   15|          3|    1|          3|
    |h5_hammingDistances_s_ce1                                                     |   15|          3|    1|          3|
    |h5_hammingDistances_s_we0                                                     |    9|          2|    1|          2|
    |h5_hammingDistances_s_we1                                                     |    9|          2|    1|          2|
    |h6_hammingDistances_s_address0                                                |   15|          3|    3|          9|
    |h6_hammingDistances_s_address1                                                |   15|          3|    3|          9|
    |h6_hammingDistances_s_ce0                                                     |   15|          3|    1|          3|
    |h6_hammingDistances_s_ce1                                                     |   15|          3|    1|          3|
    |h6_hammingDistances_s_we0                                                     |    9|          2|    1|          2|
    |h6_hammingDistances_s_we1                                                     |    9|          2|    1|          2|
    |h7_hammingDistances_s_address0                                                |   21|          4|    3|         12|
    |h7_hammingDistances_s_address1                                                |   21|          4|    3|         12|
    |h7_hammingDistances_s_ce0                                                     |   21|          4|    1|          4|
    |h7_hammingDistances_s_ce1                                                     |   21|          4|    1|          4|
    |h7_hammingDistances_s_we0                                                     |    9|          2|    1|          2|
    |h7_hammingDistances_s_we1                                                     |    9|          2|    1|          2|
    |output_r                                                                      |   38|          7|    8|         56|
    +------------------------------------------------------------------------------+-----+-----------+-----+-----------+
    |Total                                                                         | 1987|        412|  362|       6456|
    +------------------------------------------------------------------------------+-----+-----------+-----+-----------+

    * Register: 
    +----------------------------------------------+----+----+-----+-----------+
    |                     Name                     | FF | LUT| Bits| Const Bits|
    +----------------------------------------------+----+----+-----+-----------+
    |ap_CS_iter0_fsm                               |  30|   0|   30|          0|
    |ap_CS_iter1_fsm                               |  31|   0|   31|          0|
    |ap_CS_iter2_fsm                               |  31|   0|   31|          0|
    |ap_CS_iter3_fsm                               |  31|   0|   31|          0|
    |ap_CS_iter4_fsm                               |  31|   0|   31|          0|
    |ap_CS_iter5_fsm                               |  23|   0|   23|          0|
    |grp_computeHammingDistan_fu_144_ap_start_reg  |   1|   0|    1|          0|
    |grp_computeHammingDistan_fu_161_ap_start_reg  |   1|   0|    1|          0|
    |grp_computeHammingDistan_fu_178_ap_start_reg  |   1|   0|    1|          0|
    |grp_computeHammingDistan_fu_195_ap_start_reg  |   1|   0|    1|          0|
    |grp_computeHammingDistan_fu_212_ap_start_reg  |   1|   0|    1|          0|
    |grp_computeHammingDistan_fu_229_ap_start_reg  |   1|   0|    1|          0|
    |grp_getFinalHammingDista_fu_273_ap_start_reg  |   1|   0|    1|          0|
    |grp_getFinalHammingDista_fu_278_ap_start_reg  |   1|   0|    1|          0|
    |grp_getFinalLowestState_fu_246_ap_start_reg   |   1|   0|    1|          0|
    |grp_getSequence_fu_251_ap_start_reg           |   1|   0|    1|          0|
    |h1_aTransition_0_reg_945                      |   8|   0|    8|          0|
    |h1_aTransition_0_reg_945_pp0_iter0_reg        |   8|   0|    8|          0|
    |h1_aTransition_0_reg_945_pp0_iter1_reg        |   8|   0|    8|          0|
    |h1_aTransition_0_reg_945_pp0_iter2_reg        |   8|   0|    8|          0|
    |h1_aTransition_0_reg_945_pp0_iter3_reg        |   8|   0|    8|          0|
    |h1_aTransition_0_reg_945_pp0_iter4_reg        |   8|   0|    8|          0|
    |h1_aTransition_1_reg_950                      |   8|   0|    8|          0|
    |h1_aTransition_1_reg_950_pp0_iter0_reg        |   8|   0|    8|          0|
    |h1_aTransition_1_reg_950_pp0_iter1_reg        |   8|   0|    8|          0|
    |h1_aTransition_1_reg_950_pp0_iter2_reg        |   8|   0|    8|          0|
    |h1_aTransition_1_reg_950_pp0_iter3_reg        |   8|   0|    8|          0|
    |h1_aTransition_1_reg_950_pp0_iter4_reg        |   8|   0|    8|          0|
    |h1_cTransition_0_reg_955                      |   8|   0|    8|          0|
    |h1_cTransition_0_reg_955_pp0_iter0_reg        |   8|   0|    8|          0|
    |h1_cTransition_0_reg_955_pp0_iter1_reg        |   8|   0|    8|          0|
    |h1_cTransition_0_reg_955_pp0_iter2_reg        |   8|   0|    8|          0|
    |h1_cTransition_0_reg_955_pp0_iter3_reg        |   8|   0|    8|          0|
    |h1_cTransition_0_reg_955_pp0_iter4_reg        |   8|   0|    8|          0|
    |h1_cTransition_1_reg_960                      |   8|   0|    8|          0|
    |h1_cTransition_1_reg_960_pp0_iter0_reg        |   8|   0|    8|          0|
    |h1_cTransition_1_reg_960_pp0_iter1_reg        |   8|   0|    8|          0|
    |h1_cTransition_1_reg_960_pp0_iter2_reg        |   8|   0|    8|          0|
    |h1_cTransition_1_reg_960_pp0_iter3_reg        |   8|   0|    8|          0|
    |h1_cTransition_1_reg_960_pp0_iter4_reg        |   8|   0|    8|          0|
    |h1_eTransition_0_reg_965                      |   8|   0|    8|          0|
    |h1_eTransition_0_reg_965_pp0_iter0_reg        |   8|   0|    8|          0|
    |h1_eTransition_0_reg_965_pp0_iter1_reg        |   8|   0|    8|          0|
    |h1_eTransition_0_reg_965_pp0_iter2_reg        |   8|   0|    8|          0|
    |h1_eTransition_0_reg_965_pp0_iter3_reg        |   8|   0|    8|          0|
    |h1_eTransition_0_reg_965_pp0_iter4_reg        |   8|   0|    8|          0|
    |h1_eTransition_1_reg_970                      |   8|   0|    8|          0|
    |h1_eTransition_1_reg_970_pp0_iter0_reg        |   8|   0|    8|          0|
    |h1_eTransition_1_reg_970_pp0_iter1_reg        |   8|   0|    8|          0|
    |h1_eTransition_1_reg_970_pp0_iter2_reg        |   8|   0|    8|          0|
    |h1_eTransition_1_reg_970_pp0_iter3_reg        |   8|   0|    8|          0|
    |h1_eTransition_1_reg_970_pp0_iter4_reg        |   8|   0|    8|          0|
    |h1_gTransition_0_reg_975                      |   8|   0|    8|          0|
    |h1_gTransition_0_reg_975_pp0_iter0_reg        |   8|   0|    8|          0|
    |h1_gTransition_0_reg_975_pp0_iter1_reg        |   8|   0|    8|          0|
    |h1_gTransition_0_reg_975_pp0_iter2_reg        |   8|   0|    8|          0|
    |h1_gTransition_0_reg_975_pp0_iter3_reg        |   8|   0|    8|          0|
    |h1_gTransition_0_reg_975_pp0_iter4_reg        |   8|   0|    8|          0|
    |h1_gTransition_1_reg_980                      |   8|   0|    8|          0|
    |h1_gTransition_1_reg_980_pp0_iter0_reg        |   8|   0|    8|          0|
    |h1_gTransition_1_reg_980_pp0_iter1_reg        |   8|   0|    8|          0|
    |h1_gTransition_1_reg_980_pp0_iter2_reg        |   8|   0|    8|          0|
    |h1_gTransition_1_reg_980_pp0_iter3_reg        |   8|   0|    8|          0|
    |h1_gTransition_1_reg_980_pp0_iter4_reg        |   8|   0|    8|          0|
    |h2_aTransition_0_reg_985                      |   8|   0|    8|          0|
    |h2_aTransition_0_reg_985_pp0_iter1_reg        |   8|   0|    8|          0|
    |h2_aTransition_0_reg_985_pp0_iter2_reg        |   8|   0|    8|          0|
    |h2_aTransition_0_reg_985_pp0_iter3_reg        |   8|   0|    8|          0|
    |h2_aTransition_0_reg_985_pp0_iter4_reg        |   8|   0|    8|          0|
    |h2_aTransition_1_reg_990                      |   8|   0|    8|          0|
    |h2_aTransition_1_reg_990_pp0_iter1_reg        |   8|   0|    8|          0|
    |h2_aTransition_1_reg_990_pp0_iter2_reg        |   8|   0|    8|          0|
    |h2_aTransition_1_reg_990_pp0_iter3_reg        |   8|   0|    8|          0|
    |h2_aTransition_1_reg_990_pp0_iter4_reg        |   8|   0|    8|          0|
    |h2_cTransition_0_reg_995                      |   8|   0|    8|          0|
    |h2_cTransition_0_reg_995_pp0_iter1_reg        |   8|   0|    8|          0|
    |h2_cTransition_0_reg_995_pp0_iter2_reg        |   8|   0|    8|          0|
    |h2_cTransition_0_reg_995_pp0_iter3_reg        |   8|   0|    8|          0|
    |h2_cTransition_0_reg_995_pp0_iter4_reg        |   8|   0|    8|          0|
    |h2_cTransition_1_reg_1000                     |   8|   0|    8|          0|
    |h2_cTransition_1_reg_1000_pp0_iter1_reg       |   8|   0|    8|          0|
    |h2_cTransition_1_reg_1000_pp0_iter2_reg       |   8|   0|    8|          0|
    |h2_cTransition_1_reg_1000_pp0_iter3_reg       |   8|   0|    8|          0|
    |h2_cTransition_1_reg_1000_pp0_iter4_reg       |   8|   0|    8|          0|
    |h2_eTransition_0_reg_1005                     |   8|   0|    8|          0|
    |h2_eTransition_0_reg_1005_pp0_iter1_reg       |   8|   0|    8|          0|
    |h2_eTransition_0_reg_1005_pp0_iter2_reg       |   8|   0|    8|          0|
    |h2_eTransition_0_reg_1005_pp0_iter3_reg       |   8|   0|    8|          0|
    |h2_eTransition_0_reg_1005_pp0_iter4_reg       |   8|   0|    8|          0|
    |h2_eTransition_1_reg_1010                     |   8|   0|    8|          0|
    |h2_eTransition_1_reg_1010_pp0_iter1_reg       |   8|   0|    8|          0|
    |h2_eTransition_1_reg_1010_pp0_iter2_reg       |   8|   0|    8|          0|
    |h2_eTransition_1_reg_1010_pp0_iter3_reg       |   8|   0|    8|          0|
    |h2_eTransition_1_reg_1010_pp0_iter4_reg       |   8|   0|    8|          0|
    |h2_gTransition_0_reg_1015                     |   8|   0|    8|          0|
    |h2_gTransition_0_reg_1015_pp0_iter1_reg       |   8|   0|    8|          0|
    |h2_gTransition_0_reg_1015_pp0_iter2_reg       |   8|   0|    8|          0|
    |h2_gTransition_0_reg_1015_pp0_iter3_reg       |   8|   0|    8|          0|
    |h2_gTransition_0_reg_1015_pp0_iter4_reg       |   8|   0|    8|          0|
    |h2_gTransition_1_reg_1020                     |   8|   0|    8|          0|
    |h2_gTransition_1_reg_1020_pp0_iter1_reg       |   8|   0|    8|          0|
    |h2_gTransition_1_reg_1020_pp0_iter2_reg       |   8|   0|    8|          0|
    |h2_gTransition_1_reg_1020_pp0_iter3_reg       |   8|   0|    8|          0|
    |h2_gTransition_1_reg_1020_pp0_iter4_reg       |   8|   0|    8|          0|
    |h2_recievedSequence_1_reg_890                 |   1|   0|    1|          0|
    |h2_recievedSequence_s_reg_885                 |   1|   0|    1|          0|
    |h3_aTransition_0_reg_1025                     |   8|   0|    8|          0|
    |h3_aTransition_0_reg_1025_pp0_iter1_reg       |   8|   0|    8|          0|
    |h3_aTransition_0_reg_1025_pp0_iter2_reg       |   8|   0|    8|          0|
    |h3_aTransition_0_reg_1025_pp0_iter3_reg       |   8|   0|    8|          0|
    |h3_aTransition_0_reg_1025_pp0_iter4_reg       |   8|   0|    8|          0|
    |h3_aTransition_1_reg_1030                     |   8|   0|    8|          0|
    |h3_aTransition_1_reg_1030_pp0_iter1_reg       |   8|   0|    8|          0|
    |h3_aTransition_1_reg_1030_pp0_iter2_reg       |   8|   0|    8|          0|
    |h3_aTransition_1_reg_1030_pp0_iter3_reg       |   8|   0|    8|          0|
    |h3_aTransition_1_reg_1030_pp0_iter4_reg       |   8|   0|    8|          0|
    |h3_cTransition_0_reg_1035                     |   8|   0|    8|          0|
    |h3_cTransition_0_reg_1035_pp0_iter1_reg       |   8|   0|    8|          0|
    |h3_cTransition_0_reg_1035_pp0_iter2_reg       |   8|   0|    8|          0|
    |h3_cTransition_0_reg_1035_pp0_iter3_reg       |   8|   0|    8|          0|
    |h3_cTransition_0_reg_1035_pp0_iter4_reg       |   8|   0|    8|          0|
    |h3_cTransition_1_reg_1040                     |   8|   0|    8|          0|
    |h3_cTransition_1_reg_1040_pp0_iter1_reg       |   8|   0|    8|          0|
    |h3_cTransition_1_reg_1040_pp0_iter2_reg       |   8|   0|    8|          0|
    |h3_cTransition_1_reg_1040_pp0_iter3_reg       |   8|   0|    8|          0|
    |h3_cTransition_1_reg_1040_pp0_iter4_reg       |   8|   0|    8|          0|
    |h3_eTransition_0_reg_1045                     |   8|   0|    8|          0|
    |h3_eTransition_0_reg_1045_pp0_iter1_reg       |   8|   0|    8|          0|
    |h3_eTransition_0_reg_1045_pp0_iter2_reg       |   8|   0|    8|          0|
    |h3_eTransition_0_reg_1045_pp0_iter3_reg       |   8|   0|    8|          0|
    |h3_eTransition_0_reg_1045_pp0_iter4_reg       |   8|   0|    8|          0|
    |h3_eTransition_1_reg_1050                     |   8|   0|    8|          0|
    |h3_eTransition_1_reg_1050_pp0_iter1_reg       |   8|   0|    8|          0|
    |h3_eTransition_1_reg_1050_pp0_iter2_reg       |   8|   0|    8|          0|
    |h3_eTransition_1_reg_1050_pp0_iter3_reg       |   8|   0|    8|          0|
    |h3_eTransition_1_reg_1050_pp0_iter4_reg       |   8|   0|    8|          0|
    |h3_gTransition_0_reg_1055                     |   8|   0|    8|          0|
    |h3_gTransition_0_reg_1055_pp0_iter1_reg       |   8|   0|    8|          0|
    |h3_gTransition_0_reg_1055_pp0_iter2_reg       |   8|   0|    8|          0|
    |h3_gTransition_0_reg_1055_pp0_iter3_reg       |   8|   0|    8|          0|
    |h3_gTransition_0_reg_1055_pp0_iter4_reg       |   8|   0|    8|          0|
    |h3_gTransition_1_reg_1060                     |   8|   0|    8|          0|
    |h3_gTransition_1_reg_1060_pp0_iter1_reg       |   8|   0|    8|          0|
    |h3_gTransition_1_reg_1060_pp0_iter2_reg       |   8|   0|    8|          0|
    |h3_gTransition_1_reg_1060_pp0_iter3_reg       |   8|   0|    8|          0|
    |h3_gTransition_1_reg_1060_pp0_iter4_reg       |   8|   0|    8|          0|
    |h3_recievedSequence_1_reg_900                 |   1|   0|    1|          0|
    |h3_recievedSequence_1_reg_900_pp0_iter0_reg   |   1|   0|    1|          0|
    |h3_recievedSequence_s_reg_895                 |   1|   0|    1|          0|
    |h3_recievedSequence_s_reg_895_pp0_iter0_reg   |   1|   0|    1|          0|
    |h4_aTransition_0_reg_1065                     |   8|   0|    8|          0|
    |h4_aTransition_0_reg_1065_pp0_iter2_reg       |   8|   0|    8|          0|
    |h4_aTransition_0_reg_1065_pp0_iter3_reg       |   8|   0|    8|          0|
    |h4_aTransition_0_reg_1065_pp0_iter4_reg       |   8|   0|    8|          0|
    |h4_aTransition_1_reg_1070                     |   8|   0|    8|          0|
    |h4_aTransition_1_reg_1070_pp0_iter2_reg       |   8|   0|    8|          0|
    |h4_aTransition_1_reg_1070_pp0_iter3_reg       |   8|   0|    8|          0|
    |h4_aTransition_1_reg_1070_pp0_iter4_reg       |   8|   0|    8|          0|
    |h4_cTransition_0_reg_1075                     |   8|   0|    8|          0|
    |h4_cTransition_0_reg_1075_pp0_iter2_reg       |   8|   0|    8|          0|
    |h4_cTransition_0_reg_1075_pp0_iter3_reg       |   8|   0|    8|          0|
    |h4_cTransition_0_reg_1075_pp0_iter4_reg       |   8|   0|    8|          0|
    |h4_cTransition_1_reg_1080                     |   8|   0|    8|          0|
    |h4_cTransition_1_reg_1080_pp0_iter2_reg       |   8|   0|    8|          0|
    |h4_cTransition_1_reg_1080_pp0_iter3_reg       |   8|   0|    8|          0|
    |h4_cTransition_1_reg_1080_pp0_iter4_reg       |   8|   0|    8|          0|
    |h4_eTransition_0_reg_1085                     |   8|   0|    8|          0|
    |h4_eTransition_0_reg_1085_pp0_iter2_reg       |   8|   0|    8|          0|
    |h4_eTransition_0_reg_1085_pp0_iter3_reg       |   8|   0|    8|          0|
    |h4_eTransition_0_reg_1085_pp0_iter4_reg       |   8|   0|    8|          0|
    |h4_eTransition_1_reg_1090                     |   8|   0|    8|          0|
    |h4_eTransition_1_reg_1090_pp0_iter2_reg       |   8|   0|    8|          0|
    |h4_eTransition_1_reg_1090_pp0_iter3_reg       |   8|   0|    8|          0|
    |h4_eTransition_1_reg_1090_pp0_iter4_reg       |   8|   0|    8|          0|
    |h4_gTransition_0_reg_1095                     |   8|   0|    8|          0|
    |h4_gTransition_0_reg_1095_pp0_iter2_reg       |   8|   0|    8|          0|
    |h4_gTransition_0_reg_1095_pp0_iter3_reg       |   8|   0|    8|          0|
    |h4_gTransition_0_reg_1095_pp0_iter4_reg       |   8|   0|    8|          0|
    |h4_gTransition_1_reg_1100                     |   8|   0|    8|          0|
    |h4_gTransition_1_reg_1100_pp0_iter2_reg       |   8|   0|    8|          0|
    |h4_gTransition_1_reg_1100_pp0_iter3_reg       |   8|   0|    8|          0|
    |h4_gTransition_1_reg_1100_pp0_iter4_reg       |   8|   0|    8|          0|
    |h4_recievedSequence_1_reg_910                 |   1|   0|    1|          0|
    |h4_recievedSequence_1_reg_910_pp0_iter0_reg   |   1|   0|    1|          0|
    |h4_recievedSequence_1_reg_910_pp0_iter1_reg   |   1|   0|    1|          0|
    |h4_recievedSequence_s_reg_905                 |   1|   0|    1|          0|
    |h4_recievedSequence_s_reg_905_pp0_iter0_reg   |   1|   0|    1|          0|
    |h4_recievedSequence_s_reg_905_pp0_iter1_reg   |   1|   0|    1|          0|
    |h5_aTransition_0_reg_1105                     |   8|   0|    8|          0|
    |h5_aTransition_0_reg_1105_pp0_iter3_reg       |   8|   0|    8|          0|
    |h5_aTransition_0_reg_1105_pp0_iter4_reg       |   8|   0|    8|          0|
    |h5_aTransition_1_reg_1110                     |   8|   0|    8|          0|
    |h5_aTransition_1_reg_1110_pp0_iter3_reg       |   8|   0|    8|          0|
    |h5_aTransition_1_reg_1110_pp0_iter4_reg       |   8|   0|    8|          0|
    |h5_cTransition_0_reg_1115                     |   8|   0|    8|          0|
    |h5_cTransition_0_reg_1115_pp0_iter3_reg       |   8|   0|    8|          0|
    |h5_cTransition_0_reg_1115_pp0_iter4_reg       |   8|   0|    8|          0|
    |h5_cTransition_1_reg_1120                     |   8|   0|    8|          0|
    |h5_cTransition_1_reg_1120_pp0_iter3_reg       |   8|   0|    8|          0|
    |h5_cTransition_1_reg_1120_pp0_iter4_reg       |   8|   0|    8|          0|
    |h5_eTransition_0_reg_1125                     |   8|   0|    8|          0|
    |h5_eTransition_0_reg_1125_pp0_iter3_reg       |   8|   0|    8|          0|
    |h5_eTransition_0_reg_1125_pp0_iter4_reg       |   8|   0|    8|          0|
    |h5_eTransition_1_reg_1130                     |   8|   0|    8|          0|
    |h5_eTransition_1_reg_1130_pp0_iter3_reg       |   8|   0|    8|          0|
    |h5_eTransition_1_reg_1130_pp0_iter4_reg       |   8|   0|    8|          0|
    |h5_gTransition_0_reg_1135                     |   8|   0|    8|          0|
    |h5_gTransition_0_reg_1135_pp0_iter3_reg       |   8|   0|    8|          0|
    |h5_gTransition_0_reg_1135_pp0_iter4_reg       |   8|   0|    8|          0|
    |h5_gTransition_1_reg_1140                     |   8|   0|    8|          0|
    |h5_gTransition_1_reg_1140_pp0_iter3_reg       |   8|   0|    8|          0|
    |h5_gTransition_1_reg_1140_pp0_iter4_reg       |   8|   0|    8|          0|
    |h5_recievedSequence_1_reg_920                 |   1|   0|    1|          0|
    |h5_recievedSequence_1_reg_920_pp0_iter0_reg   |   1|   0|    1|          0|
    |h5_recievedSequence_1_reg_920_pp0_iter1_reg   |   1|   0|    1|          0|
    |h5_recievedSequence_s_reg_915                 |   1|   0|    1|          0|
    |h5_recievedSequence_s_reg_915_pp0_iter0_reg   |   1|   0|    1|          0|
    |h5_recievedSequence_s_reg_915_pp0_iter1_reg   |   1|   0|    1|          0|
    |h6_aTransition_0_reg_1145                     |   8|   0|    8|          0|
    |h6_aTransition_0_reg_1145_pp0_iter4_reg       |   8|   0|    8|          0|
    |h6_aTransition_1_reg_1150                     |   8|   0|    8|          0|
    |h6_aTransition_1_reg_1150_pp0_iter4_reg       |   8|   0|    8|          0|
    |h6_cTransition_0_reg_1155                     |   8|   0|    8|          0|
    |h6_cTransition_0_reg_1155_pp0_iter4_reg       |   8|   0|    8|          0|
    |h6_cTransition_1_reg_1160                     |   8|   0|    8|          0|
    |h6_cTransition_1_reg_1160_pp0_iter4_reg       |   8|   0|    8|          0|
    |h6_eTransition_0_reg_1165                     |   8|   0|    8|          0|
    |h6_eTransition_0_reg_1165_pp0_iter4_reg       |   8|   0|    8|          0|
    |h6_eTransition_1_reg_1170                     |   8|   0|    8|          0|
    |h6_eTransition_1_reg_1170_pp0_iter4_reg       |   8|   0|    8|          0|
    |h6_gTransition_0_reg_1175                     |   8|   0|    8|          0|
    |h6_gTransition_0_reg_1175_pp0_iter4_reg       |   8|   0|    8|          0|
    |h6_gTransition_1_reg_1180                     |   8|   0|    8|          0|
    |h6_gTransition_1_reg_1180_pp0_iter4_reg       |   8|   0|    8|          0|
    |h6_recievedSequence_1_reg_930                 |   1|   0|    1|          0|
    |h6_recievedSequence_1_reg_930_pp0_iter0_reg   |   1|   0|    1|          0|
    |h6_recievedSequence_1_reg_930_pp0_iter1_reg   |   1|   0|    1|          0|
    |h6_recievedSequence_1_reg_930_pp0_iter2_reg   |   1|   0|    1|          0|
    |h6_recievedSequence_s_reg_925                 |   1|   0|    1|          0|
    |h6_recievedSequence_s_reg_925_pp0_iter0_reg   |   1|   0|    1|          0|
    |h6_recievedSequence_s_reg_925_pp0_iter1_reg   |   1|   0|    1|          0|
    |h6_recievedSequence_s_reg_925_pp0_iter2_reg   |   1|   0|    1|          0|
    |h7_aTransition_0_reg_1185                     |   8|   0|    8|          0|
    |h7_aTransition_0_reg_1185_pp0_iter4_reg       |   8|   0|    8|          0|
    |h7_aTransition_1_reg_1190                     |   8|   0|    8|          0|
    |h7_aTransition_1_reg_1190_pp0_iter4_reg       |   8|   0|    8|          0|
    |h7_cTransition_0_reg_1195                     |   8|   0|    8|          0|
    |h7_cTransition_0_reg_1195_pp0_iter4_reg       |   8|   0|    8|          0|
    |h7_cTransition_1_reg_1200                     |   8|   0|    8|          0|
    |h7_cTransition_1_reg_1200_pp0_iter4_reg       |   8|   0|    8|          0|
    |h7_eTransition_0_reg_1205                     |   8|   0|    8|          0|
    |h7_eTransition_0_reg_1205_pp0_iter4_reg       |   8|   0|    8|          0|
    |h7_eTransition_1_reg_1210                     |   8|   0|    8|          0|
    |h7_eTransition_1_reg_1210_pp0_iter4_reg       |   8|   0|    8|          0|
    |h7_gTransition_0_reg_1215                     |   8|   0|    8|          0|
    |h7_gTransition_0_reg_1215_pp0_iter4_reg       |   8|   0|    8|          0|
    |h7_gTransition_1_reg_1220                     |   8|   0|    8|          0|
    |h7_gTransition_1_reg_1220_pp0_iter4_reg       |   8|   0|    8|          0|
    |h7_recievedSequence_1_reg_940                 |   1|   0|    1|          0|
    |h7_recievedSequence_1_reg_940_pp0_iter0_reg   |   1|   0|    1|          0|
    |h7_recievedSequence_1_reg_940_pp0_iter1_reg   |   1|   0|    1|          0|
    |h7_recievedSequence_1_reg_940_pp0_iter2_reg   |   1|   0|    1|          0|
    |h7_recievedSequence_1_reg_940_pp0_iter3_reg   |   1|   0|    1|          0|
    |h7_recievedSequence_s_reg_935                 |   1|   0|    1|          0|
    |h7_recievedSequence_s_reg_935_pp0_iter0_reg   |   1|   0|    1|          0|
    |h7_recievedSequence_s_reg_935_pp0_iter1_reg   |   1|   0|    1|          0|
    |h7_recievedSequence_s_reg_935_pp0_iter2_reg   |   1|   0|    1|          0|
    |h7_recievedSequence_s_reg_935_pp0_iter3_reg   |   1|   0|    1|          0|
    |newState_7_reg_1241                           |   3|   0|    3|          0|
    |newState_9_reg_1253                           |   3|   0|    3|          0|
    |newState_reg_1270                             |   3|   0|    3|          0|
    |newState_s_reg_1259                           |   3|   0|    3|          0|
    |output_r                                      |   8|   0|    8|          0|
    |reg_399                                       |   3|   0|    3|          0|
    |sequenceBits_decoded_1_reg_1265               |   1|   0|    1|          0|
    |sequenceBits_decoded_2_reg_1281               |   1|   0|    1|          0|
    |sequenceBits_decoded_3_reg_1292               |   1|   0|    1|          0|
    |sequenceBits_decoded_4_reg_1303               |   1|   0|    1|          0|
    |sequenceBits_decoded_5_reg_1314               |   1|   0|    1|          0|
    |sequenceBits_decoded_reg_1236                 |   1|   0|    1|          0|
    |tmp_reg_1225                                  |   3|   0|    3|          0|
    |zext_ln690_reg_1230                           |   3|   0|    4|          1|
    |zext_ln697_reg_1247                           |   3|   0|    4|          1|
    |zext_ln705_reg_1275                           |   3|   0|    4|          1|
    |zext_ln712_reg_1286                           |   3|   0|    4|          1|
    |zext_ln719_reg_1297                           |   3|   0|    4|          1|
    |zext_ln726_reg_1308                           |   3|   0|    4|          1|
    +----------------------------------------------+----+----+-----+-----------+
    |Total                                         |2001|   0| 2007|          6|
    +----------------------------------------------+----+----+-----+-----------+



================================================================
== Interface
================================================================
* Summary: 
+-----------+-----+-----+------------+--------------+--------------+
| RTL Ports | Dir | Bits|  Protocol  | Source Object|    C Type    |
+-----------+-----+-----+------------+--------------+--------------+
|ap_clk     |  in |    1| ap_ctrl_hs |    decoder   | return value |
|ap_rst     |  in |    1| ap_ctrl_hs |    decoder   | return value |
|ap_start   |  in |    1| ap_ctrl_hs |    decoder   | return value |
|ap_done    | out |    1| ap_ctrl_hs |    decoder   | return value |
|ap_idle    | out |    1| ap_ctrl_hs |    decoder   | return value |
|ap_ready   | out |    1| ap_ctrl_hs |    decoder   | return value |
|ap_return  | out |    8| ap_ctrl_hs |    decoder   | return value |
|d_in_V     |  in |   14|   ap_none  |    d_in_V    |    scalar    |
+-----------+-----+-----+------------+--------------+--------------+

