

================================================================
== Vivado HLS Report for 'getFinalLowestState'
================================================================
* Date:           Thu Jul 28 06:40:26 2022

* Version:        2019.1 (Build 2552052 on Fri May 24 15:28:33 MDT 2019)
* Project:        viterbi_2_1_4
* Solution:       solution1
* Product family: spartan7
* Target device:  xc7s100-fgga676-2


================================================================
== Performance Estimates
================================================================
+ Timing (ns): 
    * Summary: 
    +--------+-------+----------+------------+
    |  Clock | Target| Estimated| Uncertainty|
    +--------+-------+----------+------------+
    |ap_clk  |  10.00|     5.565|        1.25|
    +--------+-------+----------+------------+

+ Latency (clock cycles): 
    * Summary: 
    +-----+-----+-----+-----+----------+
    |  Latency  |  Interval | Pipeline |
    | min | max | min | max |   Type   |
    +-----+-----+-----+-----+----------+
    |    7|    7|    7|    7| function |
    +-----+-----+-----+-----+----------+

    + Detail: 
        * Instance: 
        N/A

        * Loop: 
        N/A

============================================================
+ Verbose Summary: Synthesis Manager
============================================================
InlineROM: 1
ExposeGlobal: 0
============================================================
+ Verbose Summary: CDFG Model
============================================================
IsTopModel: 0
ResetActiveHigh: 1
IsCombinational: 0
IsDatapathOnly: 0
HasWiredReturn: 1
HasMFsm: 2
HasVarLatency: 0
IsPipeline: 1
IsRtlPipelined: 1
IsInstanceOverlapped: 0
IsDontTouch: 0
HasImplIP: 0
IsGatedGlobalClock: 0

+ Individual pipeline summary: 
  * Pipeline-0: initiation interval (II) = 7, depth = 8


============================================================
+ Verbose Summary: Schedule
============================================================
* Number of FSM states : 8
* Pipeline : 1
  Pipeline-0 : II = 7, D = 8, States = { 1 2 3 4 5 6 7 8 }
* Dataflow Pipeline: 0

* FSM state transitions: 
1 --> 2 
2 --> 3 
3 --> 4 
4 --> 5 
5 --> 6 
6 --> 7 
7 --> 8 
8 --> 

* FSM state operations: 

State 1 <SV = 0> <Delay = 1.76>
ST_1 : Operation 9 [1/1] (0.00ns)   --->   "%HammingTable_hamming = getelementptr [8 x i8]* %HammingTable_hammingDistances_finalStates, i64 0, i64 0" [viterbi_2_1_4/viterbi.cpp:372]   --->   Operation 9 'getelementptr' 'HammingTable_hamming' <Predicate = true> <Delay = 0.00>
ST_1 : Operation 10 [2/2] (1.76ns)   --->   "%lowestValue = load i8* %HammingTable_hamming, align 1" [viterbi_2_1_4/viterbi.cpp:372]   --->   Operation 10 'load' 'lowestValue' <Predicate = true> <Delay = 1.76> <Core = "RAM">   --->   Core 37 'RAM' <Latency = 1> <II = 1> <Delay = 1.76> <Storage> <Opcode : 'load' 'store'> <Ports = 2> <Width = 8> <Depth = 8> <RAM>
ST_1 : Operation 11 [1/1] (0.00ns)   --->   "%HammingTable_hamming_1 = getelementptr [8 x i8]* %HammingTable_hammingDistances_finalStates, i64 0, i64 1" [viterbi_2_1_4/viterbi.cpp:376]   --->   Operation 11 'getelementptr' 'HammingTable_hamming_1' <Predicate = true> <Delay = 0.00>
ST_1 : Operation 12 [2/2] (1.76ns)   --->   "%HammingTable_hamming_2 = load i8* %HammingTable_hamming_1, align 1" [viterbi_2_1_4/viterbi.cpp:376]   --->   Operation 12 'load' 'HammingTable_hamming_2' <Predicate = true> <Delay = 1.76> <Core = "RAM">   --->   Core 37 'RAM' <Latency = 1> <II = 1> <Delay = 1.76> <Storage> <Opcode : 'load' 'store'> <Ports = 2> <Width = 8> <Depth = 8> <RAM>

State 2 <SV = 1> <Delay = 4.75>
ST_2 : Operation 13 [1/2] (1.76ns)   --->   "%lowestValue = load i8* %HammingTable_hamming, align 1" [viterbi_2_1_4/viterbi.cpp:372]   --->   Operation 13 'load' 'lowestValue' <Predicate = true> <Delay = 1.76> <Core = "RAM">   --->   Core 37 'RAM' <Latency = 1> <II = 1> <Delay = 1.76> <Storage> <Opcode : 'load' 'store'> <Ports = 2> <Width = 8> <Depth = 8> <RAM>
ST_2 : Operation 14 [1/2] (1.76ns)   --->   "%HammingTable_hamming_2 = load i8* %HammingTable_hamming_1, align 1" [viterbi_2_1_4/viterbi.cpp:376]   --->   Operation 14 'load' 'HammingTable_hamming_2' <Predicate = true> <Delay = 1.76> <Core = "RAM">   --->   Core 37 'RAM' <Latency = 1> <II = 1> <Delay = 1.76> <Storage> <Opcode : 'load' 'store'> <Ports = 2> <Width = 8> <Depth = 8> <RAM>
ST_2 : Operation 15 [1/1] (1.21ns)   --->   "%icmp_ln376 = icmp slt i8 %HammingTable_hamming_2, %lowestValue" [viterbi_2_1_4/viterbi.cpp:376]   --->   Operation 15 'icmp' 'icmp_ln376' <Predicate = true> <Delay = 1.21> <Core = "Cmp">   --->   Core 25 'Cmp' <Latency = 0> <II = 1> <Delay = 1.21> <FuncUnit> <Opcode : 'icmp'> <InPorts = 2> <OutPorts = 1>
ST_2 : Operation 16 [1/1] (0.00ns)   --->   "%zext_ln376 = zext i1 %icmp_ln376 to i64" [viterbi_2_1_4/viterbi.cpp:376]   --->   Operation 16 'zext' 'zext_ln376' <Predicate = true> <Delay = 0.00>
ST_2 : Operation 17 [1/1] (0.00ns)   --->   "%HammingTable_hamming_3 = getelementptr [8 x i8]* %HammingTable_hammingDistances_finalStates, i64 0, i64 %zext_ln376" [viterbi_2_1_4/viterbi.cpp:376]   --->   Operation 17 'getelementptr' 'HammingTable_hamming_3' <Predicate = true> <Delay = 0.00>
ST_2 : Operation 18 [2/2] (1.76ns)   --->   "%HammingTable_hamming_4 = load i8* %HammingTable_hamming_3, align 1" [viterbi_2_1_4/viterbi.cpp:376]   --->   Operation 18 'load' 'HammingTable_hamming_4' <Predicate = true> <Delay = 1.76> <Core = "RAM">   --->   Core 37 'RAM' <Latency = 1> <II = 1> <Delay = 1.76> <Storage> <Opcode : 'load' 'store'> <Ports = 2> <Width = 8> <Depth = 8> <RAM>
ST_2 : Operation 19 [1/1] (0.00ns)   --->   "%HammingTable_hamming_5 = getelementptr [8 x i8]* %HammingTable_hammingDistances_finalStates, i64 0, i64 2" [viterbi_2_1_4/viterbi.cpp:376]   --->   Operation 19 'getelementptr' 'HammingTable_hamming_5' <Predicate = true> <Delay = 0.00>
ST_2 : Operation 20 [2/2] (1.76ns)   --->   "%HammingTable_hamming_6 = load i8* %HammingTable_hamming_5, align 1" [viterbi_2_1_4/viterbi.cpp:376]   --->   Operation 20 'load' 'HammingTable_hamming_6' <Predicate = true> <Delay = 1.76> <Core = "RAM">   --->   Core 37 'RAM' <Latency = 1> <II = 1> <Delay = 1.76> <Storage> <Opcode : 'load' 'store'> <Ports = 2> <Width = 8> <Depth = 8> <RAM>

State 3 <SV = 2> <Delay = 5.56>
ST_3 : Operation 21 [1/1] (0.00ns)   --->   "%zext_ln376_1 = zext i1 %icmp_ln376 to i2" [viterbi_2_1_4/viterbi.cpp:376]   --->   Operation 21 'zext' 'zext_ln376_1' <Predicate = true> <Delay = 0.00>
ST_3 : Operation 22 [1/2] (1.76ns)   --->   "%HammingTable_hamming_4 = load i8* %HammingTable_hamming_3, align 1" [viterbi_2_1_4/viterbi.cpp:376]   --->   Operation 22 'load' 'HammingTable_hamming_4' <Predicate = true> <Delay = 1.76> <Core = "RAM">   --->   Core 37 'RAM' <Latency = 1> <II = 1> <Delay = 1.76> <Storage> <Opcode : 'load' 'store'> <Ports = 2> <Width = 8> <Depth = 8> <RAM>
ST_3 : Operation 23 [1/2] (1.76ns)   --->   "%HammingTable_hamming_6 = load i8* %HammingTable_hamming_5, align 1" [viterbi_2_1_4/viterbi.cpp:376]   --->   Operation 23 'load' 'HammingTable_hamming_6' <Predicate = true> <Delay = 1.76> <Core = "RAM">   --->   Core 37 'RAM' <Latency = 1> <II = 1> <Delay = 1.76> <Storage> <Opcode : 'load' 'store'> <Ports = 2> <Width = 8> <Depth = 8> <RAM>
ST_3 : Operation 24 [1/1] (1.21ns)   --->   "%icmp_ln376_1 = icmp slt i8 %HammingTable_hamming_6, %HammingTable_hamming_4" [viterbi_2_1_4/viterbi.cpp:376]   --->   Operation 24 'icmp' 'icmp_ln376_1' <Predicate = true> <Delay = 1.21> <Core = "Cmp">   --->   Core 25 'Cmp' <Latency = 0> <II = 1> <Delay = 1.21> <FuncUnit> <Opcode : 'icmp'> <InPorts = 2> <OutPorts = 1>
ST_3 : Operation 25 [1/1] (0.81ns)   --->   "%select_ln376 = select i1 %icmp_ln376_1, i2 -2, i2 %zext_ln376_1" [viterbi_2_1_4/viterbi.cpp:376]   --->   Operation 25 'select' 'select_ln376' <Predicate = true> <Delay = 0.81> <Core = "Sel">   --->   Core 26 'Sel' <Latency = 0> <II = 1> <Delay = 0.79> <FuncUnit> <Opcode : 'select'> <InPorts = 3> <OutPorts = 1>
ST_3 : Operation 26 [1/1] (0.00ns)   --->   "%zext_ln376_2 = zext i2 %select_ln376 to i64" [viterbi_2_1_4/viterbi.cpp:376]   --->   Operation 26 'zext' 'zext_ln376_2' <Predicate = true> <Delay = 0.00>
ST_3 : Operation 27 [1/1] (0.00ns)   --->   "%HammingTable_hamming_7 = getelementptr [8 x i8]* %HammingTable_hammingDistances_finalStates, i64 0, i64 %zext_ln376_2" [viterbi_2_1_4/viterbi.cpp:376]   --->   Operation 27 'getelementptr' 'HammingTable_hamming_7' <Predicate = true> <Delay = 0.00>
ST_3 : Operation 28 [2/2] (1.76ns)   --->   "%HammingTable_hamming_8 = load i8* %HammingTable_hamming_7, align 1" [viterbi_2_1_4/viterbi.cpp:376]   --->   Operation 28 'load' 'HammingTable_hamming_8' <Predicate = true> <Delay = 1.76> <Core = "RAM">   --->   Core 37 'RAM' <Latency = 1> <II = 1> <Delay = 1.76> <Storage> <Opcode : 'load' 'store'> <Ports = 2> <Width = 8> <Depth = 8> <RAM>
ST_3 : Operation 29 [1/1] (0.00ns)   --->   "%HammingTable_hamming_9 = getelementptr [8 x i8]* %HammingTable_hammingDistances_finalStates, i64 0, i64 3" [viterbi_2_1_4/viterbi.cpp:376]   --->   Operation 29 'getelementptr' 'HammingTable_hamming_9' <Predicate = true> <Delay = 0.00>
ST_3 : Operation 30 [2/2] (1.76ns)   --->   "%HammingTable_hamming_10 = load i8* %HammingTable_hamming_9, align 1" [viterbi_2_1_4/viterbi.cpp:376]   --->   Operation 30 'load' 'HammingTable_hamming_10' <Predicate = true> <Delay = 1.76> <Core = "RAM">   --->   Core 37 'RAM' <Latency = 1> <II = 1> <Delay = 1.76> <Storage> <Opcode : 'load' 'store'> <Ports = 2> <Width = 8> <Depth = 8> <RAM>

State 4 <SV = 3> <Delay = 5.56>
ST_4 : Operation 31 [1/2] (1.76ns)   --->   "%HammingTable_hamming_8 = load i8* %HammingTable_hamming_7, align 1" [viterbi_2_1_4/viterbi.cpp:376]   --->   Operation 31 'load' 'HammingTable_hamming_8' <Predicate = true> <Delay = 1.76> <Core = "RAM">   --->   Core 37 'RAM' <Latency = 1> <II = 1> <Delay = 1.76> <Storage> <Opcode : 'load' 'store'> <Ports = 2> <Width = 8> <Depth = 8> <RAM>
ST_4 : Operation 32 [1/2] (1.76ns)   --->   "%HammingTable_hamming_10 = load i8* %HammingTable_hamming_9, align 1" [viterbi_2_1_4/viterbi.cpp:376]   --->   Operation 32 'load' 'HammingTable_hamming_10' <Predicate = true> <Delay = 1.76> <Core = "RAM">   --->   Core 37 'RAM' <Latency = 1> <II = 1> <Delay = 1.76> <Storage> <Opcode : 'load' 'store'> <Ports = 2> <Width = 8> <Depth = 8> <RAM>
ST_4 : Operation 33 [1/1] (1.21ns)   --->   "%icmp_ln376_2 = icmp slt i8 %HammingTable_hamming_10, %HammingTable_hamming_8" [viterbi_2_1_4/viterbi.cpp:376]   --->   Operation 33 'icmp' 'icmp_ln376_2' <Predicate = true> <Delay = 1.21> <Core = "Cmp">   --->   Core 25 'Cmp' <Latency = 0> <II = 1> <Delay = 1.21> <FuncUnit> <Opcode : 'icmp'> <InPorts = 2> <OutPorts = 1>
ST_4 : Operation 34 [1/1] (0.81ns)   --->   "%select_ln376_1 = select i1 %icmp_ln376_2, i2 -1, i2 %select_ln376" [viterbi_2_1_4/viterbi.cpp:376]   --->   Operation 34 'select' 'select_ln376_1' <Predicate = true> <Delay = 0.81> <Core = "Sel">   --->   Core 26 'Sel' <Latency = 0> <II = 1> <Delay = 0.79> <FuncUnit> <Opcode : 'select'> <InPorts = 3> <OutPorts = 1>
ST_4 : Operation 35 [1/1] (0.00ns)   --->   "%zext_ln376_4 = zext i2 %select_ln376_1 to i64" [viterbi_2_1_4/viterbi.cpp:376]   --->   Operation 35 'zext' 'zext_ln376_4' <Predicate = true> <Delay = 0.00>
ST_4 : Operation 36 [1/1] (0.00ns)   --->   "%HammingTable_hamming_11 = getelementptr [8 x i8]* %HammingTable_hammingDistances_finalStates, i64 0, i64 %zext_ln376_4" [viterbi_2_1_4/viterbi.cpp:376]   --->   Operation 36 'getelementptr' 'HammingTable_hamming_11' <Predicate = true> <Delay = 0.00>
ST_4 : Operation 37 [2/2] (1.76ns)   --->   "%HammingTable_hamming_12 = load i8* %HammingTable_hamming_11, align 1" [viterbi_2_1_4/viterbi.cpp:376]   --->   Operation 37 'load' 'HammingTable_hamming_12' <Predicate = true> <Delay = 1.76> <Core = "RAM">   --->   Core 37 'RAM' <Latency = 1> <II = 1> <Delay = 1.76> <Storage> <Opcode : 'load' 'store'> <Ports = 2> <Width = 8> <Depth = 8> <RAM>
ST_4 : Operation 38 [1/1] (0.00ns) (grouped into LUT with out node select_ln376_3)   --->   "%select_ln376_2 = select i1 %icmp_ln376_2, i2 -1, i2 -2" [viterbi_2_1_4/viterbi.cpp:376]   --->   Operation 38 'select' 'select_ln376_2' <Predicate = true> <Delay = 0.00> <Core = "Sel">   --->   Core 26 'Sel' <Latency = 0> <II = 1> <Delay = 0.79> <FuncUnit> <Opcode : 'select'> <InPorts = 3> <OutPorts = 1>
ST_4 : Operation 39 [1/1] (0.00ns) (grouped into LUT with out node select_ln376_3)   --->   "%or_ln376 = or i1 %icmp_ln376_2, %icmp_ln376_1" [viterbi_2_1_4/viterbi.cpp:376]   --->   Operation 39 'or' 'or_ln376' <Predicate = true> <Delay = 0.00> <Core = "LogicGate">   --->   Core 27 'LogicGate' <Latency = 0> <II = 1> <Delay = 0.80> <FuncUnit> <Opcode : 'and' 'or' 'xor'> <InPorts = 2> <OutPorts = 1>
ST_4 : Operation 40 [1/1] (0.81ns) (out node of the LUT)   --->   "%select_ln376_3 = select i1 %or_ln376, i2 %select_ln376_2, i2 %zext_ln376_1" [viterbi_2_1_4/viterbi.cpp:376]   --->   Operation 40 'select' 'select_ln376_3' <Predicate = true> <Delay = 0.81> <Core = "Sel">   --->   Core 26 'Sel' <Latency = 0> <II = 1> <Delay = 0.79> <FuncUnit> <Opcode : 'select'> <InPorts = 3> <OutPorts = 1>
ST_4 : Operation 41 [1/1] (0.00ns)   --->   "%HammingTable_hamming_13 = getelementptr [8 x i8]* %HammingTable_hammingDistances_finalStates, i64 0, i64 4" [viterbi_2_1_4/viterbi.cpp:376]   --->   Operation 41 'getelementptr' 'HammingTable_hamming_13' <Predicate = true> <Delay = 0.00>
ST_4 : Operation 42 [2/2] (1.76ns)   --->   "%HammingTable_hamming_14 = load i8* %HammingTable_hamming_13, align 1" [viterbi_2_1_4/viterbi.cpp:376]   --->   Operation 42 'load' 'HammingTable_hamming_14' <Predicate = true> <Delay = 1.76> <Core = "RAM">   --->   Core 37 'RAM' <Latency = 1> <II = 1> <Delay = 1.76> <Storage> <Opcode : 'load' 'store'> <Ports = 2> <Width = 8> <Depth = 8> <RAM>

State 5 <SV = 4> <Delay = 5.54>
ST_5 : Operation 43 [1/1] (0.00ns)   --->   "%zext_ln376_3 = zext i2 %select_ln376_1 to i3" [viterbi_2_1_4/viterbi.cpp:376]   --->   Operation 43 'zext' 'zext_ln376_3' <Predicate = true> <Delay = 0.00>
ST_5 : Operation 44 [1/2] (1.76ns)   --->   "%HammingTable_hamming_12 = load i8* %HammingTable_hamming_11, align 1" [viterbi_2_1_4/viterbi.cpp:376]   --->   Operation 44 'load' 'HammingTable_hamming_12' <Predicate = true> <Delay = 1.76> <Core = "RAM">   --->   Core 37 'RAM' <Latency = 1> <II = 1> <Delay = 1.76> <Storage> <Opcode : 'load' 'store'> <Ports = 2> <Width = 8> <Depth = 8> <RAM>
ST_5 : Operation 45 [1/2] (1.76ns)   --->   "%HammingTable_hamming_14 = load i8* %HammingTable_hamming_13, align 1" [viterbi_2_1_4/viterbi.cpp:376]   --->   Operation 45 'load' 'HammingTable_hamming_14' <Predicate = true> <Delay = 1.76> <Core = "RAM">   --->   Core 37 'RAM' <Latency = 1> <II = 1> <Delay = 1.76> <Storage> <Opcode : 'load' 'store'> <Ports = 2> <Width = 8> <Depth = 8> <RAM>
ST_5 : Operation 46 [1/1] (1.21ns)   --->   "%icmp_ln376_3 = icmp slt i8 %HammingTable_hamming_14, %HammingTable_hamming_12" [viterbi_2_1_4/viterbi.cpp:376]   --->   Operation 46 'icmp' 'icmp_ln376_3' <Predicate = true> <Delay = 1.21> <Core = "Cmp">   --->   Core 25 'Cmp' <Latency = 0> <II = 1> <Delay = 1.21> <FuncUnit> <Opcode : 'icmp'> <InPorts = 2> <OutPorts = 1>
ST_5 : Operation 47 [1/1] (0.79ns)   --->   "%select_ln376_4 = select i1 %icmp_ln376_3, i3 -4, i3 %zext_ln376_3" [viterbi_2_1_4/viterbi.cpp:376]   --->   Operation 47 'select' 'select_ln376_4' <Predicate = true> <Delay = 0.79> <Core = "Sel">   --->   Core 26 'Sel' <Latency = 0> <II = 1> <Delay = 0.79> <FuncUnit> <Opcode : 'select'> <InPorts = 3> <OutPorts = 1>
ST_5 : Operation 48 [1/1] (0.00ns)   --->   "%zext_ln376_6 = zext i3 %select_ln376_4 to i64" [viterbi_2_1_4/viterbi.cpp:376]   --->   Operation 48 'zext' 'zext_ln376_6' <Predicate = true> <Delay = 0.00>
ST_5 : Operation 49 [1/1] (0.00ns)   --->   "%HammingTable_hamming_15 = getelementptr [8 x i8]* %HammingTable_hammingDistances_finalStates, i64 0, i64 %zext_ln376_6" [viterbi_2_1_4/viterbi.cpp:376]   --->   Operation 49 'getelementptr' 'HammingTable_hamming_15' <Predicate = true> <Delay = 0.00>
ST_5 : Operation 50 [2/2] (1.76ns)   --->   "%HammingTable_hamming_16 = load i8* %HammingTable_hamming_15, align 1" [viterbi_2_1_4/viterbi.cpp:376]   --->   Operation 50 'load' 'HammingTable_hamming_16' <Predicate = true> <Delay = 1.76> <Core = "RAM">   --->   Core 37 'RAM' <Latency = 1> <II = 1> <Delay = 1.76> <Storage> <Opcode : 'load' 'store'> <Ports = 2> <Width = 8> <Depth = 8> <RAM>
ST_5 : Operation 51 [1/1] (0.00ns)   --->   "%HammingTable_hamming_17 = getelementptr [8 x i8]* %HammingTable_hammingDistances_finalStates, i64 0, i64 5" [viterbi_2_1_4/viterbi.cpp:376]   --->   Operation 51 'getelementptr' 'HammingTable_hamming_17' <Predicate = true> <Delay = 0.00>
ST_5 : Operation 52 [2/2] (1.76ns)   --->   "%HammingTable_hamming_18 = load i8* %HammingTable_hamming_17, align 1" [viterbi_2_1_4/viterbi.cpp:376]   --->   Operation 52 'load' 'HammingTable_hamming_18' <Predicate = true> <Delay = 1.76> <Core = "RAM">   --->   Core 37 'RAM' <Latency = 1> <II = 1> <Delay = 1.76> <Storage> <Opcode : 'load' 'store'> <Ports = 2> <Width = 8> <Depth = 8> <RAM>

State 6 <SV = 5> <Delay = 5.54>
ST_6 : Operation 53 [1/1] (0.00ns) (grouped into LUT with out node select_ln376_7)   --->   "%zext_ln376_5 = zext i2 %select_ln376_3 to i3" [viterbi_2_1_4/viterbi.cpp:376]   --->   Operation 53 'zext' 'zext_ln376_5' <Predicate = true> <Delay = 0.00>
ST_6 : Operation 54 [1/2] (1.76ns)   --->   "%HammingTable_hamming_16 = load i8* %HammingTable_hamming_15, align 1" [viterbi_2_1_4/viterbi.cpp:376]   --->   Operation 54 'load' 'HammingTable_hamming_16' <Predicate = true> <Delay = 1.76> <Core = "RAM">   --->   Core 37 'RAM' <Latency = 1> <II = 1> <Delay = 1.76> <Storage> <Opcode : 'load' 'store'> <Ports = 2> <Width = 8> <Depth = 8> <RAM>
ST_6 : Operation 55 [1/2] (1.76ns)   --->   "%HammingTable_hamming_18 = load i8* %HammingTable_hamming_17, align 1" [viterbi_2_1_4/viterbi.cpp:376]   --->   Operation 55 'load' 'HammingTable_hamming_18' <Predicate = true> <Delay = 1.76> <Core = "RAM">   --->   Core 37 'RAM' <Latency = 1> <II = 1> <Delay = 1.76> <Storage> <Opcode : 'load' 'store'> <Ports = 2> <Width = 8> <Depth = 8> <RAM>
ST_6 : Operation 56 [1/1] (1.21ns)   --->   "%icmp_ln376_4 = icmp slt i8 %HammingTable_hamming_18, %HammingTable_hamming_16" [viterbi_2_1_4/viterbi.cpp:376]   --->   Operation 56 'icmp' 'icmp_ln376_4' <Predicate = true> <Delay = 1.21> <Core = "Cmp">   --->   Core 25 'Cmp' <Latency = 0> <II = 1> <Delay = 1.21> <FuncUnit> <Opcode : 'icmp'> <InPorts = 2> <OutPorts = 1>
ST_6 : Operation 57 [1/1] (0.79ns)   --->   "%select_ln376_5 = select i1 %icmp_ln376_4, i3 -3, i3 %select_ln376_4" [viterbi_2_1_4/viterbi.cpp:376]   --->   Operation 57 'select' 'select_ln376_5' <Predicate = true> <Delay = 0.79> <Core = "Sel">   --->   Core 26 'Sel' <Latency = 0> <II = 1> <Delay = 0.79> <FuncUnit> <Opcode : 'select'> <InPorts = 3> <OutPorts = 1>
ST_6 : Operation 58 [1/1] (0.00ns)   --->   "%zext_ln376_7 = zext i3 %select_ln376_5 to i64" [viterbi_2_1_4/viterbi.cpp:376]   --->   Operation 58 'zext' 'zext_ln376_7' <Predicate = true> <Delay = 0.00>
ST_6 : Operation 59 [1/1] (0.00ns)   --->   "%HammingTable_hamming_19 = getelementptr [8 x i8]* %HammingTable_hammingDistances_finalStates, i64 0, i64 %zext_ln376_7" [viterbi_2_1_4/viterbi.cpp:376]   --->   Operation 59 'getelementptr' 'HammingTable_hamming_19' <Predicate = true> <Delay = 0.00>
ST_6 : Operation 60 [2/2] (1.76ns)   --->   "%HammingTable_hamming_20 = load i8* %HammingTable_hamming_19, align 1" [viterbi_2_1_4/viterbi.cpp:376]   --->   Operation 60 'load' 'HammingTable_hamming_20' <Predicate = true> <Delay = 1.76> <Core = "RAM">   --->   Core 37 'RAM' <Latency = 1> <II = 1> <Delay = 1.76> <Storage> <Opcode : 'load' 'store'> <Ports = 2> <Width = 8> <Depth = 8> <RAM>
ST_6 : Operation 61 [1/1] (0.00ns) (grouped into LUT with out node select_ln376_7)   --->   "%select_ln376_6 = select i1 %icmp_ln376_4, i3 -3, i3 -4" [viterbi_2_1_4/viterbi.cpp:376]   --->   Operation 61 'select' 'select_ln376_6' <Predicate = true> <Delay = 0.00> <Core = "Sel">   --->   Core 26 'Sel' <Latency = 0> <II = 1> <Delay = 0.79> <FuncUnit> <Opcode : 'select'> <InPorts = 3> <OutPorts = 1>
ST_6 : Operation 62 [1/1] (0.00ns) (grouped into LUT with out node select_ln376_7)   --->   "%or_ln376_1 = or i1 %icmp_ln376_4, %icmp_ln376_3" [viterbi_2_1_4/viterbi.cpp:376]   --->   Operation 62 'or' 'or_ln376_1' <Predicate = true> <Delay = 0.00> <Core = "LogicGate">   --->   Core 27 'LogicGate' <Latency = 0> <II = 1> <Delay = 0.80> <FuncUnit> <Opcode : 'and' 'or' 'xor'> <InPorts = 2> <OutPorts = 1>
ST_6 : Operation 63 [1/1] (0.80ns) (out node of the LUT)   --->   "%select_ln376_7 = select i1 %or_ln376_1, i3 %select_ln376_6, i3 %zext_ln376_5" [viterbi_2_1_4/viterbi.cpp:376]   --->   Operation 63 'select' 'select_ln376_7' <Predicate = true> <Delay = 0.80> <Core = "Sel">   --->   Core 26 'Sel' <Latency = 0> <II = 1> <Delay = 0.79> <FuncUnit> <Opcode : 'select'> <InPorts = 3> <OutPorts = 1>
ST_6 : Operation 64 [1/1] (0.00ns)   --->   "%HammingTable_hamming_21 = getelementptr [8 x i8]* %HammingTable_hammingDistances_finalStates, i64 0, i64 6" [viterbi_2_1_4/viterbi.cpp:376]   --->   Operation 64 'getelementptr' 'HammingTable_hamming_21' <Predicate = true> <Delay = 0.00>
ST_6 : Operation 65 [2/2] (1.76ns)   --->   "%HammingTable_hamming_22 = load i8* %HammingTable_hamming_21, align 1" [viterbi_2_1_4/viterbi.cpp:376]   --->   Operation 65 'load' 'HammingTable_hamming_22' <Predicate = true> <Delay = 1.76> <Core = "RAM">   --->   Core 37 'RAM' <Latency = 1> <II = 1> <Delay = 1.76> <Storage> <Opcode : 'load' 'store'> <Ports = 2> <Width = 8> <Depth = 8> <RAM>

State 7 <SV = 6> <Delay = 5.54>
ST_7 : Operation 66 [1/2] (1.76ns)   --->   "%HammingTable_hamming_20 = load i8* %HammingTable_hamming_19, align 1" [viterbi_2_1_4/viterbi.cpp:376]   --->   Operation 66 'load' 'HammingTable_hamming_20' <Predicate = true> <Delay = 1.76> <Core = "RAM">   --->   Core 37 'RAM' <Latency = 1> <II = 1> <Delay = 1.76> <Storage> <Opcode : 'load' 'store'> <Ports = 2> <Width = 8> <Depth = 8> <RAM>
ST_7 : Operation 67 [1/2] (1.76ns)   --->   "%HammingTable_hamming_22 = load i8* %HammingTable_hamming_21, align 1" [viterbi_2_1_4/viterbi.cpp:376]   --->   Operation 67 'load' 'HammingTable_hamming_22' <Predicate = true> <Delay = 1.76> <Core = "RAM">   --->   Core 37 'RAM' <Latency = 1> <II = 1> <Delay = 1.76> <Storage> <Opcode : 'load' 'store'> <Ports = 2> <Width = 8> <Depth = 8> <RAM>
ST_7 : Operation 68 [1/1] (1.21ns)   --->   "%icmp_ln376_5 = icmp slt i8 %HammingTable_hamming_22, %HammingTable_hamming_20" [viterbi_2_1_4/viterbi.cpp:376]   --->   Operation 68 'icmp' 'icmp_ln376_5' <Predicate = true> <Delay = 1.21> <Core = "Cmp">   --->   Core 25 'Cmp' <Latency = 0> <II = 1> <Delay = 1.21> <FuncUnit> <Opcode : 'icmp'> <InPorts = 2> <OutPorts = 1>
ST_7 : Operation 69 [1/1] (0.79ns)   --->   "%select_ln376_8 = select i1 %icmp_ln376_5, i3 -2, i3 %select_ln376_5" [viterbi_2_1_4/viterbi.cpp:376]   --->   Operation 69 'select' 'select_ln376_8' <Predicate = true> <Delay = 0.79> <Core = "Sel">   --->   Core 26 'Sel' <Latency = 0> <II = 1> <Delay = 0.79> <FuncUnit> <Opcode : 'select'> <InPorts = 3> <OutPorts = 1>
ST_7 : Operation 70 [1/1] (0.00ns)   --->   "%zext_ln376_8 = zext i3 %select_ln376_8 to i64" [viterbi_2_1_4/viterbi.cpp:376]   --->   Operation 70 'zext' 'zext_ln376_8' <Predicate = true> <Delay = 0.00>
ST_7 : Operation 71 [1/1] (0.00ns)   --->   "%HammingTable_hamming_23 = getelementptr [8 x i8]* %HammingTable_hammingDistances_finalStates, i64 0, i64 %zext_ln376_8" [viterbi_2_1_4/viterbi.cpp:376]   --->   Operation 71 'getelementptr' 'HammingTable_hamming_23' <Predicate = true> <Delay = 0.00>
ST_7 : Operation 72 [2/2] (1.76ns)   --->   "%HammingTable_hamming_24 = load i8* %HammingTable_hamming_23, align 1" [viterbi_2_1_4/viterbi.cpp:376]   --->   Operation 72 'load' 'HammingTable_hamming_24' <Predicate = true> <Delay = 1.76> <Core = "RAM">   --->   Core 37 'RAM' <Latency = 1> <II = 1> <Delay = 1.76> <Storage> <Opcode : 'load' 'store'> <Ports = 2> <Width = 8> <Depth = 8> <RAM>
ST_7 : Operation 73 [1/1] (0.00ns)   --->   "%HammingTable_hamming_25 = getelementptr [8 x i8]* %HammingTable_hammingDistances_finalStates, i64 0, i64 7" [viterbi_2_1_4/viterbi.cpp:376]   --->   Operation 73 'getelementptr' 'HammingTable_hamming_25' <Predicate = true> <Delay = 0.00>
ST_7 : Operation 74 [2/2] (1.76ns)   --->   "%HammingTable_hamming_26 = load i8* %HammingTable_hamming_25, align 1" [viterbi_2_1_4/viterbi.cpp:376]   --->   Operation 74 'load' 'HammingTable_hamming_26' <Predicate = true> <Delay = 1.76> <Core = "RAM">   --->   Core 37 'RAM' <Latency = 1> <II = 1> <Delay = 1.76> <Storage> <Opcode : 'load' 'store'> <Ports = 2> <Width = 8> <Depth = 8> <RAM>

State 8 <SV = 7> <Delay = 3.79>
ST_8 : Operation 75 [1/1] (0.00ns)   --->   "call void (...)* @_ssdm_op_SpecFUCore([8 x i8]* %HammingTable_hammingDistances_finalStates, [1 x i8]* @p_str, [7 x i8]* @p_str2, [1 x i8]* @p_str, i32 1, [1 x i8]* @p_str, [1 x i8]* @p_str, [1 x i8]* @p_str, [1 x i8]* @p_str, [1 x i8]* @p_str)"   --->   Operation 75 'specfucore' <Predicate = true> <Delay = 0.00>
ST_8 : Operation 76 [1/1] (0.00ns)   --->   "call void (...)* @_ssdm_op_SpecPipeline(i32 -1, i32 1, i32 1, i32 0, [1 x i8]* @p_str) nounwind" [viterbi_2_1_4/viterbi.cpp:369]   --->   Operation 76 'specpipeline' <Predicate = true> <Delay = 0.00>
ST_8 : Operation 77 [1/2] (1.76ns)   --->   "%HammingTable_hamming_24 = load i8* %HammingTable_hamming_23, align 1" [viterbi_2_1_4/viterbi.cpp:376]   --->   Operation 77 'load' 'HammingTable_hamming_24' <Predicate = true> <Delay = 1.76> <Core = "RAM">   --->   Core 37 'RAM' <Latency = 1> <II = 1> <Delay = 1.76> <Storage> <Opcode : 'load' 'store'> <Ports = 2> <Width = 8> <Depth = 8> <RAM>
ST_8 : Operation 78 [1/2] (1.76ns)   --->   "%HammingTable_hamming_26 = load i8* %HammingTable_hamming_25, align 1" [viterbi_2_1_4/viterbi.cpp:376]   --->   Operation 78 'load' 'HammingTable_hamming_26' <Predicate = true> <Delay = 1.76> <Core = "RAM">   --->   Core 37 'RAM' <Latency = 1> <II = 1> <Delay = 1.76> <Storage> <Opcode : 'load' 'store'> <Ports = 2> <Width = 8> <Depth = 8> <RAM>
ST_8 : Operation 79 [1/1] (1.21ns)   --->   "%icmp_ln376_6 = icmp slt i8 %HammingTable_hamming_26, %HammingTable_hamming_24" [viterbi_2_1_4/viterbi.cpp:376]   --->   Operation 79 'icmp' 'icmp_ln376_6' <Predicate = true> <Delay = 1.21> <Core = "Cmp">   --->   Core 25 'Cmp' <Latency = 0> <II = 1> <Delay = 1.21> <FuncUnit> <Opcode : 'icmp'> <InPorts = 2> <OutPorts = 1>
ST_8 : Operation 80 [1/1] (0.00ns) (grouped into LUT with out node select_ln376_10)   --->   "%select_ln376_9 = select i1 %icmp_ln376_6, i3 -1, i3 -2" [viterbi_2_1_4/viterbi.cpp:376]   --->   Operation 80 'select' 'select_ln376_9' <Predicate = true> <Delay = 0.00> <Core = "Sel">   --->   Core 26 'Sel' <Latency = 0> <II = 1> <Delay = 0.79> <FuncUnit> <Opcode : 'select'> <InPorts = 3> <OutPorts = 1>
ST_8 : Operation 81 [1/1] (0.00ns) (grouped into LUT with out node select_ln376_10)   --->   "%or_ln376_2 = or i1 %icmp_ln376_6, %icmp_ln376_5" [viterbi_2_1_4/viterbi.cpp:376]   --->   Operation 81 'or' 'or_ln376_2' <Predicate = true> <Delay = 0.00> <Core = "LogicGate">   --->   Core 27 'LogicGate' <Latency = 0> <II = 1> <Delay = 0.80> <FuncUnit> <Opcode : 'and' 'or' 'xor'> <InPorts = 2> <OutPorts = 1>
ST_8 : Operation 82 [1/1] (0.81ns) (out node of the LUT)   --->   "%select_ln376_10 = select i1 %or_ln376_2, i3 %select_ln376_9, i3 %select_ln376_7" [viterbi_2_1_4/viterbi.cpp:376]   --->   Operation 82 'select' 'select_ln376_10' <Predicate = true> <Delay = 0.81> <Core = "Sel">   --->   Core 26 'Sel' <Latency = 0> <II = 1> <Delay = 0.79> <FuncUnit> <Opcode : 'select'> <InPorts = 3> <OutPorts = 1>
ST_8 : Operation 83 [1/1] (0.00ns)   --->   "ret i3 %select_ln376_10" [viterbi_2_1_4/viterbi.cpp:386]   --->   Operation 83 'ret' <Predicate = true> <Delay = 0.00>


============================================================
+ Verbose Summary: Binding
============================================================
STG Binding: 
---------------- STG Properties BEGIN ----------------
- Is combinational: 0
- Is one-state seq: 0
- Is datapath-only: 0
- Is pipelined: 1
- Is top level: 0
Port [ Return ] is wired: 1; IO mode=ap_ctrl_hs:ce=0
Port [ HammingTable_hammingDistances_finalStates]:  wired=1; compound=1; hidden=0; nouse=0; global=0; static=0; extern=0; dir=0; type=1; pingpong=0; private_global=0; MemPort=[11]; IO mode=ap_memory:ce=0
---------------- STG Properties END ------------------

---------------- Datapath Model BEGIN ----------------

<LifeTime>
<method=bitvector/>
HammingTable_hamming    (getelementptr) [ 001000000]
HammingTable_hamming_1  (getelementptr) [ 001000000]
lowestValue             (load         ) [ 000000000]
HammingTable_hamming_2  (load         ) [ 000000000]
icmp_ln376              (icmp         ) [ 000100000]
zext_ln376              (zext         ) [ 000000000]
HammingTable_hamming_3  (getelementptr) [ 000100000]
HammingTable_hamming_5  (getelementptr) [ 000100000]
zext_ln376_1            (zext         ) [ 000010000]
HammingTable_hamming_4  (load         ) [ 000000000]
HammingTable_hamming_6  (load         ) [ 000000000]
icmp_ln376_1            (icmp         ) [ 000010000]
select_ln376            (select       ) [ 000010000]
zext_ln376_2            (zext         ) [ 000000000]
HammingTable_hamming_7  (getelementptr) [ 000010000]
HammingTable_hamming_9  (getelementptr) [ 000010000]
HammingTable_hamming_8  (load         ) [ 000000000]
HammingTable_hamming_10 (load         ) [ 000000000]
icmp_ln376_2            (icmp         ) [ 000000000]
select_ln376_1          (select       ) [ 000001000]
zext_ln376_4            (zext         ) [ 000000000]
HammingTable_hamming_11 (getelementptr) [ 000001000]
select_ln376_2          (select       ) [ 000000000]
or_ln376                (or           ) [ 000000000]
select_ln376_3          (select       ) [ 000001100]
HammingTable_hamming_13 (getelementptr) [ 000001000]
zext_ln376_3            (zext         ) [ 000000000]
HammingTable_hamming_12 (load         ) [ 000000000]
HammingTable_hamming_14 (load         ) [ 000000000]
icmp_ln376_3            (icmp         ) [ 000000100]
select_ln376_4          (select       ) [ 000000100]
zext_ln376_6            (zext         ) [ 000000000]
HammingTable_hamming_15 (getelementptr) [ 000000100]
HammingTable_hamming_17 (getelementptr) [ 000000100]
zext_ln376_5            (zext         ) [ 000000000]
HammingTable_hamming_16 (load         ) [ 000000000]
HammingTable_hamming_18 (load         ) [ 000000000]
icmp_ln376_4            (icmp         ) [ 000000000]
select_ln376_5          (select       ) [ 000000010]
zext_ln376_7            (zext         ) [ 000000000]
HammingTable_hamming_19 (getelementptr) [ 000000010]
select_ln376_6          (select       ) [ 000000000]
or_ln376_1              (or           ) [ 000000000]
select_ln376_7          (select       ) [ 010000011]
HammingTable_hamming_21 (getelementptr) [ 000000010]
HammingTable_hamming_20 (load         ) [ 000000000]
HammingTable_hamming_22 (load         ) [ 000000000]
icmp_ln376_5            (icmp         ) [ 010000001]
select_ln376_8          (select       ) [ 000000000]
zext_ln376_8            (zext         ) [ 000000000]
HammingTable_hamming_23 (getelementptr) [ 010000001]
HammingTable_hamming_25 (getelementptr) [ 010000001]
specfucore_ln0          (specfucore   ) [ 000000000]
specpipeline_ln369      (specpipeline ) [ 000000000]
HammingTable_hamming_24 (load         ) [ 000000000]
HammingTable_hamming_26 (load         ) [ 000000000]
icmp_ln376_6            (icmp         ) [ 000000000]
select_ln376_9          (select       ) [ 000000000]
or_ln376_2              (or           ) [ 000000000]
select_ln376_10         (select       ) [ 000000000]
ret_ln386               (ret          ) [ 000000000]
</LifeTime>

<model>

<comp_list>
<comp id="0" class="1000" name="HammingTable_hammingDistances_finalStates">
<pin_list>
<pin id="1" dir="1" index="0" bw="1" slack="0"/>
</pin_list>
<bind>
<StgValue><ssdm name="HammingTable_hammingDistances_finalStates"/><MemPortTyVec>1 1 </MemPortTyVec>
</StgValue>
</bind>
</comp>

<comp id="2" class="1001" name="const_2">
<pin_list>
<pin id="3" dir="1" index="0" bw="1" slack="0"/>
</pin_list>
<bind>
<StgValue><ssdm name=""/></StgValue>
</bind>
</comp>

<comp id="4" class="1001" name="const_4">
<pin_list>
<pin id="5" dir="1" index="0" bw="1" slack="0"/>
</pin_list>
<bind>
<StgValue><ssdm name=""/></StgValue>
</bind>
</comp>

<comp id="6" class="1001" name="const_6">
<pin_list>
<pin id="7" dir="1" index="0" bw="1" slack="0"/>
</pin_list>
<bind>
<StgValue><ssdm name=""/></StgValue>
</bind>
</comp>

<comp id="8" class="1001" name="const_8">
<pin_list>
<pin id="9" dir="1" index="0" bw="1" slack="0"/>
</pin_list>
<bind>
<StgValue><ssdm name=""/></StgValue>
</bind>
</comp>

<comp id="10" class="1001" name="const_10">
<pin_list>
<pin id="11" dir="1" index="0" bw="1" slack="0"/>
</pin_list>
<bind>
<StgValue><ssdm name=""/></StgValue>
</bind>
</comp>

<comp id="12" class="1001" name="const_12">
<pin_list>
<pin id="13" dir="1" index="0" bw="1" slack="0"/>
</pin_list>
<bind>
<StgValue><ssdm name=""/></StgValue>
</bind>
</comp>

<comp id="14" class="1001" name="const_14">
<pin_list>
<pin id="15" dir="1" index="0" bw="1" slack="0"/>
</pin_list>
<bind>
<StgValue><ssdm name=""/></StgValue>
</bind>
</comp>

<comp id="16" class="1001" name="const_16">
<pin_list>
<pin id="17" dir="1" index="0" bw="1" slack="0"/>
</pin_list>
<bind>
<StgValue><ssdm name=""/></StgValue>
</bind>
</comp>

<comp id="18" class="1001" name="const_18">
<pin_list>
<pin id="19" dir="1" index="0" bw="1" slack="0"/>
</pin_list>
<bind>
<StgValue><ssdm name=""/></StgValue>
</bind>
</comp>

<comp id="20" class="1001" name="const_20">
<pin_list>
<pin id="21" dir="1" index="0" bw="1" slack="0"/>
</pin_list>
<bind>
<StgValue><ssdm name=""/></StgValue>
</bind>
</comp>

<comp id="22" class="1001" name="const_22">
<pin_list>
<pin id="23" dir="1" index="0" bw="1" slack="0"/>
</pin_list>
<bind>
<StgValue><ssdm name=""/></StgValue>
</bind>
</comp>

<comp id="24" class="1001" name="const_24">
<pin_list>
<pin id="25" dir="1" index="0" bw="1" slack="0"/>
</pin_list>
<bind>
<StgValue><ssdm name=""/></StgValue>
</bind>
</comp>

<comp id="26" class="1001" name="const_26">
<pin_list>
<pin id="27" dir="1" index="0" bw="1" slack="0"/>
</pin_list>
<bind>
<StgValue><ssdm name=""/></StgValue>
</bind>
</comp>

<comp id="28" class="1001" name="const_28">
<pin_list>
<pin id="29" dir="1" index="0" bw="1" slack="2147483647"/>
</pin_list>
<bind>
<StgValue><ssdm name="_ssdm_op_SpecFUCore"/></StgValue>
</bind>
</comp>

<comp id="30" class="1001" name="const_30">
<pin_list>
<pin id="31" dir="1" index="0" bw="1" slack="2147483647"/>
</pin_list>
<bind>
<StgValue><ssdm name="p_str"/></StgValue>
</bind>
</comp>

<comp id="32" class="1001" name="const_32">
<pin_list>
<pin id="33" dir="1" index="0" bw="1" slack="2147483647"/>
</pin_list>
<bind>
<StgValue><ssdm name="p_str2"/></StgValue>
</bind>
</comp>

<comp id="34" class="1001" name="const_34">
<pin_list>
<pin id="35" dir="1" index="0" bw="1" slack="2147483647"/>
</pin_list>
<bind>
<StgValue><ssdm name=""/></StgValue>
</bind>
</comp>

<comp id="36" class="1001" name="const_36">
<pin_list>
<pin id="37" dir="1" index="0" bw="1" slack="2147483647"/>
</pin_list>
<bind>
<StgValue><ssdm name="_ssdm_op_SpecPipeline"/></StgValue>
</bind>
</comp>

<comp id="38" class="1001" name="const_38">
<pin_list>
<pin id="39" dir="1" index="0" bw="1" slack="2147483647"/>
</pin_list>
<bind>
<StgValue><ssdm name=""/></StgValue>
</bind>
</comp>

<comp id="40" class="1001" name="const_40">
<pin_list>
<pin id="41" dir="1" index="0" bw="1" slack="2147483647"/>
</pin_list>
<bind>
<StgValue><ssdm name=""/></StgValue>
</bind>
</comp>

<comp id="42" class="1001" name="const_42">
<pin_list>
<pin id="43" dir="1" index="0" bw="1" slack="0"/>
</pin_list>
<bind>
<StgValue><ssdm name=""/></StgValue>
</bind>
</comp>

<comp id="44" class="1004" name="HammingTable_hamming_gep_fu_44">
<pin_list>
<pin id="45" dir="0" index="0" bw="8" slack="0"/>
<pin id="46" dir="0" index="1" bw="1" slack="0"/>
<pin id="47" dir="0" index="2" bw="1" slack="0"/>
<pin id="48" dir="1" index="3" bw="3" slack="0"/>
</pin_list>
<bind>
<opcode="getelementptr(29) " fcode="getelementptr"/>
<opset="HammingTable_hamming/1 "/>
</bind>
</comp>

<comp id="52" class="1004" name="grp_access_fu_52">
<pin_list>
<pin id="53" dir="0" index="0" bw="3" slack="0"/>
<pin id="54" dir="0" index="1" bw="8" slack="2147483647"/>
<pin id="55" dir="0" index="2" bw="0" slack="0"/>
<pin id="66" dir="0" index="4" bw="3" slack="2147483647"/>
<pin id="67" dir="0" index="5" bw="8" slack="2147483647"/>
<pin id="68" dir="0" index="6" bw="0" slack="2147483647"/>
<pin id="56" dir="1" index="3" bw="8" slack="0"/>
<pin id="69" dir="1" index="7" bw="8" slack="0"/>
</pin_list>
<bind>
<opcode="load(27) " fcode="load"/>
<opset="lowestValue/1 HammingTable_hamming_2/1 HammingTable_hamming_4/2 HammingTable_hamming_6/2 HammingTable_hamming_8/3 HammingTable_hamming_10/3 HammingTable_hamming_12/4 HammingTable_hamming_14/4 HammingTable_hamming_16/5 HammingTable_hamming_18/5 HammingTable_hamming_20/6 HammingTable_hamming_22/6 HammingTable_hamming_24/7 HammingTable_hamming_26/7 "/>
</bind>
</comp>

<comp id="58" class="1004" name="HammingTable_hamming_1_gep_fu_58">
<pin_list>
<pin id="59" dir="0" index="0" bw="8" slack="0"/>
<pin id="60" dir="0" index="1" bw="1" slack="0"/>
<pin id="61" dir="0" index="2" bw="1" slack="0"/>
<pin id="62" dir="1" index="3" bw="3" slack="0"/>
</pin_list>
<bind>
<opcode="getelementptr(29) " fcode="getelementptr"/>
<opset="HammingTable_hamming_1/1 "/>
</bind>
</comp>

<comp id="71" class="1004" name="HammingTable_hamming_3_gep_fu_71">
<pin_list>
<pin id="72" dir="0" index="0" bw="8" slack="0"/>
<pin id="73" dir="0" index="1" bw="1" slack="0"/>
<pin id="74" dir="0" index="2" bw="1" slack="0"/>
<pin id="75" dir="1" index="3" bw="3" slack="0"/>
</pin_list>
<bind>
<opcode="getelementptr(29) " fcode="getelementptr"/>
<opset="HammingTable_hamming_3/2 "/>
</bind>
</comp>

<comp id="79" class="1004" name="HammingTable_hamming_5_gep_fu_79">
<pin_list>
<pin id="80" dir="0" index="0" bw="8" slack="0"/>
<pin id="81" dir="0" index="1" bw="1" slack="0"/>
<pin id="82" dir="0" index="2" bw="3" slack="0"/>
<pin id="83" dir="1" index="3" bw="3" slack="0"/>
</pin_list>
<bind>
<opcode="getelementptr(29) " fcode="getelementptr"/>
<opset="HammingTable_hamming_5/2 "/>
</bind>
</comp>

<comp id="88" class="1004" name="HammingTable_hamming_7_gep_fu_88">
<pin_list>
<pin id="89" dir="0" index="0" bw="8" slack="0"/>
<pin id="90" dir="0" index="1" bw="1" slack="0"/>
<pin id="91" dir="0" index="2" bw="2" slack="0"/>
<pin id="92" dir="1" index="3" bw="3" slack="0"/>
</pin_list>
<bind>
<opcode="getelementptr(29) " fcode="getelementptr"/>
<opset="HammingTable_hamming_7/3 "/>
</bind>
</comp>

<comp id="96" class="1004" name="HammingTable_hamming_9_gep_fu_96">
<pin_list>
<pin id="97" dir="0" index="0" bw="8" slack="0"/>
<pin id="98" dir="0" index="1" bw="1" slack="0"/>
<pin id="99" dir="0" index="2" bw="3" slack="0"/>
<pin id="100" dir="1" index="3" bw="3" slack="0"/>
</pin_list>
<bind>
<opcode="getelementptr(29) " fcode="getelementptr"/>
<opset="HammingTable_hamming_9/3 "/>
</bind>
</comp>

<comp id="105" class="1004" name="HammingTable_hamming_11_gep_fu_105">
<pin_list>
<pin id="106" dir="0" index="0" bw="8" slack="0"/>
<pin id="107" dir="0" index="1" bw="1" slack="0"/>
<pin id="108" dir="0" index="2" bw="2" slack="0"/>
<pin id="109" dir="1" index="3" bw="3" slack="0"/>
</pin_list>
<bind>
<opcode="getelementptr(29) " fcode="getelementptr"/>
<opset="HammingTable_hamming_11/4 "/>
</bind>
</comp>

<comp id="113" class="1004" name="HammingTable_hamming_13_gep_fu_113">
<pin_list>
<pin id="114" dir="0" index="0" bw="8" slack="0"/>
<pin id="115" dir="0" index="1" bw="1" slack="0"/>
<pin id="116" dir="0" index="2" bw="4" slack="0"/>
<pin id="117" dir="1" index="3" bw="3" slack="0"/>
</pin_list>
<bind>
<opcode="getelementptr(29) " fcode="getelementptr"/>
<opset="HammingTable_hamming_13/4 "/>
</bind>
</comp>

<comp id="122" class="1004" name="HammingTable_hamming_15_gep_fu_122">
<pin_list>
<pin id="123" dir="0" index="0" bw="8" slack="0"/>
<pin id="124" dir="0" index="1" bw="1" slack="0"/>
<pin id="125" dir="0" index="2" bw="3" slack="0"/>
<pin id="126" dir="1" index="3" bw="3" slack="0"/>
</pin_list>
<bind>
<opcode="getelementptr(29) " fcode="getelementptr"/>
<opset="HammingTable_hamming_15/5 "/>
</bind>
</comp>

<comp id="130" class="1004" name="HammingTable_hamming_17_gep_fu_130">
<pin_list>
<pin id="131" dir="0" index="0" bw="8" slack="0"/>
<pin id="132" dir="0" index="1" bw="1" slack="0"/>
<pin id="133" dir="0" index="2" bw="4" slack="0"/>
<pin id="134" dir="1" index="3" bw="3" slack="0"/>
</pin_list>
<bind>
<opcode="getelementptr(29) " fcode="getelementptr"/>
<opset="HammingTable_hamming_17/5 "/>
</bind>
</comp>

<comp id="139" class="1004" name="HammingTable_hamming_19_gep_fu_139">
<pin_list>
<pin id="140" dir="0" index="0" bw="8" slack="0"/>
<pin id="141" dir="0" index="1" bw="1" slack="0"/>
<pin id="142" dir="0" index="2" bw="3" slack="0"/>
<pin id="143" dir="1" index="3" bw="3" slack="0"/>
</pin_list>
<bind>
<opcode="getelementptr(29) " fcode="getelementptr"/>
<opset="HammingTable_hamming_19/6 "/>
</bind>
</comp>

<comp id="147" class="1004" name="HammingTable_hamming_21_gep_fu_147">
<pin_list>
<pin id="148" dir="0" index="0" bw="8" slack="0"/>
<pin id="149" dir="0" index="1" bw="1" slack="0"/>
<pin id="150" dir="0" index="2" bw="4" slack="0"/>
<pin id="151" dir="1" index="3" bw="3" slack="0"/>
</pin_list>
<bind>
<opcode="getelementptr(29) " fcode="getelementptr"/>
<opset="HammingTable_hamming_21/6 "/>
</bind>
</comp>

<comp id="156" class="1004" name="HammingTable_hamming_23_gep_fu_156">
<pin_list>
<pin id="157" dir="0" index="0" bw="8" slack="0"/>
<pin id="158" dir="0" index="1" bw="1" slack="0"/>
<pin id="159" dir="0" index="2" bw="3" slack="0"/>
<pin id="160" dir="1" index="3" bw="3" slack="0"/>
</pin_list>
<bind>
<opcode="getelementptr(29) " fcode="getelementptr"/>
<opset="HammingTable_hamming_23/7 "/>
</bind>
</comp>

<comp id="164" class="1004" name="HammingTable_hamming_25_gep_fu_164">
<pin_list>
<pin id="165" dir="0" index="0" bw="8" slack="0"/>
<pin id="166" dir="0" index="1" bw="1" slack="0"/>
<pin id="167" dir="0" index="2" bw="4" slack="0"/>
<pin id="168" dir="1" index="3" bw="3" slack="0"/>
</pin_list>
<bind>
<opcode="getelementptr(29) " fcode="getelementptr"/>
<opset="HammingTable_hamming_25/7 "/>
</bind>
</comp>

<comp id="173" class="1004" name="grp_fu_173">
<pin_list>
<pin id="174" dir="0" index="0" bw="8" slack="0"/>
<pin id="175" dir="0" index="1" bw="8" slack="0"/>
<pin id="176" dir="1" index="2" bw="1" slack="0"/>
</pin_list>
<bind>
<opcode="icmp(45) " fcode="icmp"/>
<opset="icmp_ln376/2 icmp_ln376_1/3 icmp_ln376_2/4 icmp_ln376_3/5 icmp_ln376_4/6 icmp_ln376_5/7 icmp_ln376_6/8 "/>
</bind>
</comp>

<comp id="179" class="1004" name="zext_ln376_fu_179">
<pin_list>
<pin id="180" dir="0" index="0" bw="1" slack="0"/>
<pin id="181" dir="1" index="1" bw="64" slack="0"/>
</pin_list>
<bind>
<opcode="zext(34) " fcode="zext"/>
<opset="zext_ln376/2 "/>
</bind>
</comp>

<comp id="184" class="1004" name="zext_ln376_1_fu_184">
<pin_list>
<pin id="185" dir="0" index="0" bw="1" slack="1"/>
<pin id="186" dir="1" index="1" bw="2" slack="0"/>
</pin_list>
<bind>
<opcode="zext(34) " fcode="zext"/>
<opset="zext_ln376_1/3 "/>
</bind>
</comp>

<comp id="187" class="1004" name="select_ln376_fu_187">
<pin_list>
<pin id="188" dir="0" index="0" bw="1" slack="0"/>
<pin id="189" dir="0" index="1" bw="2" slack="0"/>
<pin id="190" dir="0" index="2" bw="1" slack="0"/>
<pin id="191" dir="1" index="3" bw="2" slack="0"/>
</pin_list>
<bind>
<opcode="select(49) " fcode="select"/>
<opset="select_ln376/3 "/>
</bind>
</comp>

<comp id="195" class="1004" name="zext_ln376_2_fu_195">
<pin_list>
<pin id="196" dir="0" index="0" bw="2" slack="0"/>
<pin id="197" dir="1" index="1" bw="64" slack="0"/>
</pin_list>
<bind>
<opcode="zext(34) " fcode="zext"/>
<opset="zext_ln376_2/3 "/>
</bind>
</comp>

<comp id="200" class="1004" name="select_ln376_1_fu_200">
<pin_list>
<pin id="201" dir="0" index="0" bw="1" slack="0"/>
<pin id="202" dir="0" index="1" bw="1" slack="0"/>
<pin id="203" dir="0" index="2" bw="2" slack="1"/>
<pin id="204" dir="1" index="3" bw="2" slack="0"/>
</pin_list>
<bind>
<opcode="select(49) " fcode="select"/>
<opset="select_ln376_1/4 "/>
</bind>
</comp>

<comp id="207" class="1004" name="zext_ln376_4_fu_207">
<pin_list>
<pin id="208" dir="0" index="0" bw="2" slack="0"/>
<pin id="209" dir="1" index="1" bw="64" slack="0"/>
</pin_list>
<bind>
<opcode="zext(34) " fcode="zext"/>
<opset="zext_ln376_4/4 "/>
</bind>
</comp>

<comp id="212" class="1004" name="select_ln376_2_fu_212">
<pin_list>
<pin id="213" dir="0" index="0" bw="1" slack="0"/>
<pin id="214" dir="0" index="1" bw="1" slack="0"/>
<pin id="215" dir="0" index="2" bw="2" slack="0"/>
<pin id="216" dir="1" index="3" bw="2" slack="0"/>
</pin_list>
<bind>
<opcode="select(49) " fcode="select"/>
<opset="select_ln376_2/4 "/>
</bind>
</comp>

<comp id="220" class="1004" name="or_ln376_fu_220">
<pin_list>
<pin id="221" dir="0" index="0" bw="1" slack="0"/>
<pin id="222" dir="0" index="1" bw="1" slack="1"/>
<pin id="223" dir="1" index="2" bw="1" slack="0"/>
</pin_list>
<bind>
<opcode="or(24) " fcode="or"/>
<opset="or_ln376/4 "/>
</bind>
</comp>

<comp id="225" class="1004" name="select_ln376_3_fu_225">
<pin_list>
<pin id="226" dir="0" index="0" bw="1" slack="0"/>
<pin id="227" dir="0" index="1" bw="2" slack="0"/>
<pin id="228" dir="0" index="2" bw="1" slack="1"/>
<pin id="229" dir="1" index="3" bw="2" slack="2"/>
</pin_list>
<bind>
<opcode="select(49) " fcode="select"/>
<opset="select_ln376_3/4 "/>
</bind>
</comp>

<comp id="232" class="1004" name="zext_ln376_3_fu_232">
<pin_list>
<pin id="233" dir="0" index="0" bw="2" slack="1"/>
<pin id="234" dir="1" index="1" bw="3" slack="0"/>
</pin_list>
<bind>
<opcode="zext(34) " fcode="zext"/>
<opset="zext_ln376_3/5 "/>
</bind>
</comp>

<comp id="235" class="1004" name="select_ln376_4_fu_235">
<pin_list>
<pin id="236" dir="0" index="0" bw="1" slack="0"/>
<pin id="237" dir="0" index="1" bw="3" slack="0"/>
<pin id="238" dir="0" index="2" bw="2" slack="0"/>
<pin id="239" dir="1" index="3" bw="3" slack="0"/>
</pin_list>
<bind>
<opcode="select(49) " fcode="select"/>
<opset="select_ln376_4/5 "/>
</bind>
</comp>

<comp id="243" class="1004" name="zext_ln376_6_fu_243">
<pin_list>
<pin id="244" dir="0" index="0" bw="3" slack="0"/>
<pin id="245" dir="1" index="1" bw="64" slack="0"/>
</pin_list>
<bind>
<opcode="zext(34) " fcode="zext"/>
<opset="zext_ln376_6/5 "/>
</bind>
</comp>

<comp id="248" class="1004" name="zext_ln376_5_fu_248">
<pin_list>
<pin id="249" dir="0" index="0" bw="2" slack="2"/>
<pin id="250" dir="1" index="1" bw="3" slack="0"/>
</pin_list>
<bind>
<opcode="zext(34) " fcode="zext"/>
<opset="zext_ln376_5/6 "/>
</bind>
</comp>

<comp id="251" class="1004" name="select_ln376_5_fu_251">
<pin_list>
<pin id="252" dir="0" index="0" bw="1" slack="0"/>
<pin id="253" dir="0" index="1" bw="3" slack="0"/>
<pin id="254" dir="0" index="2" bw="3" slack="1"/>
<pin id="255" dir="1" index="3" bw="3" slack="0"/>
</pin_list>
<bind>
<opcode="select(49) " fcode="select"/>
<opset="select_ln376_5/6 "/>
</bind>
</comp>

<comp id="258" class="1004" name="zext_ln376_7_fu_258">
<pin_list>
<pin id="259" dir="0" index="0" bw="3" slack="0"/>
<pin id="260" dir="1" index="1" bw="64" slack="0"/>
</pin_list>
<bind>
<opcode="zext(34) " fcode="zext"/>
<opset="zext_ln376_7/6 "/>
</bind>
</comp>

<comp id="263" class="1004" name="select_ln376_6_fu_263">
<pin_list>
<pin id="264" dir="0" index="0" bw="1" slack="0"/>
<pin id="265" dir="0" index="1" bw="3" slack="0"/>
<pin id="266" dir="0" index="2" bw="3" slack="0"/>
<pin id="267" dir="1" index="3" bw="3" slack="0"/>
</pin_list>
<bind>
<opcode="select(49) " fcode="select"/>
<opset="select_ln376_6/6 "/>
</bind>
</comp>

<comp id="271" class="1004" name="or_ln376_1_fu_271">
<pin_list>
<pin id="272" dir="0" index="0" bw="1" slack="0"/>
<pin id="273" dir="0" index="1" bw="1" slack="1"/>
<pin id="274" dir="1" index="2" bw="1" slack="0"/>
</pin_list>
<bind>
<opcode="or(24) " fcode="or"/>
<opset="or_ln376_1/6 "/>
</bind>
</comp>

<comp id="276" class="1004" name="select_ln376_7_fu_276">
<pin_list>
<pin id="277" dir="0" index="0" bw="1" slack="0"/>
<pin id="278" dir="0" index="1" bw="3" slack="0"/>
<pin id="279" dir="0" index="2" bw="2" slack="0"/>
<pin id="280" dir="1" index="3" bw="3" slack="2"/>
</pin_list>
<bind>
<opcode="select(49) " fcode="select"/>
<opset="select_ln376_7/6 "/>
</bind>
</comp>

<comp id="284" class="1004" name="select_ln376_8_fu_284">
<pin_list>
<pin id="285" dir="0" index="0" bw="1" slack="0"/>
<pin id="286" dir="0" index="1" bw="2" slack="0"/>
<pin id="287" dir="0" index="2" bw="3" slack="1"/>
<pin id="288" dir="1" index="3" bw="3" slack="0"/>
</pin_list>
<bind>
<opcode="select(49) " fcode="select"/>
<opset="select_ln376_8/7 "/>
</bind>
</comp>

<comp id="291" class="1004" name="zext_ln376_8_fu_291">
<pin_list>
<pin id="292" dir="0" index="0" bw="3" slack="0"/>
<pin id="293" dir="1" index="1" bw="64" slack="0"/>
</pin_list>
<bind>
<opcode="zext(34) " fcode="zext"/>
<opset="zext_ln376_8/7 "/>
</bind>
</comp>

<comp id="296" class="1004" name="select_ln376_9_fu_296">
<pin_list>
<pin id="297" dir="0" index="0" bw="1" slack="0"/>
<pin id="298" dir="0" index="1" bw="1" slack="0"/>
<pin id="299" dir="0" index="2" bw="2" slack="0"/>
<pin id="300" dir="1" index="3" bw="3" slack="0"/>
</pin_list>
<bind>
<opcode="select(49) " fcode="select"/>
<opset="select_ln376_9/8 "/>
</bind>
</comp>

<comp id="304" class="1004" name="or_ln376_2_fu_304">
<pin_list>
<pin id="305" dir="0" index="0" bw="1" slack="0"/>
<pin id="306" dir="0" index="1" bw="1" slack="1"/>
<pin id="307" dir="1" index="2" bw="1" slack="0"/>
</pin_list>
<bind>
<opcode="or(24) " fcode="or"/>
<opset="or_ln376_2/8 "/>
</bind>
</comp>

<comp id="309" class="1004" name="select_ln376_10_fu_309">
<pin_list>
<pin id="310" dir="0" index="0" bw="1" slack="0"/>
<pin id="311" dir="0" index="1" bw="2" slack="0"/>
<pin id="312" dir="0" index="2" bw="3" slack="2"/>
<pin id="313" dir="1" index="3" bw="3" slack="2147483647"/>
</pin_list>
<bind>
<opcode="select(49) " fcode="select"/>
<opset="select_ln376_10/8 "/>
</bind>
</comp>

<comp id="316" class="1005" name="HammingTable_hamming_reg_316">
<pin_list>
<pin id="317" dir="0" index="0" bw="3" slack="1"/>
<pin id="318" dir="1" index="1" bw="3" slack="1"/>
</pin_list>
<bind>
<opset="HammingTable_hamming "/>
</bind>
</comp>

<comp id="321" class="1005" name="HammingTable_hamming_1_reg_321">
<pin_list>
<pin id="322" dir="0" index="0" bw="3" slack="1"/>
<pin id="323" dir="1" index="1" bw="3" slack="1"/>
</pin_list>
<bind>
<opset="HammingTable_hamming_1 "/>
</bind>
</comp>

<comp id="326" class="1005" name="icmp_ln376_reg_326">
<pin_list>
<pin id="327" dir="0" index="0" bw="1" slack="1"/>
<pin id="328" dir="1" index="1" bw="1" slack="1"/>
</pin_list>
<bind>
<opset="icmp_ln376 "/>
</bind>
</comp>

<comp id="331" class="1005" name="HammingTable_hamming_3_reg_331">
<pin_list>
<pin id="332" dir="0" index="0" bw="3" slack="1"/>
<pin id="333" dir="1" index="1" bw="3" slack="1"/>
</pin_list>
<bind>
<opset="HammingTable_hamming_3 "/>
</bind>
</comp>

<comp id="336" class="1005" name="HammingTable_hamming_5_reg_336">
<pin_list>
<pin id="337" dir="0" index="0" bw="3" slack="1"/>
<pin id="338" dir="1" index="1" bw="3" slack="1"/>
</pin_list>
<bind>
<opset="HammingTable_hamming_5 "/>
</bind>
</comp>

<comp id="341" class="1005" name="zext_ln376_1_reg_341">
<pin_list>
<pin id="342" dir="0" index="0" bw="2" slack="1"/>
<pin id="343" dir="1" index="1" bw="2" slack="1"/>
</pin_list>
<bind>
<opset="zext_ln376_1 "/>
</bind>
</comp>

<comp id="346" class="1005" name="icmp_ln376_1_reg_346">
<pin_list>
<pin id="347" dir="0" index="0" bw="1" slack="1"/>
<pin id="348" dir="1" index="1" bw="1" slack="1"/>
</pin_list>
<bind>
<opset="icmp_ln376_1 "/>
</bind>
</comp>

<comp id="351" class="1005" name="select_ln376_reg_351">
<pin_list>
<pin id="352" dir="0" index="0" bw="2" slack="1"/>
<pin id="353" dir="1" index="1" bw="2" slack="1"/>
</pin_list>
<bind>
<opset="select_ln376 "/>
</bind>
</comp>

<comp id="356" class="1005" name="HammingTable_hamming_7_reg_356">
<pin_list>
<pin id="357" dir="0" index="0" bw="3" slack="1"/>
<pin id="358" dir="1" index="1" bw="3" slack="1"/>
</pin_list>
<bind>
<opset="HammingTable_hamming_7 "/>
</bind>
</comp>

<comp id="361" class="1005" name="HammingTable_hamming_9_reg_361">
<pin_list>
<pin id="362" dir="0" index="0" bw="3" slack="1"/>
<pin id="363" dir="1" index="1" bw="3" slack="1"/>
</pin_list>
<bind>
<opset="HammingTable_hamming_9 "/>
</bind>
</comp>

<comp id="366" class="1005" name="select_ln376_1_reg_366">
<pin_list>
<pin id="367" dir="0" index="0" bw="2" slack="1"/>
<pin id="368" dir="1" index="1" bw="2" slack="1"/>
</pin_list>
<bind>
<opset="select_ln376_1 "/>
</bind>
</comp>

<comp id="371" class="1005" name="HammingTable_hamming_11_reg_371">
<pin_list>
<pin id="372" dir="0" index="0" bw="3" slack="1"/>
<pin id="373" dir="1" index="1" bw="3" slack="1"/>
</pin_list>
<bind>
<opset="HammingTable_hamming_11 "/>
</bind>
</comp>

<comp id="376" class="1005" name="select_ln376_3_reg_376">
<pin_list>
<pin id="377" dir="0" index="0" bw="2" slack="2"/>
<pin id="378" dir="1" index="1" bw="2" slack="2"/>
</pin_list>
<bind>
<opset="select_ln376_3 "/>
</bind>
</comp>

<comp id="381" class="1005" name="HammingTable_hamming_13_reg_381">
<pin_list>
<pin id="382" dir="0" index="0" bw="3" slack="1"/>
<pin id="383" dir="1" index="1" bw="3" slack="1"/>
</pin_list>
<bind>
<opset="HammingTable_hamming_13 "/>
</bind>
</comp>

<comp id="386" class="1005" name="icmp_ln376_3_reg_386">
<pin_list>
<pin id="387" dir="0" index="0" bw="1" slack="1"/>
<pin id="388" dir="1" index="1" bw="1" slack="1"/>
</pin_list>
<bind>
<opset="icmp_ln376_3 "/>
</bind>
</comp>

<comp id="391" class="1005" name="select_ln376_4_reg_391">
<pin_list>
<pin id="392" dir="0" index="0" bw="3" slack="1"/>
<pin id="393" dir="1" index="1" bw="3" slack="1"/>
</pin_list>
<bind>
<opset="select_ln376_4 "/>
</bind>
</comp>

<comp id="396" class="1005" name="HammingTable_hamming_15_reg_396">
<pin_list>
<pin id="397" dir="0" index="0" bw="3" slack="1"/>
<pin id="398" dir="1" index="1" bw="3" slack="1"/>
</pin_list>
<bind>
<opset="HammingTable_hamming_15 "/>
</bind>
</comp>

<comp id="401" class="1005" name="HammingTable_hamming_17_reg_401">
<pin_list>
<pin id="402" dir="0" index="0" bw="3" slack="1"/>
<pin id="403" dir="1" index="1" bw="3" slack="1"/>
</pin_list>
<bind>
<opset="HammingTable_hamming_17 "/>
</bind>
</comp>

<comp id="406" class="1005" name="select_ln376_5_reg_406">
<pin_list>
<pin id="407" dir="0" index="0" bw="3" slack="1"/>
<pin id="408" dir="1" index="1" bw="3" slack="1"/>
</pin_list>
<bind>
<opset="select_ln376_5 "/>
</bind>
</comp>

<comp id="411" class="1005" name="HammingTable_hamming_19_reg_411">
<pin_list>
<pin id="412" dir="0" index="0" bw="3" slack="1"/>
<pin id="413" dir="1" index="1" bw="3" slack="1"/>
</pin_list>
<bind>
<opset="HammingTable_hamming_19 "/>
</bind>
</comp>

<comp id="416" class="1005" name="select_ln376_7_reg_416">
<pin_list>
<pin id="417" dir="0" index="0" bw="3" slack="2"/>
<pin id="418" dir="1" index="1" bw="3" slack="2"/>
</pin_list>
<bind>
<opset="select_ln376_7 "/>
</bind>
</comp>

<comp id="421" class="1005" name="HammingTable_hamming_21_reg_421">
<pin_list>
<pin id="422" dir="0" index="0" bw="3" slack="1"/>
<pin id="423" dir="1" index="1" bw="3" slack="1"/>
</pin_list>
<bind>
<opset="HammingTable_hamming_21 "/>
</bind>
</comp>

<comp id="426" class="1005" name="icmp_ln376_5_reg_426">
<pin_list>
<pin id="427" dir="0" index="0" bw="1" slack="1"/>
<pin id="428" dir="1" index="1" bw="1" slack="1"/>
</pin_list>
<bind>
<opset="icmp_ln376_5 "/>
</bind>
</comp>

<comp id="431" class="1005" name="HammingTable_hamming_23_reg_431">
<pin_list>
<pin id="432" dir="0" index="0" bw="3" slack="1"/>
<pin id="433" dir="1" index="1" bw="3" slack="1"/>
</pin_list>
<bind>
<opset="HammingTable_hamming_23 "/>
</bind>
</comp>

<comp id="436" class="1005" name="HammingTable_hamming_25_reg_436">
<pin_list>
<pin id="437" dir="0" index="0" bw="3" slack="1"/>
<pin id="438" dir="1" index="1" bw="3" slack="1"/>
</pin_list>
<bind>
<opset="HammingTable_hamming_25 "/>
</bind>
</comp>

</comp_list>

<net_list>
<net id="49"><net_src comp="0" pin="0"/><net_sink comp="44" pin=0"/></net>

<net id="50"><net_src comp="2" pin="0"/><net_sink comp="44" pin=1"/></net>

<net id="51"><net_src comp="2" pin="0"/><net_sink comp="44" pin=2"/></net>

<net id="57"><net_src comp="44" pin="3"/><net_sink comp="52" pin=0"/></net>

<net id="63"><net_src comp="0" pin="0"/><net_sink comp="58" pin=0"/></net>

<net id="64"><net_src comp="2" pin="0"/><net_sink comp="58" pin=1"/></net>

<net id="65"><net_src comp="4" pin="0"/><net_sink comp="58" pin=2"/></net>

<net id="70"><net_src comp="58" pin="3"/><net_sink comp="52" pin=2"/></net>

<net id="76"><net_src comp="0" pin="0"/><net_sink comp="71" pin=0"/></net>

<net id="77"><net_src comp="2" pin="0"/><net_sink comp="71" pin=1"/></net>

<net id="78"><net_src comp="71" pin="3"/><net_sink comp="52" pin=0"/></net>

<net id="84"><net_src comp="0" pin="0"/><net_sink comp="79" pin=0"/></net>

<net id="85"><net_src comp="2" pin="0"/><net_sink comp="79" pin=1"/></net>

<net id="86"><net_src comp="6" pin="0"/><net_sink comp="79" pin=2"/></net>

<net id="87"><net_src comp="79" pin="3"/><net_sink comp="52" pin=2"/></net>

<net id="93"><net_src comp="0" pin="0"/><net_sink comp="88" pin=0"/></net>

<net id="94"><net_src comp="2" pin="0"/><net_sink comp="88" pin=1"/></net>

<net id="95"><net_src comp="88" pin="3"/><net_sink comp="52" pin=0"/></net>

<net id="101"><net_src comp="0" pin="0"/><net_sink comp="96" pin=0"/></net>

<net id="102"><net_src comp="2" pin="0"/><net_sink comp="96" pin=1"/></net>

<net id="103"><net_src comp="10" pin="0"/><net_sink comp="96" pin=2"/></net>

<net id="104"><net_src comp="96" pin="3"/><net_sink comp="52" pin=2"/></net>

<net id="110"><net_src comp="0" pin="0"/><net_sink comp="105" pin=0"/></net>

<net id="111"><net_src comp="2" pin="0"/><net_sink comp="105" pin=1"/></net>

<net id="112"><net_src comp="105" pin="3"/><net_sink comp="52" pin=0"/></net>

<net id="118"><net_src comp="0" pin="0"/><net_sink comp="113" pin=0"/></net>

<net id="119"><net_src comp="2" pin="0"/><net_sink comp="113" pin=1"/></net>

<net id="120"><net_src comp="14" pin="0"/><net_sink comp="113" pin=2"/></net>

<net id="121"><net_src comp="113" pin="3"/><net_sink comp="52" pin=2"/></net>

<net id="127"><net_src comp="0" pin="0"/><net_sink comp="122" pin=0"/></net>

<net id="128"><net_src comp="2" pin="0"/><net_sink comp="122" pin=1"/></net>

<net id="129"><net_src comp="122" pin="3"/><net_sink comp="52" pin=0"/></net>

<net id="135"><net_src comp="0" pin="0"/><net_sink comp="130" pin=0"/></net>

<net id="136"><net_src comp="2" pin="0"/><net_sink comp="130" pin=1"/></net>

<net id="137"><net_src comp="18" pin="0"/><net_sink comp="130" pin=2"/></net>

<net id="138"><net_src comp="130" pin="3"/><net_sink comp="52" pin=2"/></net>

<net id="144"><net_src comp="0" pin="0"/><net_sink comp="139" pin=0"/></net>

<net id="145"><net_src comp="2" pin="0"/><net_sink comp="139" pin=1"/></net>

<net id="146"><net_src comp="139" pin="3"/><net_sink comp="52" pin=0"/></net>

<net id="152"><net_src comp="0" pin="0"/><net_sink comp="147" pin=0"/></net>

<net id="153"><net_src comp="2" pin="0"/><net_sink comp="147" pin=1"/></net>

<net id="154"><net_src comp="22" pin="0"/><net_sink comp="147" pin=2"/></net>

<net id="155"><net_src comp="147" pin="3"/><net_sink comp="52" pin=2"/></net>

<net id="161"><net_src comp="0" pin="0"/><net_sink comp="156" pin=0"/></net>

<net id="162"><net_src comp="2" pin="0"/><net_sink comp="156" pin=1"/></net>

<net id="163"><net_src comp="156" pin="3"/><net_sink comp="52" pin=0"/></net>

<net id="169"><net_src comp="0" pin="0"/><net_sink comp="164" pin=0"/></net>

<net id="170"><net_src comp="2" pin="0"/><net_sink comp="164" pin=1"/></net>

<net id="171"><net_src comp="26" pin="0"/><net_sink comp="164" pin=2"/></net>

<net id="172"><net_src comp="164" pin="3"/><net_sink comp="52" pin=2"/></net>

<net id="177"><net_src comp="52" pin="7"/><net_sink comp="173" pin=0"/></net>

<net id="178"><net_src comp="52" pin="3"/><net_sink comp="173" pin=1"/></net>

<net id="182"><net_src comp="173" pin="2"/><net_sink comp="179" pin=0"/></net>

<net id="183"><net_src comp="179" pin="1"/><net_sink comp="71" pin=2"/></net>

<net id="192"><net_src comp="173" pin="2"/><net_sink comp="187" pin=0"/></net>

<net id="193"><net_src comp="8" pin="0"/><net_sink comp="187" pin=1"/></net>

<net id="194"><net_src comp="184" pin="1"/><net_sink comp="187" pin=2"/></net>

<net id="198"><net_src comp="187" pin="3"/><net_sink comp="195" pin=0"/></net>

<net id="199"><net_src comp="195" pin="1"/><net_sink comp="88" pin=2"/></net>

<net id="205"><net_src comp="173" pin="2"/><net_sink comp="200" pin=0"/></net>

<net id="206"><net_src comp="12" pin="0"/><net_sink comp="200" pin=1"/></net>

<net id="210"><net_src comp="200" pin="3"/><net_sink comp="207" pin=0"/></net>

<net id="211"><net_src comp="207" pin="1"/><net_sink comp="105" pin=2"/></net>

<net id="217"><net_src comp="173" pin="2"/><net_sink comp="212" pin=0"/></net>

<net id="218"><net_src comp="12" pin="0"/><net_sink comp="212" pin=1"/></net>

<net id="219"><net_src comp="8" pin="0"/><net_sink comp="212" pin=2"/></net>

<net id="224"><net_src comp="173" pin="2"/><net_sink comp="220" pin=0"/></net>

<net id="230"><net_src comp="220" pin="2"/><net_sink comp="225" pin=0"/></net>

<net id="231"><net_src comp="212" pin="3"/><net_sink comp="225" pin=1"/></net>

<net id="240"><net_src comp="173" pin="2"/><net_sink comp="235" pin=0"/></net>

<net id="241"><net_src comp="16" pin="0"/><net_sink comp="235" pin=1"/></net>

<net id="242"><net_src comp="232" pin="1"/><net_sink comp="235" pin=2"/></net>

<net id="246"><net_src comp="235" pin="3"/><net_sink comp="243" pin=0"/></net>

<net id="247"><net_src comp="243" pin="1"/><net_sink comp="122" pin=2"/></net>

<net id="256"><net_src comp="173" pin="2"/><net_sink comp="251" pin=0"/></net>

<net id="257"><net_src comp="20" pin="0"/><net_sink comp="251" pin=1"/></net>

<net id="261"><net_src comp="251" pin="3"/><net_sink comp="258" pin=0"/></net>

<net id="262"><net_src comp="258" pin="1"/><net_sink comp="139" pin=2"/></net>

<net id="268"><net_src comp="173" pin="2"/><net_sink comp="263" pin=0"/></net>

<net id="269"><net_src comp="20" pin="0"/><net_sink comp="263" pin=1"/></net>

<net id="270"><net_src comp="16" pin="0"/><net_sink comp="263" pin=2"/></net>

<net id="275"><net_src comp="173" pin="2"/><net_sink comp="271" pin=0"/></net>

<net id="281"><net_src comp="271" pin="2"/><net_sink comp="276" pin=0"/></net>

<net id="282"><net_src comp="263" pin="3"/><net_sink comp="276" pin=1"/></net>

<net id="283"><net_src comp="248" pin="1"/><net_sink comp="276" pin=2"/></net>

<net id="289"><net_src comp="173" pin="2"/><net_sink comp="284" pin=0"/></net>

<net id="290"><net_src comp="24" pin="0"/><net_sink comp="284" pin=1"/></net>

<net id="294"><net_src comp="284" pin="3"/><net_sink comp="291" pin=0"/></net>

<net id="295"><net_src comp="291" pin="1"/><net_sink comp="156" pin=2"/></net>

<net id="301"><net_src comp="173" pin="2"/><net_sink comp="296" pin=0"/></net>

<net id="302"><net_src comp="42" pin="0"/><net_sink comp="296" pin=1"/></net>

<net id="303"><net_src comp="24" pin="0"/><net_sink comp="296" pin=2"/></net>

<net id="308"><net_src comp="173" pin="2"/><net_sink comp="304" pin=0"/></net>

<net id="314"><net_src comp="304" pin="2"/><net_sink comp="309" pin=0"/></net>

<net id="315"><net_src comp="296" pin="3"/><net_sink comp="309" pin=1"/></net>

<net id="319"><net_src comp="44" pin="3"/><net_sink comp="316" pin=0"/></net>

<net id="320"><net_src comp="316" pin="1"/><net_sink comp="52" pin=0"/></net>

<net id="324"><net_src comp="58" pin="3"/><net_sink comp="321" pin=0"/></net>

<net id="325"><net_src comp="321" pin="1"/><net_sink comp="52" pin=2"/></net>

<net id="329"><net_src comp="173" pin="2"/><net_sink comp="326" pin=0"/></net>

<net id="330"><net_src comp="326" pin="1"/><net_sink comp="184" pin=0"/></net>

<net id="334"><net_src comp="71" pin="3"/><net_sink comp="331" pin=0"/></net>

<net id="335"><net_src comp="331" pin="1"/><net_sink comp="52" pin=0"/></net>

<net id="339"><net_src comp="79" pin="3"/><net_sink comp="336" pin=0"/></net>

<net id="340"><net_src comp="336" pin="1"/><net_sink comp="52" pin=2"/></net>

<net id="344"><net_src comp="184" pin="1"/><net_sink comp="341" pin=0"/></net>

<net id="345"><net_src comp="341" pin="1"/><net_sink comp="225" pin=2"/></net>

<net id="349"><net_src comp="173" pin="2"/><net_sink comp="346" pin=0"/></net>

<net id="350"><net_src comp="346" pin="1"/><net_sink comp="220" pin=1"/></net>

<net id="354"><net_src comp="187" pin="3"/><net_sink comp="351" pin=0"/></net>

<net id="355"><net_src comp="351" pin="1"/><net_sink comp="200" pin=2"/></net>

<net id="359"><net_src comp="88" pin="3"/><net_sink comp="356" pin=0"/></net>

<net id="360"><net_src comp="356" pin="1"/><net_sink comp="52" pin=0"/></net>

<net id="364"><net_src comp="96" pin="3"/><net_sink comp="361" pin=0"/></net>

<net id="365"><net_src comp="361" pin="1"/><net_sink comp="52" pin=2"/></net>

<net id="369"><net_src comp="200" pin="3"/><net_sink comp="366" pin=0"/></net>

<net id="370"><net_src comp="366" pin="1"/><net_sink comp="232" pin=0"/></net>

<net id="374"><net_src comp="105" pin="3"/><net_sink comp="371" pin=0"/></net>

<net id="375"><net_src comp="371" pin="1"/><net_sink comp="52" pin=0"/></net>

<net id="379"><net_src comp="225" pin="3"/><net_sink comp="376" pin=0"/></net>

<net id="380"><net_src comp="376" pin="1"/><net_sink comp="248" pin=0"/></net>

<net id="384"><net_src comp="113" pin="3"/><net_sink comp="381" pin=0"/></net>

<net id="385"><net_src comp="381" pin="1"/><net_sink comp="52" pin=2"/></net>

<net id="389"><net_src comp="173" pin="2"/><net_sink comp="386" pin=0"/></net>

<net id="390"><net_src comp="386" pin="1"/><net_sink comp="271" pin=1"/></net>

<net id="394"><net_src comp="235" pin="3"/><net_sink comp="391" pin=0"/></net>

<net id="395"><net_src comp="391" pin="1"/><net_sink comp="251" pin=2"/></net>

<net id="399"><net_src comp="122" pin="3"/><net_sink comp="396" pin=0"/></net>

<net id="400"><net_src comp="396" pin="1"/><net_sink comp="52" pin=0"/></net>

<net id="404"><net_src comp="130" pin="3"/><net_sink comp="401" pin=0"/></net>

<net id="405"><net_src comp="401" pin="1"/><net_sink comp="52" pin=2"/></net>

<net id="409"><net_src comp="251" pin="3"/><net_sink comp="406" pin=0"/></net>

<net id="410"><net_src comp="406" pin="1"/><net_sink comp="284" pin=2"/></net>

<net id="414"><net_src comp="139" pin="3"/><net_sink comp="411" pin=0"/></net>

<net id="415"><net_src comp="411" pin="1"/><net_sink comp="52" pin=0"/></net>

<net id="419"><net_src comp="276" pin="3"/><net_sink comp="416" pin=0"/></net>

<net id="420"><net_src comp="416" pin="1"/><net_sink comp="309" pin=2"/></net>

<net id="424"><net_src comp="147" pin="3"/><net_sink comp="421" pin=0"/></net>

<net id="425"><net_src comp="421" pin="1"/><net_sink comp="52" pin=2"/></net>

<net id="429"><net_src comp="173" pin="2"/><net_sink comp="426" pin=0"/></net>

<net id="430"><net_src comp="426" pin="1"/><net_sink comp="304" pin=1"/></net>

<net id="434"><net_src comp="156" pin="3"/><net_sink comp="431" pin=0"/></net>

<net id="435"><net_src comp="431" pin="1"/><net_sink comp="52" pin=0"/></net>

<net id="439"><net_src comp="164" pin="3"/><net_sink comp="436" pin=0"/></net>

<net id="440"><net_src comp="436" pin="1"/><net_sink comp="52" pin=2"/></net>

</net_list>

</model> 
---------------- Datapath Model END ------------------

* FSMD analyzer results:
  - Output states:
 - Input state : 
	Port: getFinalLowestState : HammingTable_hammingDistances_finalStates | {1 2 3 4 5 6 7 8 }
  - Chain level:
	State 1
		lowestValue : 1
		HammingTable_hamming_2 : 1
	State 2
		icmp_ln376 : 1
		zext_ln376 : 2
		HammingTable_hamming_3 : 3
		HammingTable_hamming_4 : 4
		HammingTable_hamming_6 : 1
	State 3
		icmp_ln376_1 : 1
		select_ln376 : 2
		zext_ln376_2 : 3
		HammingTable_hamming_7 : 4
		HammingTable_hamming_8 : 5
		HammingTable_hamming_10 : 1
	State 4
		icmp_ln376_2 : 1
		select_ln376_1 : 2
		zext_ln376_4 : 3
		HammingTable_hamming_11 : 4
		HammingTable_hamming_12 : 5
		select_ln376_2 : 2
		or_ln376 : 2
		select_ln376_3 : 2
		HammingTable_hamming_14 : 1
	State 5
		icmp_ln376_3 : 1
		select_ln376_4 : 2
		zext_ln376_6 : 3
		HammingTable_hamming_15 : 4
		HammingTable_hamming_16 : 5
		HammingTable_hamming_18 : 1
	State 6
		icmp_ln376_4 : 1
		select_ln376_5 : 2
		zext_ln376_7 : 3
		HammingTable_hamming_19 : 4
		HammingTable_hamming_20 : 5
		select_ln376_6 : 2
		or_ln376_1 : 2
		select_ln376_7 : 2
		HammingTable_hamming_22 : 1
	State 7
		icmp_ln376_5 : 1
		select_ln376_8 : 2
		zext_ln376_8 : 3
		HammingTable_hamming_23 : 4
		HammingTable_hamming_24 : 5
		HammingTable_hamming_26 : 1
	State 8
		icmp_ln376_6 : 1
		select_ln376_9 : 2
		or_ln376_2 : 2
		select_ln376_10 : 2
		ret_ln386 : 3


============================================================
+ Verbose Summary: Datapath Resource usage 
============================================================

* Functional unit list:
|----------|------------------------|---------|---------|
| Operation|     Functional Unit    |    FF   |   LUT   |
|----------|------------------------|---------|---------|
|          |   select_ln376_fu_187  |    0    |    2    |
|          |  select_ln376_1_fu_200 |    0    |    2    |
|          |  select_ln376_2_fu_212 |    0    |    2    |
|          |  select_ln376_3_fu_225 |    0    |    2    |
|          |  select_ln376_4_fu_235 |    0    |    3    |
|  select  |  select_ln376_5_fu_251 |    0    |    3    |
|          |  select_ln376_6_fu_263 |    0    |    3    |
|          |  select_ln376_7_fu_276 |    0    |    3    |
|          |  select_ln376_8_fu_284 |    0    |    3    |
|          |  select_ln376_9_fu_296 |    0    |    2    |
|          | select_ln376_10_fu_309 |    0    |    3    |
|----------|------------------------|---------|---------|
|   icmp   |       grp_fu_173       |    0    |    11   |
|----------|------------------------|---------|---------|
|          |     or_ln376_fu_220    |    0    |    2    |
|    or    |    or_ln376_1_fu_271   |    0    |    2    |
|          |    or_ln376_2_fu_304   |    0    |    2    |
|----------|------------------------|---------|---------|
|          |    zext_ln376_fu_179   |    0    |    0    |
|          |   zext_ln376_1_fu_184  |    0    |    0    |
|          |   zext_ln376_2_fu_195  |    0    |    0    |
|          |   zext_ln376_4_fu_207  |    0    |    0    |
|   zext   |   zext_ln376_3_fu_232  |    0    |    0    |
|          |   zext_ln376_6_fu_243  |    0    |    0    |
|          |   zext_ln376_5_fu_248  |    0    |    0    |
|          |   zext_ln376_7_fu_258  |    0    |    0    |
|          |   zext_ln376_8_fu_291  |    0    |    0    |
|----------|------------------------|---------|---------|
|   Total  |                        |    0    |    45   |
|----------|------------------------|---------|---------|

Memories:
N/A

* Register list:
+-------------------------------+--------+
|                               |   FF   |
+-------------------------------+--------+
|HammingTable_hamming_11_reg_371|    3   |
|HammingTable_hamming_13_reg_381|    3   |
|HammingTable_hamming_15_reg_396|    3   |
|HammingTable_hamming_17_reg_401|    3   |
|HammingTable_hamming_19_reg_411|    3   |
| HammingTable_hamming_1_reg_321|    3   |
|HammingTable_hamming_21_reg_421|    3   |
|HammingTable_hamming_23_reg_431|    3   |
|HammingTable_hamming_25_reg_436|    3   |
| HammingTable_hamming_3_reg_331|    3   |
| HammingTable_hamming_5_reg_336|    3   |
| HammingTable_hamming_7_reg_356|    3   |
| HammingTable_hamming_9_reg_361|    3   |
|  HammingTable_hamming_reg_316 |    3   |
|      icmp_ln376_1_reg_346     |    1   |
|      icmp_ln376_3_reg_386     |    1   |
|      icmp_ln376_5_reg_426     |    1   |
|       icmp_ln376_reg_326      |    1   |
|     select_ln376_1_reg_366    |    2   |
|     select_ln376_3_reg_376    |    2   |
|     select_ln376_4_reg_391    |    3   |
|     select_ln376_5_reg_406    |    3   |
|     select_ln376_7_reg_416    |    3   |
|      select_ln376_reg_351     |    2   |
|      zext_ln376_1_reg_341     |    2   |
+-------------------------------+--------+
|             Total             |   63   |
+-------------------------------+--------+

* Multiplexer (MUX) list: 
|------------------|------|------|------|--------||---------||---------|
|       Comp       |  Pin | Size |  BW  | S x BW ||  Delay  ||   LUT   |
|------------------|------|------|------|--------||---------||---------|
| grp_access_fu_52 |  p0  |  14  |   3  |   42   ||    59   |
| grp_access_fu_52 |  p2  |  14  |   0  |    0   ||    59   |
|------------------|------|------|------|--------||---------||---------|
|       Total      |      |      |      |   42   ||  3.9052 ||   118   |
|------------------|------|------|------|--------||---------||---------|



* Summary:
+-----------+--------+--------+--------+
|           |  Delay |   FF   |   LUT  |
+-----------+--------+--------+--------+
|  Function |    -   |    0   |   45   |
|   Memory  |    -   |    -   |    -   |
|Multiplexer|    3   |    -   |   118  |
|  Register |    -   |   63   |    -   |
+-----------+--------+--------+--------+
|   Total   |    3   |   63   |   163  |
+-----------+--------+--------+--------+
