

================================================================
== Vivado HLS Report for 'getReturnPath'
================================================================
* Date:           Thu Jul 28 06:40:29 2022

* Version:        2019.1 (Build 2552052 on Fri May 24 15:28:33 MDT 2019)
* Project:        viterbi_2_1_4
* Solution:       solution1
* Product family: spartan7
* Target device:  xc7s100-fgga676-2


================================================================
== Performance Estimates
================================================================
+ Timing (ns): 
    * Summary: 
    +--------+-------+----------+------------+
    |  Clock | Target| Estimated| Uncertainty|
    +--------+-------+----------+------------+
    |ap_clk  |  10.00|     4.430|        1.25|
    +--------+-------+----------+------------+

+ Latency (clock cycles): 
    * Summary: 
    +-----+-----+-----+-----+----------+
    |  Latency  |  Interval | Pipeline |
    | min | max | min | max |   Type   |
    +-----+-----+-----+-----+----------+
    |    0|    0|    1|    1| function |
    +-----+-----+-----+-----+----------+

    + Detail: 
        * Instance: 
        N/A

        * Loop: 
        N/A



================================================================
== Utilization Estimates
================================================================
* Summary: 
+-----------------+---------+-------+--------+-------+-----+
|       Name      | BRAM_18K| DSP48E|   FF   |  LUT  | URAM|
+-----------------+---------+-------+--------+-------+-----+
|DSP              |        -|      -|       -|      -|    -|
|Expression       |        -|      -|       0|    201|    -|
|FIFO             |        -|      -|       -|      -|    -|
|Instance         |        -|      -|       -|      -|    -|
|Memory           |        -|      -|       -|      -|    -|
|Multiplexer      |        -|      -|       -|      -|    -|
|Register         |        -|      -|       -|      -|    -|
+-----------------+---------+-------+--------+-------+-----+
|Total            |        0|      0|       0|    201|    0|
+-----------------+---------+-------+--------+-------+-----+
|Available        |      240|    160|  128000|  64000|    0|
+-----------------+---------+-------+--------+-------+-----+
|Utilization (%)  |        0|      0|       0|   ~0  |    0|
+-----------------+---------+-------+--------+-------+-----+

+ Detail: 
    * Instance: 
    N/A

    * DSP48E: 
    N/A

    * Memory: 
    N/A

    * FIFO: 
    N/A

    * Expression: 
    +--------------------------+----------+-------+---+----+------------+------------+
    |       Variable Name      | Operation| DSP48E| FF| LUT| Bitwidth P0| Bitwidth P1|
    +--------------------------+----------+-------+---+----+------------+------------+
    |icmp_ln294_1_fu_232_p2    |   icmp   |      0|  0|   9|           3|           3|
    |icmp_ln294_2_fu_246_p2    |   icmp   |      0|  0|   9|           3|           3|
    |icmp_ln294_3_fu_260_p2    |   icmp   |      0|  0|   9|           3|           4|
    |icmp_ln294_4_fu_274_p2    |   icmp   |      0|  0|   9|           3|           2|
    |icmp_ln294_5_fu_288_p2    |   icmp   |      0|  0|   9|           3|           2|
    |icmp_ln294_6_fu_302_p2    |   icmp   |      0|  0|   9|           3|           1|
    |icmp_ln294_7_fu_316_p2    |   icmp   |      0|  0|   9|           3|           1|
    |icmp_ln294_fu_214_p2      |   icmp   |      0|  0|   9|           3|           2|
    |icmp_ln296_fu_110_p2      |   icmp   |      0|  0|  11|           8|           2|
    |icmp_ln304_fu_120_p2      |   icmp   |      0|  0|  11|           8|           2|
    |icmp_ln312_fu_134_p2      |   icmp   |      0|  0|  11|           8|           2|
    |icmp_ln321_fu_148_p2      |   icmp   |      0|  0|  11|           8|           2|
    |icmp_ln330_fu_162_p2      |   icmp   |      0|  0|  11|           8|           2|
    |icmp_ln339_fu_172_p2      |   icmp   |      0|  0|  11|           8|           2|
    |icmp_ln348_fu_186_p2      |   icmp   |      0|  0|  11|           8|           2|
    |icmp_ln357_fu_200_p2      |   icmp   |      0|  0|  11|           8|           2|
    |ap_return                 |  select  |      0|  0|   3|           1|           3|
    |select_ln294_1_fu_238_p3  |  select  |      0|  0|   3|           1|           3|
    |select_ln294_2_fu_252_p3  |  select  |      0|  0|   3|           1|           3|
    |select_ln294_3_fu_266_p3  |  select  |      0|  0|   3|           1|           3|
    |select_ln294_4_fu_280_p3  |  select  |      0|  0|   3|           1|           3|
    |select_ln294_5_fu_294_p3  |  select  |      0|  0|   3|           1|           3|
    |select_ln294_6_fu_308_p3  |  select  |      0|  0|   3|           1|           3|
    |select_ln294_fu_220_p3    |  select  |      0|  0|   2|           1|           2|
    |select_ln304_fu_126_p3    |  select  |      0|  0|   2|           1|           2|
    |select_ln312_fu_140_p3    |  select  |      0|  0|   4|           1|           3|
    |select_ln321_fu_154_p3    |  select  |      0|  0|   3|           1|           2|
    |select_ln339_fu_178_p3    |  select  |      0|  0|   2|           1|           2|
    |select_ln348_fu_192_p3    |  select  |      0|  0|   4|           1|           3|
    |select_ln357_fu_206_p3    |  select  |      0|  0|   3|           1|           2|
    +--------------------------+----------+-------+---+----+------------+------------+
    |Total                     |          |      0|  0| 201|         102|          71|
    +--------------------------+----------+-------+---+----+------------+------------+

    * Multiplexer: 
    N/A

    * Register: 
    N/A



================================================================
== Interface
================================================================
* Summary: 
+-----------+-----+-----+------------+---------------+--------------+
| RTL Ports | Dir | Bits|  Protocol  | Source Object |    C Type    |
+-----------+-----+-----+------------+---------------+--------------+
|ap_ready   | out |    1| ap_ctrl_hs | getReturnPath | return value |
|ap_return  | out |    3| ap_ctrl_hs | getReturnPath | return value |
|p_read     |  in |    8|   ap_none  |     p_read    |    scalar    |
|p_read1    |  in |    8|   ap_none  |    p_read1    |    scalar    |
|p_read2    |  in |    8|   ap_none  |    p_read2    |    scalar    |
|p_read3    |  in |    8|   ap_none  |    p_read3    |    scalar    |
|p_read4    |  in |    8|   ap_none  |    p_read4    |    scalar    |
|p_read5    |  in |    8|   ap_none  |    p_read5    |    scalar    |
|p_read6    |  in |    8|   ap_none  |    p_read6    |    scalar    |
|p_read7    |  in |    8|   ap_none  |    p_read7    |    scalar    |
|state      |  in |    3|   ap_none  |     state     |    scalar    |
+-----------+-----+-----+------------+---------------+--------------+

============================================================
+ Verbose Summary: Synthesis Manager
============================================================
InlineROM: 1
ExposeGlobal: 0
============================================================
+ Verbose Summary: CDFG Model
============================================================
IsTopModel: 0
ResetActiveHigh: 1
IsCombinational: 1
IsDatapathOnly: 2
HasWiredReturn: 1
HasMFsm: 2
HasVarLatency: 0
IsPipeline: 1
IsRtlPipelined: 0
IsInstanceOverlapped: 0
IsDontTouch: 0
HasImplIP: 0
IsGatedGlobalClock: 0

+ Individual pipeline summary: 
  * Pipeline-0: initiation interval (II) = 1, depth = 1


============================================================
+ Verbose Summary: Schedule
============================================================
* Number of FSM states : 1
* Pipeline : 1
  Pipeline-0 : II = 1, D = 1, States = { 1 }
* Dataflow Pipeline: 0

* FSM state transitions: 
1 --> 

* FSM state operations: 

State 1 <SV = 0> <Delay = 4.43>
ST_1 : Operation 2 [1/1] (0.00ns)   --->   "%state_read = call i3 @_ssdm_op_Read.ap_auto.i3(i3 %state)" [viterbi_2_1_4/viterbi.cpp:291]   --->   Operation 2 'read' 'state_read' <Predicate = true> <Delay = 0.00>
ST_1 : Operation 3 [1/1] (0.00ns)   --->   "%p_read_1 = call i8 @_ssdm_op_Read.ap_auto.i8(i8 %p_read7)" [viterbi_2_1_4/viterbi.cpp:291]   --->   Operation 3 'read' 'p_read_1' <Predicate = true> <Delay = 0.00>
ST_1 : Operation 4 [1/1] (0.00ns)   --->   "%p_read_2 = call i8 @_ssdm_op_Read.ap_auto.i8(i8 %p_read6)" [viterbi_2_1_4/viterbi.cpp:291]   --->   Operation 4 'read' 'p_read_2' <Predicate = true> <Delay = 0.00>
ST_1 : Operation 5 [1/1] (0.00ns)   --->   "%p_read_3 = call i8 @_ssdm_op_Read.ap_auto.i8(i8 %p_read5)" [viterbi_2_1_4/viterbi.cpp:291]   --->   Operation 5 'read' 'p_read_3' <Predicate = true> <Delay = 0.00>
ST_1 : Operation 6 [1/1] (0.00ns)   --->   "%p_read_4 = call i8 @_ssdm_op_Read.ap_auto.i8(i8 %p_read4)" [viterbi_2_1_4/viterbi.cpp:291]   --->   Operation 6 'read' 'p_read_4' <Predicate = true> <Delay = 0.00>
ST_1 : Operation 7 [1/1] (0.00ns)   --->   "%p_read_5 = call i8 @_ssdm_op_Read.ap_auto.i8(i8 %p_read3)" [viterbi_2_1_4/viterbi.cpp:291]   --->   Operation 7 'read' 'p_read_5' <Predicate = true> <Delay = 0.00>
ST_1 : Operation 8 [1/1] (0.00ns)   --->   "%p_read_6 = call i8 @_ssdm_op_Read.ap_auto.i8(i8 %p_read2)" [viterbi_2_1_4/viterbi.cpp:291]   --->   Operation 8 'read' 'p_read_6' <Predicate = true> <Delay = 0.00>
ST_1 : Operation 9 [1/1] (0.00ns)   --->   "%p_read_7 = call i8 @_ssdm_op_Read.ap_auto.i8(i8 %p_read1)" [viterbi_2_1_4/viterbi.cpp:291]   --->   Operation 9 'read' 'p_read_7' <Predicate = true> <Delay = 0.00>
ST_1 : Operation 10 [1/1] (0.00ns)   --->   "%p_read_8 = call i8 @_ssdm_op_Read.ap_auto.i8(i8 %p_read)" [viterbi_2_1_4/viterbi.cpp:291]   --->   Operation 10 'read' 'p_read_8' <Predicate = true> <Delay = 0.00>
ST_1 : Operation 11 [1/1] (0.00ns)   --->   "call void (...)* @_ssdm_op_SpecPipeline(i32 -1, i32 1, i32 1, i32 0, [1 x i8]* @p_str) nounwind" [viterbi_2_1_4/viterbi.cpp:292]   --->   Operation 11 'specpipeline' <Predicate = true> <Delay = 0.00>
ST_1 : Operation 12 [1/1] (1.21ns)   --->   "%icmp_ln296 = icmp eq i8 %p_read_8, -1" [viterbi_2_1_4/viterbi.cpp:296]   --->   Operation 12 'icmp' 'icmp_ln296' <Predicate = (icmp_ln294_7)> <Delay = 1.21> <Core = "Cmp">   --->   Core 25 'Cmp' <Latency = 0> <II = 1> <Delay = 1.21> <FuncUnit> <Opcode : 'icmp'> <InPorts = 2> <OutPorts = 1>
ST_1 : Operation 13 [1/1] (0.00ns) (grouped into LUT with out node select_ln294_7)   --->   "%zext_ln304 = zext i1 %icmp_ln296 to i3" [viterbi_2_1_4/viterbi.cpp:304]   --->   Operation 13 'zext' 'zext_ln304' <Predicate = (icmp_ln294_7)> <Delay = 0.00>
ST_1 : Operation 14 [1/1] (1.21ns)   --->   "%icmp_ln304 = icmp eq i8 %p_read_6, -1" [viterbi_2_1_4/viterbi.cpp:304]   --->   Operation 14 'icmp' 'icmp_ln304' <Predicate = (icmp_ln294_6 & !icmp_ln294_7)> <Delay = 1.21> <Core = "Cmp">   --->   Core 25 'Cmp' <Latency = 0> <II = 1> <Delay = 1.21> <FuncUnit> <Opcode : 'icmp'> <InPorts = 2> <OutPorts = 1>
ST_1 : Operation 15 [1/1] (0.00ns) (grouped into LUT with out node select_ln294_6)   --->   "%select_ln304 = select i1 %icmp_ln304, i3 3, i3 2" [viterbi_2_1_4/viterbi.cpp:304]   --->   Operation 15 'select' 'select_ln304' <Predicate = (icmp_ln294_6 & !icmp_ln294_7)> <Delay = 0.00> <Core = "Sel">   --->   Core 26 'Sel' <Latency = 0> <II = 1> <Delay = 0.79> <FuncUnit> <Opcode : 'select'> <InPorts = 3> <OutPorts = 1>
ST_1 : Operation 16 [1/1] (1.21ns)   --->   "%icmp_ln312 = icmp eq i8 %p_read_4, -1" [viterbi_2_1_4/viterbi.cpp:312]   --->   Operation 16 'icmp' 'icmp_ln312' <Predicate = (icmp_ln294_5 & !icmp_ln294_6 & !icmp_ln294_7)> <Delay = 1.21> <Core = "Cmp">   --->   Core 25 'Cmp' <Latency = 0> <II = 1> <Delay = 1.21> <FuncUnit> <Opcode : 'icmp'> <InPorts = 2> <OutPorts = 1>
ST_1 : Operation 17 [1/1] (0.00ns) (grouped into LUT with out node select_ln294_6)   --->   "%select_ln312 = select i1 %icmp_ln312, i3 -3, i3 -4" [viterbi_2_1_4/viterbi.cpp:312]   --->   Operation 17 'select' 'select_ln312' <Predicate = (icmp_ln294_5 & !icmp_ln294_6 & !icmp_ln294_7)> <Delay = 0.00> <Core = "Sel">   --->   Core 26 'Sel' <Latency = 0> <II = 1> <Delay = 0.79> <FuncUnit> <Opcode : 'select'> <InPorts = 3> <OutPorts = 1>
ST_1 : Operation 18 [1/1] (1.21ns)   --->   "%icmp_ln321 = icmp eq i8 %p_read_2, -1" [viterbi_2_1_4/viterbi.cpp:321]   --->   Operation 18 'icmp' 'icmp_ln321' <Predicate = (icmp_ln294_4 & !icmp_ln294_5 & !icmp_ln294_6 & !icmp_ln294_7)> <Delay = 1.21> <Core = "Cmp">   --->   Core 25 'Cmp' <Latency = 0> <II = 1> <Delay = 1.21> <FuncUnit> <Opcode : 'icmp'> <InPorts = 2> <OutPorts = 1>
ST_1 : Operation 19 [1/1] (0.00ns) (grouped into LUT with out node select_ln294_4)   --->   "%select_ln321 = select i1 %icmp_ln321, i3 -1, i3 -2" [viterbi_2_1_4/viterbi.cpp:321]   --->   Operation 19 'select' 'select_ln321' <Predicate = (icmp_ln294_4 & !icmp_ln294_5 & !icmp_ln294_6 & !icmp_ln294_7)> <Delay = 0.00> <Core = "Sel">   --->   Core 26 'Sel' <Latency = 0> <II = 1> <Delay = 0.79> <FuncUnit> <Opcode : 'select'> <InPorts = 3> <OutPorts = 1>
ST_1 : Operation 20 [1/1] (1.21ns)   --->   "%icmp_ln330 = icmp eq i8 %p_read_7, -1" [viterbi_2_1_4/viterbi.cpp:330]   --->   Operation 20 'icmp' 'icmp_ln330' <Predicate = (icmp_ln294_3 & !icmp_ln294_4 & !icmp_ln294_5 & !icmp_ln294_6 & !icmp_ln294_7)> <Delay = 1.21> <Core = "Cmp">   --->   Core 25 'Cmp' <Latency = 0> <II = 1> <Delay = 1.21> <FuncUnit> <Opcode : 'icmp'> <InPorts = 2> <OutPorts = 1>
ST_1 : Operation 21 [1/1] (0.00ns) (grouped into LUT with out node select_ln294_4)   --->   "%zext_ln339 = zext i1 %icmp_ln330 to i3" [viterbi_2_1_4/viterbi.cpp:339]   --->   Operation 21 'zext' 'zext_ln339' <Predicate = (icmp_ln294_3 & !icmp_ln294_4 & !icmp_ln294_5 & !icmp_ln294_6 & !icmp_ln294_7)> <Delay = 0.00>
ST_1 : Operation 22 [1/1] (1.21ns)   --->   "%icmp_ln339 = icmp eq i8 %p_read_5, -1" [viterbi_2_1_4/viterbi.cpp:339]   --->   Operation 22 'icmp' 'icmp_ln339' <Predicate = (icmp_ln294_2 & !icmp_ln294_3 & !icmp_ln294_4 & !icmp_ln294_5 & !icmp_ln294_6 & !icmp_ln294_7)> <Delay = 1.21> <Core = "Cmp">   --->   Core 25 'Cmp' <Latency = 0> <II = 1> <Delay = 1.21> <FuncUnit> <Opcode : 'icmp'> <InPorts = 2> <OutPorts = 1>
ST_1 : Operation 23 [1/1] (0.00ns) (grouped into LUT with out node select_ln294_2)   --->   "%select_ln339 = select i1 %icmp_ln339, i3 3, i3 2" [viterbi_2_1_4/viterbi.cpp:339]   --->   Operation 23 'select' 'select_ln339' <Predicate = (icmp_ln294_2 & !icmp_ln294_3 & !icmp_ln294_4 & !icmp_ln294_5 & !icmp_ln294_6 & !icmp_ln294_7)> <Delay = 0.00> <Core = "Sel">   --->   Core 26 'Sel' <Latency = 0> <II = 1> <Delay = 0.79> <FuncUnit> <Opcode : 'select'> <InPorts = 3> <OutPorts = 1>
ST_1 : Operation 24 [1/1] (1.21ns)   --->   "%icmp_ln348 = icmp eq i8 %p_read_3, -1" [viterbi_2_1_4/viterbi.cpp:348]   --->   Operation 24 'icmp' 'icmp_ln348' <Predicate = (icmp_ln294_1 & !icmp_ln294_2 & !icmp_ln294_3 & !icmp_ln294_4 & !icmp_ln294_5 & !icmp_ln294_6 & !icmp_ln294_7)> <Delay = 1.21> <Core = "Cmp">   --->   Core 25 'Cmp' <Latency = 0> <II = 1> <Delay = 1.21> <FuncUnit> <Opcode : 'icmp'> <InPorts = 2> <OutPorts = 1>
ST_1 : Operation 25 [1/1] (0.00ns) (grouped into LUT with out node select_ln294_2)   --->   "%select_ln348 = select i1 %icmp_ln348, i3 -3, i3 -4" [viterbi_2_1_4/viterbi.cpp:348]   --->   Operation 25 'select' 'select_ln348' <Predicate = (icmp_ln294_1 & !icmp_ln294_2 & !icmp_ln294_3 & !icmp_ln294_4 & !icmp_ln294_5 & !icmp_ln294_6 & !icmp_ln294_7)> <Delay = 0.00> <Core = "Sel">   --->   Core 26 'Sel' <Latency = 0> <II = 1> <Delay = 0.79> <FuncUnit> <Opcode : 'select'> <InPorts = 3> <OutPorts = 1>
ST_1 : Operation 26 [1/1] (1.21ns)   --->   "%icmp_ln357 = icmp eq i8 %p_read_1, -1" [viterbi_2_1_4/viterbi.cpp:357]   --->   Operation 26 'icmp' 'icmp_ln357' <Predicate = (icmp_ln294 & !icmp_ln294_1 & !icmp_ln294_2 & !icmp_ln294_3 & !icmp_ln294_4 & !icmp_ln294_5 & !icmp_ln294_6 & !icmp_ln294_7)> <Delay = 1.21> <Core = "Cmp">   --->   Core 25 'Cmp' <Latency = 0> <II = 1> <Delay = 1.21> <FuncUnit> <Opcode : 'icmp'> <InPorts = 2> <OutPorts = 1>
ST_1 : Operation 27 [1/1] (0.00ns) (grouped into LUT with out node select_ln294_2)   --->   "%select_ln357 = select i1 %icmp_ln357, i2 -1, i2 -2" [viterbi_2_1_4/viterbi.cpp:357]   --->   Operation 27 'select' 'select_ln357' <Predicate = (icmp_ln294 & !icmp_ln294_1 & !icmp_ln294_2 & !icmp_ln294_3 & !icmp_ln294_4 & !icmp_ln294_5 & !icmp_ln294_6 & !icmp_ln294_7)> <Delay = 0.00> <Core = "Sel">   --->   Core 26 'Sel' <Latency = 0> <II = 1> <Delay = 0.79> <FuncUnit> <Opcode : 'select'> <InPorts = 3> <OutPorts = 1>
ST_1 : Operation 28 [1/1] (0.98ns)   --->   "%icmp_ln294 = icmp eq i3 %state_read, -1" [viterbi_2_1_4/viterbi.cpp:294]   --->   Operation 28 'icmp' 'icmp_ln294' <Predicate = (!icmp_ln294_1 & !icmp_ln294_2 & !icmp_ln294_3 & !icmp_ln294_4 & !icmp_ln294_5 & !icmp_ln294_6 & !icmp_ln294_7)> <Delay = 0.98> <Core = "Cmp">   --->   Core 25 'Cmp' <Latency = 0> <II = 1> <Delay = 1.21> <FuncUnit> <Opcode : 'icmp'> <InPorts = 2> <OutPorts = 1>
ST_1 : Operation 29 [1/1] (0.00ns) (grouped into LUT with out node select_ln294_2)   --->   "%select_ln294 = select i1 %icmp_ln294, i2 %select_ln357, i2 0" [viterbi_2_1_4/viterbi.cpp:294]   --->   Operation 29 'select' 'select_ln294' <Predicate = (!icmp_ln294_1 & !icmp_ln294_2 & !icmp_ln294_3 & !icmp_ln294_4 & !icmp_ln294_5 & !icmp_ln294_6 & !icmp_ln294_7)> <Delay = 0.00> <Core = "Sel">   --->   Core 26 'Sel' <Latency = 0> <II = 1> <Delay = 0.79> <FuncUnit> <Opcode : 'select'> <InPorts = 3> <OutPorts = 1>
ST_1 : Operation 30 [1/1] (0.00ns) (grouped into LUT with out node select_ln294_2)   --->   "%sext_ln294 = sext i2 %select_ln294 to i3" [viterbi_2_1_4/viterbi.cpp:294]   --->   Operation 30 'sext' 'sext_ln294' <Predicate = (!icmp_ln294_1 & !icmp_ln294_2 & !icmp_ln294_3 & !icmp_ln294_4 & !icmp_ln294_5 & !icmp_ln294_6 & !icmp_ln294_7)> <Delay = 0.00>
ST_1 : Operation 31 [1/1] (0.98ns)   --->   "%icmp_ln294_1 = icmp eq i3 %state_read, -2" [viterbi_2_1_4/viterbi.cpp:294]   --->   Operation 31 'icmp' 'icmp_ln294_1' <Predicate = (!icmp_ln294_2 & !icmp_ln294_3 & !icmp_ln294_4 & !icmp_ln294_5 & !icmp_ln294_6 & !icmp_ln294_7)> <Delay = 0.98> <Core = "Cmp">   --->   Core 25 'Cmp' <Latency = 0> <II = 1> <Delay = 1.21> <FuncUnit> <Opcode : 'icmp'> <InPorts = 2> <OutPorts = 1>
ST_1 : Operation 32 [1/1] (0.00ns) (grouped into LUT with out node select_ln294_2)   --->   "%select_ln294_1 = select i1 %icmp_ln294_1, i3 %select_ln348, i3 %sext_ln294" [viterbi_2_1_4/viterbi.cpp:294]   --->   Operation 32 'select' 'select_ln294_1' <Predicate = (!icmp_ln294_2 & !icmp_ln294_3 & !icmp_ln294_4 & !icmp_ln294_5 & !icmp_ln294_6 & !icmp_ln294_7)> <Delay = 0.00> <Core = "Sel">   --->   Core 26 'Sel' <Latency = 0> <II = 1> <Delay = 0.79> <FuncUnit> <Opcode : 'select'> <InPorts = 3> <OutPorts = 1>
ST_1 : Operation 33 [1/1] (0.98ns)   --->   "%icmp_ln294_2 = icmp eq i3 %state_read, -3" [viterbi_2_1_4/viterbi.cpp:294]   --->   Operation 33 'icmp' 'icmp_ln294_2' <Predicate = (!icmp_ln294_3 & !icmp_ln294_4 & !icmp_ln294_5 & !icmp_ln294_6 & !icmp_ln294_7)> <Delay = 0.98> <Core = "Cmp">   --->   Core 25 'Cmp' <Latency = 0> <II = 1> <Delay = 1.21> <FuncUnit> <Opcode : 'icmp'> <InPorts = 2> <OutPorts = 1>
ST_1 : Operation 34 [1/1] (0.81ns) (out node of the LUT)   --->   "%select_ln294_2 = select i1 %icmp_ln294_2, i3 %select_ln339, i3 %select_ln294_1" [viterbi_2_1_4/viterbi.cpp:294]   --->   Operation 34 'select' 'select_ln294_2' <Predicate = (!icmp_ln294_3 & !icmp_ln294_4 & !icmp_ln294_5 & !icmp_ln294_6 & !icmp_ln294_7)> <Delay = 0.81> <Core = "Sel">   --->   Core 26 'Sel' <Latency = 0> <II = 1> <Delay = 0.79> <FuncUnit> <Opcode : 'select'> <InPorts = 3> <OutPorts = 1>
ST_1 : Operation 35 [1/1] (0.98ns)   --->   "%icmp_ln294_3 = icmp eq i3 %state_read, -4" [viterbi_2_1_4/viterbi.cpp:294]   --->   Operation 35 'icmp' 'icmp_ln294_3' <Predicate = (!icmp_ln294_4 & !icmp_ln294_5 & !icmp_ln294_6 & !icmp_ln294_7)> <Delay = 0.98> <Core = "Cmp">   --->   Core 25 'Cmp' <Latency = 0> <II = 1> <Delay = 1.21> <FuncUnit> <Opcode : 'icmp'> <InPorts = 2> <OutPorts = 1>
ST_1 : Operation 36 [1/1] (0.00ns) (grouped into LUT with out node select_ln294_4)   --->   "%select_ln294_3 = select i1 %icmp_ln294_3, i3 %zext_ln339, i3 %select_ln294_2" [viterbi_2_1_4/viterbi.cpp:294]   --->   Operation 36 'select' 'select_ln294_3' <Predicate = (!icmp_ln294_4 & !icmp_ln294_5 & !icmp_ln294_6 & !icmp_ln294_7)> <Delay = 0.00> <Core = "Sel">   --->   Core 26 'Sel' <Latency = 0> <II = 1> <Delay = 0.79> <FuncUnit> <Opcode : 'select'> <InPorts = 3> <OutPorts = 1>
ST_1 : Operation 37 [1/1] (0.98ns)   --->   "%icmp_ln294_4 = icmp eq i3 %state_read, 3" [viterbi_2_1_4/viterbi.cpp:294]   --->   Operation 37 'icmp' 'icmp_ln294_4' <Predicate = (!icmp_ln294_5 & !icmp_ln294_6 & !icmp_ln294_7)> <Delay = 0.98> <Core = "Cmp">   --->   Core 25 'Cmp' <Latency = 0> <II = 1> <Delay = 1.21> <FuncUnit> <Opcode : 'icmp'> <InPorts = 2> <OutPorts = 1>
ST_1 : Operation 38 [1/1] (0.81ns) (out node of the LUT)   --->   "%select_ln294_4 = select i1 %icmp_ln294_4, i3 %select_ln321, i3 %select_ln294_3" [viterbi_2_1_4/viterbi.cpp:294]   --->   Operation 38 'select' 'select_ln294_4' <Predicate = (!icmp_ln294_5 & !icmp_ln294_6 & !icmp_ln294_7)> <Delay = 0.81> <Core = "Sel">   --->   Core 26 'Sel' <Latency = 0> <II = 1> <Delay = 0.79> <FuncUnit> <Opcode : 'select'> <InPorts = 3> <OutPorts = 1>
ST_1 : Operation 39 [1/1] (0.98ns)   --->   "%icmp_ln294_5 = icmp eq i3 %state_read, 2" [viterbi_2_1_4/viterbi.cpp:294]   --->   Operation 39 'icmp' 'icmp_ln294_5' <Predicate = (!icmp_ln294_6 & !icmp_ln294_7)> <Delay = 0.98> <Core = "Cmp">   --->   Core 25 'Cmp' <Latency = 0> <II = 1> <Delay = 1.21> <FuncUnit> <Opcode : 'icmp'> <InPorts = 2> <OutPorts = 1>
ST_1 : Operation 40 [1/1] (0.00ns) (grouped into LUT with out node select_ln294_6)   --->   "%select_ln294_5 = select i1 %icmp_ln294_5, i3 %select_ln312, i3 %select_ln294_4" [viterbi_2_1_4/viterbi.cpp:294]   --->   Operation 40 'select' 'select_ln294_5' <Predicate = (!icmp_ln294_6 & !icmp_ln294_7)> <Delay = 0.00> <Core = "Sel">   --->   Core 26 'Sel' <Latency = 0> <II = 1> <Delay = 0.79> <FuncUnit> <Opcode : 'select'> <InPorts = 3> <OutPorts = 1>
ST_1 : Operation 41 [1/1] (0.98ns)   --->   "%icmp_ln294_6 = icmp eq i3 %state_read, 1" [viterbi_2_1_4/viterbi.cpp:294]   --->   Operation 41 'icmp' 'icmp_ln294_6' <Predicate = (!icmp_ln294_7)> <Delay = 0.98> <Core = "Cmp">   --->   Core 25 'Cmp' <Latency = 0> <II = 1> <Delay = 1.21> <FuncUnit> <Opcode : 'icmp'> <InPorts = 2> <OutPorts = 1>
ST_1 : Operation 42 [1/1] (0.79ns) (out node of the LUT)   --->   "%select_ln294_6 = select i1 %icmp_ln294_6, i3 %select_ln304, i3 %select_ln294_5" [viterbi_2_1_4/viterbi.cpp:294]   --->   Operation 42 'select' 'select_ln294_6' <Predicate = (!icmp_ln294_7)> <Delay = 0.79> <Core = "Sel">   --->   Core 26 'Sel' <Latency = 0> <II = 1> <Delay = 0.79> <FuncUnit> <Opcode : 'select'> <InPorts = 3> <OutPorts = 1>
ST_1 : Operation 43 [1/1] (0.98ns)   --->   "%icmp_ln294_7 = icmp eq i3 %state_read, 0" [viterbi_2_1_4/viterbi.cpp:294]   --->   Operation 43 'icmp' 'icmp_ln294_7' <Predicate = true> <Delay = 0.98> <Core = "Cmp">   --->   Core 25 'Cmp' <Latency = 0> <II = 1> <Delay = 1.21> <FuncUnit> <Opcode : 'icmp'> <InPorts = 2> <OutPorts = 1>
ST_1 : Operation 44 [1/1] (0.79ns) (out node of the LUT)   --->   "%select_ln294_7 = select i1 %icmp_ln294_7, i3 %zext_ln304, i3 %select_ln294_6" [viterbi_2_1_4/viterbi.cpp:294]   --->   Operation 44 'select' 'select_ln294_7' <Predicate = true> <Delay = 0.79> <Core = "Sel">   --->   Core 26 'Sel' <Latency = 0> <II = 1> <Delay = 0.79> <FuncUnit> <Opcode : 'select'> <InPorts = 3> <OutPorts = 1>
ST_1 : Operation 45 [1/1] (0.00ns)   --->   "ret i3 %select_ln294_7" [viterbi_2_1_4/viterbi.cpp:365]   --->   Operation 45 'ret' <Predicate = true> <Delay = 0.00>


============================================================
+ Verbose Summary: Binding
============================================================
STG Binding: 
---------------- STG Properties BEGIN ----------------
- Is combinational: 1
- Is one-state seq: 0
- Is datapath-only: 0
- Is pipelined: 1
- Is top level: 0
Port [ Return ] is wired: 1; IO mode=ap_ctrl_hs:ce=0
Port [ p_read]:  wired=1; compound=0; hidden=0; nouse=0; global=0; static=0; extern=0; dir=0; type=0; pingpong=0; private_global=0; IO mode=ap_none:ce=0
Port [ p_read1]:  wired=1; compound=0; hidden=0; nouse=0; global=0; static=0; extern=0; dir=0; type=0; pingpong=0; private_global=0; IO mode=ap_none:ce=0
Port [ p_read2]:  wired=1; compound=0; hidden=0; nouse=0; global=0; static=0; extern=0; dir=0; type=0; pingpong=0; private_global=0; IO mode=ap_none:ce=0
Port [ p_read3]:  wired=1; compound=0; hidden=0; nouse=0; global=0; static=0; extern=0; dir=0; type=0; pingpong=0; private_global=0; IO mode=ap_none:ce=0
Port [ p_read4]:  wired=1; compound=0; hidden=0; nouse=0; global=0; static=0; extern=0; dir=0; type=0; pingpong=0; private_global=0; IO mode=ap_none:ce=0
Port [ p_read5]:  wired=1; compound=0; hidden=0; nouse=0; global=0; static=0; extern=0; dir=0; type=0; pingpong=0; private_global=0; IO mode=ap_none:ce=0
Port [ p_read6]:  wired=1; compound=0; hidden=0; nouse=0; global=0; static=0; extern=0; dir=0; type=0; pingpong=0; private_global=0; IO mode=ap_none:ce=0
Port [ p_read7]:  wired=1; compound=0; hidden=0; nouse=0; global=0; static=0; extern=0; dir=0; type=0; pingpong=0; private_global=0; IO mode=ap_none:ce=0
Port [ state]:  wired=1; compound=0; hidden=0; nouse=0; global=0; static=0; extern=0; dir=0; type=0; pingpong=0; private_global=0; IO mode=ap_none:ce=0
---------------- STG Properties END ------------------

---------------- Datapath Model BEGIN ----------------

<LifeTime>
<method=bitvector/>
state_read         (read        ) [ 00]
p_read_1           (read        ) [ 00]
p_read_2           (read        ) [ 00]
p_read_3           (read        ) [ 00]
p_read_4           (read        ) [ 00]
p_read_5           (read        ) [ 00]
p_read_6           (read        ) [ 00]
p_read_7           (read        ) [ 00]
p_read_8           (read        ) [ 00]
specpipeline_ln292 (specpipeline) [ 00]
icmp_ln296         (icmp        ) [ 00]
zext_ln304         (zext        ) [ 00]
icmp_ln304         (icmp        ) [ 00]
select_ln304       (select      ) [ 00]
icmp_ln312         (icmp        ) [ 00]
select_ln312       (select      ) [ 00]
icmp_ln321         (icmp        ) [ 00]
select_ln321       (select      ) [ 00]
icmp_ln330         (icmp        ) [ 00]
zext_ln339         (zext        ) [ 00]
icmp_ln339         (icmp        ) [ 00]
select_ln339       (select      ) [ 00]
icmp_ln348         (icmp        ) [ 00]
select_ln348       (select      ) [ 00]
icmp_ln357         (icmp        ) [ 00]
select_ln357       (select      ) [ 00]
icmp_ln294         (icmp        ) [ 01]
select_ln294       (select      ) [ 00]
sext_ln294         (sext        ) [ 00]
icmp_ln294_1       (icmp        ) [ 01]
select_ln294_1     (select      ) [ 00]
icmp_ln294_2       (icmp        ) [ 01]
select_ln294_2     (select      ) [ 00]
icmp_ln294_3       (icmp        ) [ 01]
select_ln294_3     (select      ) [ 00]
icmp_ln294_4       (icmp        ) [ 01]
select_ln294_4     (select      ) [ 00]
icmp_ln294_5       (icmp        ) [ 01]
select_ln294_5     (select      ) [ 00]
icmp_ln294_6       (icmp        ) [ 01]
select_ln294_6     (select      ) [ 00]
icmp_ln294_7       (icmp        ) [ 01]
select_ln294_7     (select      ) [ 00]
ret_ln365          (ret         ) [ 00]
</LifeTime>

<model>

<comp_list>
<comp id="0" class="1000" name="p_read">
<pin_list>
<pin id="1" dir="1" index="0" bw="1" slack="0"/>
</pin_list>
<bind>
<StgValue><ssdm name="p_read"/></StgValue>
</bind>
</comp>

<comp id="2" class="1000" name="p_read1">
<pin_list>
<pin id="3" dir="1" index="0" bw="1" slack="0"/>
</pin_list>
<bind>
<StgValue><ssdm name="p_read1"/></StgValue>
</bind>
</comp>

<comp id="4" class="1000" name="p_read2">
<pin_list>
<pin id="5" dir="1" index="0" bw="1" slack="0"/>
</pin_list>
<bind>
<StgValue><ssdm name="p_read2"/></StgValue>
</bind>
</comp>

<comp id="6" class="1000" name="p_read3">
<pin_list>
<pin id="7" dir="1" index="0" bw="1" slack="0"/>
</pin_list>
<bind>
<StgValue><ssdm name="p_read3"/></StgValue>
</bind>
</comp>

<comp id="8" class="1000" name="p_read4">
<pin_list>
<pin id="9" dir="1" index="0" bw="1" slack="0"/>
</pin_list>
<bind>
<StgValue><ssdm name="p_read4"/></StgValue>
</bind>
</comp>

<comp id="10" class="1000" name="p_read5">
<pin_list>
<pin id="11" dir="1" index="0" bw="1" slack="0"/>
</pin_list>
<bind>
<StgValue><ssdm name="p_read5"/></StgValue>
</bind>
</comp>

<comp id="12" class="1000" name="p_read6">
<pin_list>
<pin id="13" dir="1" index="0" bw="1" slack="0"/>
</pin_list>
<bind>
<StgValue><ssdm name="p_read6"/></StgValue>
</bind>
</comp>

<comp id="14" class="1000" name="p_read7">
<pin_list>
<pin id="15" dir="1" index="0" bw="1" slack="0"/>
</pin_list>
<bind>
<StgValue><ssdm name="p_read7"/></StgValue>
</bind>
</comp>

<comp id="16" class="1000" name="state">
<pin_list>
<pin id="17" dir="1" index="0" bw="1" slack="0"/>
</pin_list>
<bind>
<StgValue><ssdm name="state"/></StgValue>
</bind>
</comp>

<comp id="18" class="1001" name="const_18">
<pin_list>
<pin id="19" dir="1" index="0" bw="1" slack="0"/>
</pin_list>
<bind>
<StgValue><ssdm name="_ssdm_op_Read.ap_auto.i3"/></StgValue>
</bind>
</comp>

<comp id="20" class="1001" name="const_20">
<pin_list>
<pin id="21" dir="1" index="0" bw="1" slack="0"/>
</pin_list>
<bind>
<StgValue><ssdm name="_ssdm_op_Read.ap_auto.i8"/></StgValue>
</bind>
</comp>

<comp id="22" class="1001" name="const_22">
<pin_list>
<pin id="23" dir="1" index="0" bw="1" slack="2147483647"/>
</pin_list>
<bind>
<StgValue><ssdm name="_ssdm_op_SpecPipeline"/></StgValue>
</bind>
</comp>

<comp id="24" class="1001" name="const_24">
<pin_list>
<pin id="25" dir="1" index="0" bw="1" slack="2147483647"/>
</pin_list>
<bind>
<StgValue><ssdm name=""/></StgValue>
</bind>
</comp>

<comp id="26" class="1001" name="const_26">
<pin_list>
<pin id="27" dir="1" index="0" bw="1" slack="2147483647"/>
</pin_list>
<bind>
<StgValue><ssdm name=""/></StgValue>
</bind>
</comp>

<comp id="28" class="1001" name="const_28">
<pin_list>
<pin id="29" dir="1" index="0" bw="1" slack="2147483647"/>
</pin_list>
<bind>
<StgValue><ssdm name=""/></StgValue>
</bind>
</comp>

<comp id="30" class="1001" name="const_30">
<pin_list>
<pin id="31" dir="1" index="0" bw="1" slack="2147483647"/>
</pin_list>
<bind>
<StgValue><ssdm name="p_str"/></StgValue>
</bind>
</comp>

<comp id="32" class="1001" name="const_32">
<pin_list>
<pin id="33" dir="1" index="0" bw="1" slack="0"/>
</pin_list>
<bind>
<StgValue><ssdm name=""/></StgValue>
</bind>
</comp>

<comp id="34" class="1001" name="const_34">
<pin_list>
<pin id="35" dir="1" index="0" bw="1" slack="0"/>
</pin_list>
<bind>
<StgValue><ssdm name=""/></StgValue>
</bind>
</comp>

<comp id="36" class="1001" name="const_36">
<pin_list>
<pin id="37" dir="1" index="0" bw="1" slack="0"/>
</pin_list>
<bind>
<StgValue><ssdm name=""/></StgValue>
</bind>
</comp>

<comp id="38" class="1001" name="const_38">
<pin_list>
<pin id="39" dir="1" index="0" bw="1" slack="0"/>
</pin_list>
<bind>
<StgValue><ssdm name=""/></StgValue>
</bind>
</comp>

<comp id="40" class="1001" name="const_40">
<pin_list>
<pin id="41" dir="1" index="0" bw="1" slack="0"/>
</pin_list>
<bind>
<StgValue><ssdm name=""/></StgValue>
</bind>
</comp>

<comp id="42" class="1001" name="const_42">
<pin_list>
<pin id="43" dir="1" index="0" bw="1" slack="0"/>
</pin_list>
<bind>
<StgValue><ssdm name=""/></StgValue>
</bind>
</comp>

<comp id="44" class="1001" name="const_44">
<pin_list>
<pin id="45" dir="1" index="0" bw="1" slack="0"/>
</pin_list>
<bind>
<StgValue><ssdm name=""/></StgValue>
</bind>
</comp>

<comp id="46" class="1001" name="const_46">
<pin_list>
<pin id="47" dir="1" index="0" bw="1" slack="0"/>
</pin_list>
<bind>
<StgValue><ssdm name=""/></StgValue>
</bind>
</comp>

<comp id="48" class="1001" name="const_48">
<pin_list>
<pin id="49" dir="1" index="0" bw="1" slack="0"/>
</pin_list>
<bind>
<StgValue><ssdm name=""/></StgValue>
</bind>
</comp>

<comp id="50" class="1001" name="const_50">
<pin_list>
<pin id="51" dir="1" index="0" bw="1" slack="0"/>
</pin_list>
<bind>
<StgValue><ssdm name=""/></StgValue>
</bind>
</comp>

<comp id="52" class="1001" name="const_52">
<pin_list>
<pin id="53" dir="1" index="0" bw="1" slack="0"/>
</pin_list>
<bind>
<StgValue><ssdm name=""/></StgValue>
</bind>
</comp>

<comp id="54" class="1001" name="const_54">
<pin_list>
<pin id="55" dir="1" index="0" bw="1" slack="0"/>
</pin_list>
<bind>
<StgValue><ssdm name=""/></StgValue>
</bind>
</comp>

<comp id="56" class="1004" name="state_read_read_fu_56">
<pin_list>
<pin id="57" dir="0" index="0" bw="3" slack="0"/>
<pin id="58" dir="0" index="1" bw="3" slack="0"/>
<pin id="59" dir="1" index="2" bw="3" slack="0"/>
</pin_list>
<bind>
<opcode="read(1150) " fcode="read"/>
<opset="state_read/1 "/>
</bind>
</comp>

<comp id="62" class="1004" name="p_read_1_read_fu_62">
<pin_list>
<pin id="63" dir="0" index="0" bw="8" slack="0"/>
<pin id="64" dir="0" index="1" bw="8" slack="0"/>
<pin id="65" dir="1" index="2" bw="8" slack="0"/>
</pin_list>
<bind>
<opcode="read(1150) " fcode="read"/>
<opset="p_read_1/1 "/>
</bind>
</comp>

<comp id="68" class="1004" name="p_read_2_read_fu_68">
<pin_list>
<pin id="69" dir="0" index="0" bw="8" slack="0"/>
<pin id="70" dir="0" index="1" bw="8" slack="0"/>
<pin id="71" dir="1" index="2" bw="8" slack="0"/>
</pin_list>
<bind>
<opcode="read(1150) " fcode="read"/>
<opset="p_read_2/1 "/>
</bind>
</comp>

<comp id="74" class="1004" name="p_read_3_read_fu_74">
<pin_list>
<pin id="75" dir="0" index="0" bw="8" slack="0"/>
<pin id="76" dir="0" index="1" bw="8" slack="0"/>
<pin id="77" dir="1" index="2" bw="8" slack="0"/>
</pin_list>
<bind>
<opcode="read(1150) " fcode="read"/>
<opset="p_read_3/1 "/>
</bind>
</comp>

<comp id="80" class="1004" name="p_read_4_read_fu_80">
<pin_list>
<pin id="81" dir="0" index="0" bw="8" slack="0"/>
<pin id="82" dir="0" index="1" bw="8" slack="0"/>
<pin id="83" dir="1" index="2" bw="8" slack="0"/>
</pin_list>
<bind>
<opcode="read(1150) " fcode="read"/>
<opset="p_read_4/1 "/>
</bind>
</comp>

<comp id="86" class="1004" name="p_read_5_read_fu_86">
<pin_list>
<pin id="87" dir="0" index="0" bw="8" slack="0"/>
<pin id="88" dir="0" index="1" bw="8" slack="0"/>
<pin id="89" dir="1" index="2" bw="8" slack="0"/>
</pin_list>
<bind>
<opcode="read(1150) " fcode="read"/>
<opset="p_read_5/1 "/>
</bind>
</comp>

<comp id="92" class="1004" name="p_read_6_read_fu_92">
<pin_list>
<pin id="93" dir="0" index="0" bw="8" slack="0"/>
<pin id="94" dir="0" index="1" bw="8" slack="0"/>
<pin id="95" dir="1" index="2" bw="8" slack="0"/>
</pin_list>
<bind>
<opcode="read(1150) " fcode="read"/>
<opset="p_read_6/1 "/>
</bind>
</comp>

<comp id="98" class="1004" name="p_read_7_read_fu_98">
<pin_list>
<pin id="99" dir="0" index="0" bw="8" slack="0"/>
<pin id="100" dir="0" index="1" bw="8" slack="0"/>
<pin id="101" dir="1" index="2" bw="8" slack="0"/>
</pin_list>
<bind>
<opcode="read(1150) " fcode="read"/>
<opset="p_read_7/1 "/>
</bind>
</comp>

<comp id="104" class="1004" name="p_read_8_read_fu_104">
<pin_list>
<pin id="105" dir="0" index="0" bw="8" slack="0"/>
<pin id="106" dir="0" index="1" bw="8" slack="0"/>
<pin id="107" dir="1" index="2" bw="8" slack="0"/>
</pin_list>
<bind>
<opcode="read(1150) " fcode="read"/>
<opset="p_read_8/1 "/>
</bind>
</comp>

<comp id="110" class="1004" name="icmp_ln296_fu_110">
<pin_list>
<pin id="111" dir="0" index="0" bw="8" slack="0"/>
<pin id="112" dir="0" index="1" bw="8" slack="0"/>
<pin id="113" dir="1" index="2" bw="1" slack="0"/>
</pin_list>
<bind>
<opcode="icmp(45) " fcode="icmp"/>
<opset="icmp_ln296/1 "/>
</bind>
</comp>

<comp id="116" class="1004" name="zext_ln304_fu_116">
<pin_list>
<pin id="117" dir="0" index="0" bw="1" slack="0"/>
<pin id="118" dir="1" index="1" bw="3" slack="0"/>
</pin_list>
<bind>
<opcode="zext(34) " fcode="zext"/>
<opset="zext_ln304/1 "/>
</bind>
</comp>

<comp id="120" class="1004" name="icmp_ln304_fu_120">
<pin_list>
<pin id="121" dir="0" index="0" bw="8" slack="0"/>
<pin id="122" dir="0" index="1" bw="8" slack="0"/>
<pin id="123" dir="1" index="2" bw="1" slack="0"/>
</pin_list>
<bind>
<opcode="icmp(45) " fcode="icmp"/>
<opset="icmp_ln304/1 "/>
</bind>
</comp>

<comp id="126" class="1004" name="select_ln304_fu_126">
<pin_list>
<pin id="127" dir="0" index="0" bw="1" slack="0"/>
<pin id="128" dir="0" index="1" bw="3" slack="0"/>
<pin id="129" dir="0" index="2" bw="3" slack="0"/>
<pin id="130" dir="1" index="3" bw="3" slack="0"/>
</pin_list>
<bind>
<opcode="select(49) " fcode="select"/>
<opset="select_ln304/1 "/>
</bind>
</comp>

<comp id="134" class="1004" name="icmp_ln312_fu_134">
<pin_list>
<pin id="135" dir="0" index="0" bw="8" slack="0"/>
<pin id="136" dir="0" index="1" bw="8" slack="0"/>
<pin id="137" dir="1" index="2" bw="1" slack="0"/>
</pin_list>
<bind>
<opcode="icmp(45) " fcode="icmp"/>
<opset="icmp_ln312/1 "/>
</bind>
</comp>

<comp id="140" class="1004" name="select_ln312_fu_140">
<pin_list>
<pin id="141" dir="0" index="0" bw="1" slack="0"/>
<pin id="142" dir="0" index="1" bw="3" slack="0"/>
<pin id="143" dir="0" index="2" bw="3" slack="0"/>
<pin id="144" dir="1" index="3" bw="3" slack="0"/>
</pin_list>
<bind>
<opcode="select(49) " fcode="select"/>
<opset="select_ln312/1 "/>
</bind>
</comp>

<comp id="148" class="1004" name="icmp_ln321_fu_148">
<pin_list>
<pin id="149" dir="0" index="0" bw="8" slack="0"/>
<pin id="150" dir="0" index="1" bw="8" slack="0"/>
<pin id="151" dir="1" index="2" bw="1" slack="0"/>
</pin_list>
<bind>
<opcode="icmp(45) " fcode="icmp"/>
<opset="icmp_ln321/1 "/>
</bind>
</comp>

<comp id="154" class="1004" name="select_ln321_fu_154">
<pin_list>
<pin id="155" dir="0" index="0" bw="1" slack="0"/>
<pin id="156" dir="0" index="1" bw="3" slack="0"/>
<pin id="157" dir="0" index="2" bw="3" slack="0"/>
<pin id="158" dir="1" index="3" bw="3" slack="0"/>
</pin_list>
<bind>
<opcode="select(49) " fcode="select"/>
<opset="select_ln321/1 "/>
</bind>
</comp>

<comp id="162" class="1004" name="icmp_ln330_fu_162">
<pin_list>
<pin id="163" dir="0" index="0" bw="8" slack="0"/>
<pin id="164" dir="0" index="1" bw="8" slack="0"/>
<pin id="165" dir="1" index="2" bw="1" slack="0"/>
</pin_list>
<bind>
<opcode="icmp(45) " fcode="icmp"/>
<opset="icmp_ln330/1 "/>
</bind>
</comp>

<comp id="168" class="1004" name="zext_ln339_fu_168">
<pin_list>
<pin id="169" dir="0" index="0" bw="1" slack="0"/>
<pin id="170" dir="1" index="1" bw="3" slack="0"/>
</pin_list>
<bind>
<opcode="zext(34) " fcode="zext"/>
<opset="zext_ln339/1 "/>
</bind>
</comp>

<comp id="172" class="1004" name="icmp_ln339_fu_172">
<pin_list>
<pin id="173" dir="0" index="0" bw="8" slack="0"/>
<pin id="174" dir="0" index="1" bw="8" slack="0"/>
<pin id="175" dir="1" index="2" bw="1" slack="0"/>
</pin_list>
<bind>
<opcode="icmp(45) " fcode="icmp"/>
<opset="icmp_ln339/1 "/>
</bind>
</comp>

<comp id="178" class="1004" name="select_ln339_fu_178">
<pin_list>
<pin id="179" dir="0" index="0" bw="1" slack="0"/>
<pin id="180" dir="0" index="1" bw="3" slack="0"/>
<pin id="181" dir="0" index="2" bw="3" slack="0"/>
<pin id="182" dir="1" index="3" bw="3" slack="0"/>
</pin_list>
<bind>
<opcode="select(49) " fcode="select"/>
<opset="select_ln339/1 "/>
</bind>
</comp>

<comp id="186" class="1004" name="icmp_ln348_fu_186">
<pin_list>
<pin id="187" dir="0" index="0" bw="8" slack="0"/>
<pin id="188" dir="0" index="1" bw="8" slack="0"/>
<pin id="189" dir="1" index="2" bw="1" slack="0"/>
</pin_list>
<bind>
<opcode="icmp(45) " fcode="icmp"/>
<opset="icmp_ln348/1 "/>
</bind>
</comp>

<comp id="192" class="1004" name="select_ln348_fu_192">
<pin_list>
<pin id="193" dir="0" index="0" bw="1" slack="0"/>
<pin id="194" dir="0" index="1" bw="3" slack="0"/>
<pin id="195" dir="0" index="2" bw="3" slack="0"/>
<pin id="196" dir="1" index="3" bw="3" slack="0"/>
</pin_list>
<bind>
<opcode="select(49) " fcode="select"/>
<opset="select_ln348/1 "/>
</bind>
</comp>

<comp id="200" class="1004" name="icmp_ln357_fu_200">
<pin_list>
<pin id="201" dir="0" index="0" bw="8" slack="0"/>
<pin id="202" dir="0" index="1" bw="8" slack="0"/>
<pin id="203" dir="1" index="2" bw="1" slack="0"/>
</pin_list>
<bind>
<opcode="icmp(45) " fcode="icmp"/>
<opset="icmp_ln357/1 "/>
</bind>
</comp>

<comp id="206" class="1004" name="select_ln357_fu_206">
<pin_list>
<pin id="207" dir="0" index="0" bw="1" slack="0"/>
<pin id="208" dir="0" index="1" bw="2" slack="0"/>
<pin id="209" dir="0" index="2" bw="2" slack="0"/>
<pin id="210" dir="1" index="3" bw="2" slack="0"/>
</pin_list>
<bind>
<opcode="select(49) " fcode="select"/>
<opset="select_ln357/1 "/>
</bind>
</comp>

<comp id="214" class="1004" name="icmp_ln294_fu_214">
<pin_list>
<pin id="215" dir="0" index="0" bw="3" slack="0"/>
<pin id="216" dir="0" index="1" bw="3" slack="0"/>
<pin id="217" dir="1" index="2" bw="1" slack="0"/>
</pin_list>
<bind>
<opcode="icmp(45) " fcode="icmp"/>
<opset="icmp_ln294/1 "/>
</bind>
</comp>

<comp id="220" class="1004" name="select_ln294_fu_220">
<pin_list>
<pin id="221" dir="0" index="0" bw="1" slack="0"/>
<pin id="222" dir="0" index="1" bw="2" slack="0"/>
<pin id="223" dir="0" index="2" bw="2" slack="0"/>
<pin id="224" dir="1" index="3" bw="2" slack="0"/>
</pin_list>
<bind>
<opcode="select(49) " fcode="select"/>
<opset="select_ln294/1 "/>
</bind>
</comp>

<comp id="228" class="1004" name="sext_ln294_fu_228">
<pin_list>
<pin id="229" dir="0" index="0" bw="2" slack="0"/>
<pin id="230" dir="1" index="1" bw="3" slack="0"/>
</pin_list>
<bind>
<opcode="sext(35) " fcode="sext"/>
<opset="sext_ln294/1 "/>
</bind>
</comp>

<comp id="232" class="1004" name="icmp_ln294_1_fu_232">
<pin_list>
<pin id="233" dir="0" index="0" bw="3" slack="0"/>
<pin id="234" dir="0" index="1" bw="3" slack="0"/>
<pin id="235" dir="1" index="2" bw="1" slack="0"/>
</pin_list>
<bind>
<opcode="icmp(45) " fcode="icmp"/>
<opset="icmp_ln294_1/1 "/>
</bind>
</comp>

<comp id="238" class="1004" name="select_ln294_1_fu_238">
<pin_list>
<pin id="239" dir="0" index="0" bw="1" slack="0"/>
<pin id="240" dir="0" index="1" bw="3" slack="0"/>
<pin id="241" dir="0" index="2" bw="3" slack="0"/>
<pin id="242" dir="1" index="3" bw="3" slack="0"/>
</pin_list>
<bind>
<opcode="select(49) " fcode="select"/>
<opset="select_ln294_1/1 "/>
</bind>
</comp>

<comp id="246" class="1004" name="icmp_ln294_2_fu_246">
<pin_list>
<pin id="247" dir="0" index="0" bw="3" slack="0"/>
<pin id="248" dir="0" index="1" bw="3" slack="0"/>
<pin id="249" dir="1" index="2" bw="1" slack="0"/>
</pin_list>
<bind>
<opcode="icmp(45) " fcode="icmp"/>
<opset="icmp_ln294_2/1 "/>
</bind>
</comp>

<comp id="252" class="1004" name="select_ln294_2_fu_252">
<pin_list>
<pin id="253" dir="0" index="0" bw="1" slack="0"/>
<pin id="254" dir="0" index="1" bw="3" slack="0"/>
<pin id="255" dir="0" index="2" bw="3" slack="0"/>
<pin id="256" dir="1" index="3" bw="3" slack="0"/>
</pin_list>
<bind>
<opcode="select(49) " fcode="select"/>
<opset="select_ln294_2/1 "/>
</bind>
</comp>

<comp id="260" class="1004" name="icmp_ln294_3_fu_260">
<pin_list>
<pin id="261" dir="0" index="0" bw="3" slack="0"/>
<pin id="262" dir="0" index="1" bw="3" slack="0"/>
<pin id="263" dir="1" index="2" bw="1" slack="0"/>
</pin_list>
<bind>
<opcode="icmp(45) " fcode="icmp"/>
<opset="icmp_ln294_3/1 "/>
</bind>
</comp>

<comp id="266" class="1004" name="select_ln294_3_fu_266">
<pin_list>
<pin id="267" dir="0" index="0" bw="1" slack="0"/>
<pin id="268" dir="0" index="1" bw="3" slack="0"/>
<pin id="269" dir="0" index="2" bw="3" slack="0"/>
<pin id="270" dir="1" index="3" bw="3" slack="0"/>
</pin_list>
<bind>
<opcode="select(49) " fcode="select"/>
<opset="select_ln294_3/1 "/>
</bind>
</comp>

<comp id="274" class="1004" name="icmp_ln294_4_fu_274">
<pin_list>
<pin id="275" dir="0" index="0" bw="3" slack="0"/>
<pin id="276" dir="0" index="1" bw="3" slack="0"/>
<pin id="277" dir="1" index="2" bw="1" slack="0"/>
</pin_list>
<bind>
<opcode="icmp(45) " fcode="icmp"/>
<opset="icmp_ln294_4/1 "/>
</bind>
</comp>

<comp id="280" class="1004" name="select_ln294_4_fu_280">
<pin_list>
<pin id="281" dir="0" index="0" bw="1" slack="0"/>
<pin id="282" dir="0" index="1" bw="3" slack="0"/>
<pin id="283" dir="0" index="2" bw="3" slack="0"/>
<pin id="284" dir="1" index="3" bw="3" slack="0"/>
</pin_list>
<bind>
<opcode="select(49) " fcode="select"/>
<opset="select_ln294_4/1 "/>
</bind>
</comp>

<comp id="288" class="1004" name="icmp_ln294_5_fu_288">
<pin_list>
<pin id="289" dir="0" index="0" bw="3" slack="0"/>
<pin id="290" dir="0" index="1" bw="3" slack="0"/>
<pin id="291" dir="1" index="2" bw="1" slack="0"/>
</pin_list>
<bind>
<opcode="icmp(45) " fcode="icmp"/>
<opset="icmp_ln294_5/1 "/>
</bind>
</comp>

<comp id="294" class="1004" name="select_ln294_5_fu_294">
<pin_list>
<pin id="295" dir="0" index="0" bw="1" slack="0"/>
<pin id="296" dir="0" index="1" bw="3" slack="0"/>
<pin id="297" dir="0" index="2" bw="3" slack="0"/>
<pin id="298" dir="1" index="3" bw="3" slack="0"/>
</pin_list>
<bind>
<opcode="select(49) " fcode="select"/>
<opset="select_ln294_5/1 "/>
</bind>
</comp>

<comp id="302" class="1004" name="icmp_ln294_6_fu_302">
<pin_list>
<pin id="303" dir="0" index="0" bw="3" slack="0"/>
<pin id="304" dir="0" index="1" bw="3" slack="0"/>
<pin id="305" dir="1" index="2" bw="1" slack="0"/>
</pin_list>
<bind>
<opcode="icmp(45) " fcode="icmp"/>
<opset="icmp_ln294_6/1 "/>
</bind>
</comp>

<comp id="308" class="1004" name="select_ln294_6_fu_308">
<pin_list>
<pin id="309" dir="0" index="0" bw="1" slack="0"/>
<pin id="310" dir="0" index="1" bw="3" slack="0"/>
<pin id="311" dir="0" index="2" bw="3" slack="0"/>
<pin id="312" dir="1" index="3" bw="3" slack="0"/>
</pin_list>
<bind>
<opcode="select(49) " fcode="select"/>
<opset="select_ln294_6/1 "/>
</bind>
</comp>

<comp id="316" class="1004" name="icmp_ln294_7_fu_316">
<pin_list>
<pin id="317" dir="0" index="0" bw="3" slack="0"/>
<pin id="318" dir="0" index="1" bw="3" slack="0"/>
<pin id="319" dir="1" index="2" bw="1" slack="0"/>
</pin_list>
<bind>
<opcode="icmp(45) " fcode="icmp"/>
<opset="icmp_ln294_7/1 "/>
</bind>
</comp>

<comp id="322" class="1004" name="select_ln294_7_fu_322">
<pin_list>
<pin id="323" dir="0" index="0" bw="1" slack="0"/>
<pin id="324" dir="0" index="1" bw="3" slack="0"/>
<pin id="325" dir="0" index="2" bw="3" slack="0"/>
<pin id="326" dir="1" index="3" bw="3" slack="2147483647"/>
</pin_list>
<bind>
<opcode="select(49) " fcode="select"/>
<opset="select_ln294_7/1 "/>
</bind>
</comp>

</comp_list>

<net_list>
<net id="60"><net_src comp="18" pin="0"/><net_sink comp="56" pin=0"/></net>

<net id="61"><net_src comp="16" pin="0"/><net_sink comp="56" pin=1"/></net>

<net id="66"><net_src comp="20" pin="0"/><net_sink comp="62" pin=0"/></net>

<net id="67"><net_src comp="14" pin="0"/><net_sink comp="62" pin=1"/></net>

<net id="72"><net_src comp="20" pin="0"/><net_sink comp="68" pin=0"/></net>

<net id="73"><net_src comp="12" pin="0"/><net_sink comp="68" pin=1"/></net>

<net id="78"><net_src comp="20" pin="0"/><net_sink comp="74" pin=0"/></net>

<net id="79"><net_src comp="10" pin="0"/><net_sink comp="74" pin=1"/></net>

<net id="84"><net_src comp="20" pin="0"/><net_sink comp="80" pin=0"/></net>

<net id="85"><net_src comp="8" pin="0"/><net_sink comp="80" pin=1"/></net>

<net id="90"><net_src comp="20" pin="0"/><net_sink comp="86" pin=0"/></net>

<net id="91"><net_src comp="6" pin="0"/><net_sink comp="86" pin=1"/></net>

<net id="96"><net_src comp="20" pin="0"/><net_sink comp="92" pin=0"/></net>

<net id="97"><net_src comp="4" pin="0"/><net_sink comp="92" pin=1"/></net>

<net id="102"><net_src comp="20" pin="0"/><net_sink comp="98" pin=0"/></net>

<net id="103"><net_src comp="2" pin="0"/><net_sink comp="98" pin=1"/></net>

<net id="108"><net_src comp="20" pin="0"/><net_sink comp="104" pin=0"/></net>

<net id="109"><net_src comp="0" pin="0"/><net_sink comp="104" pin=1"/></net>

<net id="114"><net_src comp="104" pin="2"/><net_sink comp="110" pin=0"/></net>

<net id="115"><net_src comp="32" pin="0"/><net_sink comp="110" pin=1"/></net>

<net id="119"><net_src comp="110" pin="2"/><net_sink comp="116" pin=0"/></net>

<net id="124"><net_src comp="92" pin="2"/><net_sink comp="120" pin=0"/></net>

<net id="125"><net_src comp="32" pin="0"/><net_sink comp="120" pin=1"/></net>

<net id="131"><net_src comp="120" pin="2"/><net_sink comp="126" pin=0"/></net>

<net id="132"><net_src comp="34" pin="0"/><net_sink comp="126" pin=1"/></net>

<net id="133"><net_src comp="36" pin="0"/><net_sink comp="126" pin=2"/></net>

<net id="138"><net_src comp="80" pin="2"/><net_sink comp="134" pin=0"/></net>

<net id="139"><net_src comp="32" pin="0"/><net_sink comp="134" pin=1"/></net>

<net id="145"><net_src comp="134" pin="2"/><net_sink comp="140" pin=0"/></net>

<net id="146"><net_src comp="38" pin="0"/><net_sink comp="140" pin=1"/></net>

<net id="147"><net_src comp="40" pin="0"/><net_sink comp="140" pin=2"/></net>

<net id="152"><net_src comp="68" pin="2"/><net_sink comp="148" pin=0"/></net>

<net id="153"><net_src comp="32" pin="0"/><net_sink comp="148" pin=1"/></net>

<net id="159"><net_src comp="148" pin="2"/><net_sink comp="154" pin=0"/></net>

<net id="160"><net_src comp="42" pin="0"/><net_sink comp="154" pin=1"/></net>

<net id="161"><net_src comp="44" pin="0"/><net_sink comp="154" pin=2"/></net>

<net id="166"><net_src comp="98" pin="2"/><net_sink comp="162" pin=0"/></net>

<net id="167"><net_src comp="32" pin="0"/><net_sink comp="162" pin=1"/></net>

<net id="171"><net_src comp="162" pin="2"/><net_sink comp="168" pin=0"/></net>

<net id="176"><net_src comp="86" pin="2"/><net_sink comp="172" pin=0"/></net>

<net id="177"><net_src comp="32" pin="0"/><net_sink comp="172" pin=1"/></net>

<net id="183"><net_src comp="172" pin="2"/><net_sink comp="178" pin=0"/></net>

<net id="184"><net_src comp="34" pin="0"/><net_sink comp="178" pin=1"/></net>

<net id="185"><net_src comp="36" pin="0"/><net_sink comp="178" pin=2"/></net>

<net id="190"><net_src comp="74" pin="2"/><net_sink comp="186" pin=0"/></net>

<net id="191"><net_src comp="32" pin="0"/><net_sink comp="186" pin=1"/></net>

<net id="197"><net_src comp="186" pin="2"/><net_sink comp="192" pin=0"/></net>

<net id="198"><net_src comp="38" pin="0"/><net_sink comp="192" pin=1"/></net>

<net id="199"><net_src comp="40" pin="0"/><net_sink comp="192" pin=2"/></net>

<net id="204"><net_src comp="62" pin="2"/><net_sink comp="200" pin=0"/></net>

<net id="205"><net_src comp="32" pin="0"/><net_sink comp="200" pin=1"/></net>

<net id="211"><net_src comp="200" pin="2"/><net_sink comp="206" pin=0"/></net>

<net id="212"><net_src comp="46" pin="0"/><net_sink comp="206" pin=1"/></net>

<net id="213"><net_src comp="48" pin="0"/><net_sink comp="206" pin=2"/></net>

<net id="218"><net_src comp="56" pin="2"/><net_sink comp="214" pin=0"/></net>

<net id="219"><net_src comp="42" pin="0"/><net_sink comp="214" pin=1"/></net>

<net id="225"><net_src comp="214" pin="2"/><net_sink comp="220" pin=0"/></net>

<net id="226"><net_src comp="206" pin="3"/><net_sink comp="220" pin=1"/></net>

<net id="227"><net_src comp="50" pin="0"/><net_sink comp="220" pin=2"/></net>

<net id="231"><net_src comp="220" pin="3"/><net_sink comp="228" pin=0"/></net>

<net id="236"><net_src comp="56" pin="2"/><net_sink comp="232" pin=0"/></net>

<net id="237"><net_src comp="44" pin="0"/><net_sink comp="232" pin=1"/></net>

<net id="243"><net_src comp="232" pin="2"/><net_sink comp="238" pin=0"/></net>

<net id="244"><net_src comp="192" pin="3"/><net_sink comp="238" pin=1"/></net>

<net id="245"><net_src comp="228" pin="1"/><net_sink comp="238" pin=2"/></net>

<net id="250"><net_src comp="56" pin="2"/><net_sink comp="246" pin=0"/></net>

<net id="251"><net_src comp="38" pin="0"/><net_sink comp="246" pin=1"/></net>

<net id="257"><net_src comp="246" pin="2"/><net_sink comp="252" pin=0"/></net>

<net id="258"><net_src comp="178" pin="3"/><net_sink comp="252" pin=1"/></net>

<net id="259"><net_src comp="238" pin="3"/><net_sink comp="252" pin=2"/></net>

<net id="264"><net_src comp="56" pin="2"/><net_sink comp="260" pin=0"/></net>

<net id="265"><net_src comp="40" pin="0"/><net_sink comp="260" pin=1"/></net>

<net id="271"><net_src comp="260" pin="2"/><net_sink comp="266" pin=0"/></net>

<net id="272"><net_src comp="168" pin="1"/><net_sink comp="266" pin=1"/></net>

<net id="273"><net_src comp="252" pin="3"/><net_sink comp="266" pin=2"/></net>

<net id="278"><net_src comp="56" pin="2"/><net_sink comp="274" pin=0"/></net>

<net id="279"><net_src comp="34" pin="0"/><net_sink comp="274" pin=1"/></net>

<net id="285"><net_src comp="274" pin="2"/><net_sink comp="280" pin=0"/></net>

<net id="286"><net_src comp="154" pin="3"/><net_sink comp="280" pin=1"/></net>

<net id="287"><net_src comp="266" pin="3"/><net_sink comp="280" pin=2"/></net>

<net id="292"><net_src comp="56" pin="2"/><net_sink comp="288" pin=0"/></net>

<net id="293"><net_src comp="36" pin="0"/><net_sink comp="288" pin=1"/></net>

<net id="299"><net_src comp="288" pin="2"/><net_sink comp="294" pin=0"/></net>

<net id="300"><net_src comp="140" pin="3"/><net_sink comp="294" pin=1"/></net>

<net id="301"><net_src comp="280" pin="3"/><net_sink comp="294" pin=2"/></net>

<net id="306"><net_src comp="56" pin="2"/><net_sink comp="302" pin=0"/></net>

<net id="307"><net_src comp="52" pin="0"/><net_sink comp="302" pin=1"/></net>

<net id="313"><net_src comp="302" pin="2"/><net_sink comp="308" pin=0"/></net>

<net id="314"><net_src comp="126" pin="3"/><net_sink comp="308" pin=1"/></net>

<net id="315"><net_src comp="294" pin="3"/><net_sink comp="308" pin=2"/></net>

<net id="320"><net_src comp="56" pin="2"/><net_sink comp="316" pin=0"/></net>

<net id="321"><net_src comp="54" pin="0"/><net_sink comp="316" pin=1"/></net>

<net id="327"><net_src comp="316" pin="2"/><net_sink comp="322" pin=0"/></net>

<net id="328"><net_src comp="116" pin="1"/><net_sink comp="322" pin=1"/></net>

<net id="329"><net_src comp="308" pin="3"/><net_sink comp="322" pin=2"/></net>

</net_list>

</model> 
---------------- Datapath Model END ------------------

* FSMD analyzer results:
  - Output states:
 - Input state : 
	Port: getReturnPath : p_read | {1 }
	Port: getReturnPath : p_read1 | {1 }
	Port: getReturnPath : p_read2 | {1 }
	Port: getReturnPath : p_read3 | {1 }
	Port: getReturnPath : p_read4 | {1 }
	Port: getReturnPath : p_read5 | {1 }
	Port: getReturnPath : p_read6 | {1 }
	Port: getReturnPath : p_read7 | {1 }
	Port: getReturnPath : state | {1 }
  - Chain level:
	State 1
		zext_ln304 : 1
		select_ln304 : 1
		select_ln312 : 1
		select_ln321 : 1
		zext_ln339 : 1
		select_ln339 : 1
		select_ln348 : 1
		select_ln357 : 1
		select_ln294 : 2
		sext_ln294 : 3
		select_ln294_1 : 4
		select_ln294_2 : 5
		select_ln294_3 : 6
		select_ln294_4 : 7
		select_ln294_5 : 8
		select_ln294_6 : 9
		select_ln294_7 : 10
		ret_ln365 : 11


============================================================
+ Verbose Summary: Datapath Resource usage 
============================================================

* Functional unit list:
|----------|-----------------------|---------|---------|
| Operation|    Functional Unit    |    FF   |   LUT   |
|----------|-----------------------|---------|---------|
|          |   icmp_ln296_fu_110   |    0    |    11   |
|          |   icmp_ln304_fu_120   |    0    |    11   |
|          |   icmp_ln312_fu_134   |    0    |    11   |
|          |   icmp_ln321_fu_148   |    0    |    11   |
|          |   icmp_ln330_fu_162   |    0    |    11   |
|          |   icmp_ln339_fu_172   |    0    |    11   |
|          |   icmp_ln348_fu_186   |    0    |    11   |
|   icmp   |   icmp_ln357_fu_200   |    0    |    11   |
|          |   icmp_ln294_fu_214   |    0    |    9    |
|          |  icmp_ln294_1_fu_232  |    0    |    9    |
|          |  icmp_ln294_2_fu_246  |    0    |    9    |
|          |  icmp_ln294_3_fu_260  |    0    |    9    |
|          |  icmp_ln294_4_fu_274  |    0    |    9    |
|          |  icmp_ln294_5_fu_288  |    0    |    9    |
|          |  icmp_ln294_6_fu_302  |    0    |    9    |
|          |  icmp_ln294_7_fu_316  |    0    |    9    |
|----------|-----------------------|---------|---------|
|          |  select_ln304_fu_126  |    0    |    3    |
|          |  select_ln312_fu_140  |    0    |    3    |
|          |  select_ln321_fu_154  |    0    |    3    |
|          |  select_ln339_fu_178  |    0    |    3    |
|          |  select_ln348_fu_192  |    0    |    3    |
|          |  select_ln357_fu_206  |    0    |    2    |
|  select  |  select_ln294_fu_220  |    0    |    2    |
|          | select_ln294_1_fu_238 |    0    |    3    |
|          | select_ln294_2_fu_252 |    0    |    3    |
|          | select_ln294_3_fu_266 |    0    |    3    |
|          | select_ln294_4_fu_280 |    0    |    3    |
|          | select_ln294_5_fu_294 |    0    |    3    |
|          | select_ln294_6_fu_308 |    0    |    3    |
|          | select_ln294_7_fu_322 |    0    |    3    |
|----------|-----------------------|---------|---------|
|          | state_read_read_fu_56 |    0    |    0    |
|          |  p_read_1_read_fu_62  |    0    |    0    |
|          |  p_read_2_read_fu_68  |    0    |    0    |
|          |  p_read_3_read_fu_74  |    0    |    0    |
|   read   |  p_read_4_read_fu_80  |    0    |    0    |
|          |  p_read_5_read_fu_86  |    0    |    0    |
|          |  p_read_6_read_fu_92  |    0    |    0    |
|          |  p_read_7_read_fu_98  |    0    |    0    |
|          |  p_read_8_read_fu_104 |    0    |    0    |
|----------|-----------------------|---------|---------|
|   zext   |   zext_ln304_fu_116   |    0    |    0    |
|          |   zext_ln339_fu_168   |    0    |    0    |
|----------|-----------------------|---------|---------|
|   sext   |   sext_ln294_fu_228   |    0    |    0    |
|----------|-----------------------|---------|---------|
|   Total  |                       |    0    |   200   |
|----------|-----------------------|---------|---------|

Memories:
N/A

* Register list:
N/A

* Multiplexer (MUX) list: 
|--------|------|------|------|--------|
|  Comp  |  Pin | Size |  BW  | S x BW |
|--------|------|------|------|--------|
|  Total |      |      |      |    0   |
|--------|------|------|------|--------|



* Summary:
+-----------+--------+--------+
|           |   FF   |   LUT  |
+-----------+--------+--------+
|  Function |    0   |   200  |
|   Memory  |    -   |    -   |
|Multiplexer|    -   |    -   |
|  Register |    -   |    -   |
+-----------+--------+--------+
|   Total   |    0   |   200  |
+-----------+--------+--------+
