Vivado Simulator 2019.1
Copyright 1986-1999, 2001-2019 Xilinx, Inc. All Rights Reserved.
Running: K:/Xilinx/Vivado/2019.1/bin/unwrapped/win64.o/xelab.exe -wto 74263e06264f4e11bf1eab40f0a7b333 --incr --debug typical --relax --mt 2 -L xil_defaultlib -L unisims_ver -L secureip --snapshot decoder_tb_func_synth xil_defaultlib.decoder_tb xil_defaultlib.glbl -log elaborate.log 
Using 2 slave threads.
Starting static elaboration
Completed static elaboration
Starting simulation data flow analysis
WARNING: [XSIM 43-4100] "C:/Users/fahim/xilinx_proj_1/xilinx_proj_1.sim/sim_1/synth/func/xsim/decoder_tb_func_synth.v" Line 15. Module decoder has a timescale but at least one module in design doesn't have timescale.
WARNING: [XSIM 43-4100] "/wrk/2019.1/continuous/2019_05_24_2552052/data/verilog/src/unisims/PULLDOWN.v" Line 25. Module PULLDOWN has a timescale but at least one module in design doesn't have timescale.
WARNING: [XSIM 43-4100] "/wrk/2019.1/continuous/2019_05_24_2552052/data/verilog/src/unisims/PULLDOWN.v" Line 25. Module PULLDOWN has a timescale but at least one module in design doesn't have timescale.
WARNING: [XSIM 43-4100] "/wrk/2019.1/continuous/2019_05_24_2552052/data/verilog/src/unisims/PULLDOWN.v" Line 25. Module PULLDOWN has a timescale but at least one module in design doesn't have timescale.
WARNING: [XSIM 43-4100] "/wrk/2019.1/continuous/2019_05_24_2552052/data/verilog/src/unisims/LUT5.v" Line 30. Module LUT5 has a timescale but at least one module in design doesn't have timescale.
WARNING: [XSIM 43-4100] "/wrk/2019.1/continuous/2019_05_24_2552052/data/verilog/src/unisims/LUT5.v" Line 30. Module LUT5 has a timescale but at least one module in design doesn't have timescale.
WARNING: [XSIM 43-4100] "/wrk/2019.1/continuous/2019_05_24_2552052/data/verilog/src/unisims/LUT5.v" Line 30. Module LUT5 has a timescale but at least one module in design doesn't have timescale.
WARNING: [XSIM 43-4100] "/wrk/2019.1/continuous/2019_05_24_2552052/data/verilog/src/unisims/LUT5.v" Line 30. Module LUT5 has a timescale but at least one module in design doesn't have timescale.
WARNING: [XSIM 43-4100] "/wrk/2019.1/continuous/2019_05_24_2552052/data/verilog/src/unisims/LUT5.v" Line 30. Module LUT5 has a timescale but at least one module in design doesn't have timescale.
WARNING: [XSIM 43-4100] "/wrk/2019.1/continuous/2019_05_24_2552052/data/verilog/src/unisims/LUT1.v" Line 27. Module LUT1 has a timescale but at least one module in design doesn't have timescale.
WARNING: [XSIM 43-4100] "/wrk/2019.1/continuous/2019_05_24_2552052/data/verilog/src/unisims/LUT1.v" Line 62. Module x_lut1_mux2 has a timescale but at least one module in design doesn't have timescale.
WARNING: [XSIM 43-4100] "/wrk/2019.1/continuous/2019_05_24_2552052/data/verilog/src/unisims/LUT4.v" Line 30. Module LUT4 has a timescale but at least one module in design doesn't have timescale.
WARNING: [XSIM 43-4100] "/wrk/2019.1/continuous/2019_05_24_2552052/data/verilog/src/unisims/LUT5.v" Line 30. Module LUT5 has a timescale but at least one module in design doesn't have timescale.
WARNING: [XSIM 43-4100] "/wrk/2019.1/continuous/2019_05_24_2552052/data/verilog/src/unisims/LUT4.v" Line 30. Module LUT4 has a timescale but at least one module in design doesn't have timescale.
WARNING: [XSIM 43-4100] "/wrk/2019.1/continuous/2019_05_24_2552052/data/verilog/src/unisims/LUT6.v" Line 30. Module LUT6 has a timescale but at least one module in design doesn't have timescale.
WARNING: [XSIM 43-4100] "/wrk/2019.1/continuous/2019_05_24_2552052/data/verilog/src/unisims/FDSE.v" Line 27. Module FDSE_default has a timescale but at least one module in design doesn't have timescale.
WARNING: [XSIM 43-4100] "/wrk/2019.1/continuous/2019_05_24_2552052/data/verilog/src/unisims/FDRE.v" Line 27. Module FDRE_default has a timescale but at least one module in design doesn't have timescale.
WARNING: [XSIM 43-4100] "/wrk/2019.1/continuous/2019_05_24_2552052/data/verilog/src/unisims/FDRE.v" Line 27. Module FDRE_default has a timescale but at least one module in design doesn't have timescale.
WARNING: [XSIM 43-4100] "/wrk/2019.1/continuous/2019_05_24_2552052/data/verilog/src/unisims/FDRE.v" Line 27. Module FDRE_default has a timescale but at least one module in design doesn't have timescale.
WARNING: [XSIM 43-4100] "/wrk/2019.1/continuous/2019_05_24_2552052/data/verilog/src/unisims/FDRE.v" Line 27. Module FDRE_default has a timescale but at least one module in design doesn't have timescale.
WARNING: [XSIM 43-4100] "/wrk/2019.1/continuous/2019_05_24_2552052/data/verilog/src/unisims/FDRE.v" Line 27. Module FDRE_default has a timescale but at least one module in design doesn't have timescale.
WARNING: [XSIM 43-4100] "/wrk/2019.1/continuous/2019_05_24_2552052/data/verilog/src/unisims/FDRE.v" Line 27. Module FDRE_default has a timescale but at least one module in design doesn't have timescale.
WARNING: [XSIM 43-4100] "/wrk/2019.1/continuous/2019_05_24_2552052/data/verilog/src/unisims/BUFG.v" Line 27. Module BUFG has a timescale but at least one module in design doesn't have timescale.
WARNING: [XSIM 43-4100] "/wrk/2019.1/continuous/2019_05_24_2552052/data/verilog/src/unisims/IBUF.v" Line 29. Module IBUF has a timescale but at least one module in design doesn't have timescale.
WARNING: [XSIM 43-4100] "/wrk/2019.1/continuous/2019_05_24_2552052/data/verilog/src/unisims/LUT1.v" Line 27. Module LUT1 has a timescale but at least one module in design doesn't have timescale.
WARNING: [XSIM 43-4100] "/wrk/2019.1/continuous/2019_05_24_2552052/data/verilog/src/unisims/LUT1.v" Line 62. Module x_lut1_mux2 has a timescale but at least one module in design doesn't have timescale.
WARNING: [XSIM 43-4100] "/wrk/2019.1/continuous/2019_05_24_2552052/data/verilog/src/unisims/LUT2.v" Line 28. Module LUT2 has a timescale but at least one module in design doesn't have timescale.
WARNING: [XSIM 43-4100] "/wrk/2019.1/continuous/2019_05_24_2552052/data/verilog/src/unisims/LUT2.v" Line 65. Module x_lut2_mux4 has a timescale but at least one module in design doesn't have timescale.
WARNING: [XSIM 43-4100] "/wrk/2019.1/continuous/2019_05_24_2552052/data/verilog/src/unisims/LUT3.v" Line 28. Module LUT3 has a timescale but at least one module in design doesn't have timescale.
WARNING: [XSIM 43-4100] "/wrk/2019.1/continuous/2019_05_24_2552052/data/verilog/src/unisims/LUT3.v" Line 67. Module x_lut3_mux8 has a timescale but at least one module in design doesn't have timescale.
WARNING: [XSIM 43-4100] "/wrk/2019.1/continuous/2019_05_24_2552052/data/verilog/src/unisims/LUT2.v" Line 28. Module LUT2 has a timescale but at least one module in design doesn't have timescale.
WARNING: [XSIM 43-4100] "/wrk/2019.1/continuous/2019_05_24_2552052/data/verilog/src/unisims/LUT2.v" Line 65. Module x_lut2_mux4 has a timescale but at least one module in design doesn't have timescale.
WARNING: [XSIM 43-4100] "/wrk/2019.1/continuous/2019_05_24_2552052/data/verilog/src/unisims/LUT3.v" Line 28. Module LUT3 has a timescale but at least one module in design doesn't have timescale.
WARNING: [XSIM 43-4100] "/wrk/2019.1/continuous/2019_05_24_2552052/data/verilog/src/unisims/LUT3.v" Line 67. Module x_lut3_mux8 has a timescale but at least one module in design doesn't have timescale.
WARNING: [XSIM 43-4100] "/wrk/2019.1/continuous/2019_05_24_2552052/data/verilog/src/unisims/FDRE.v" Line 27. Module FDRE_default has a timescale but at least one module in design doesn't have timescale.
WARNING: [XSIM 43-4100] "/wrk/2019.1/continuous/2019_05_24_2552052/data/verilog/src/unisims/FDRE.v" Line 27. Module FDRE_default has a timescale but at least one module in design doesn't have timescale.
WARNING: [XSIM 43-4100] "/wrk/2019.1/continuous/2019_05_24_2552052/data/verilog/src/unisims/FDRE.v" Line 27. Module FDRE_default has a timescale but at least one module in design doesn't have timescale.
WARNING: [XSIM 43-4100] "/wrk/2019.1/continuous/2019_05_24_2552052/data/verilog/src/unisims/FDRE.v" Line 27. Module FDRE_default has a timescale but at least one module in design doesn't have timescale.
WARNING: [XSIM 43-4100] "/wrk/2019.1/continuous/2019_05_24_2552052/data/verilog/src/unisims/IBUF.v" Line 29. Module IBUF has a timescale but at least one module in design doesn't have timescale.
WARNING: [XSIM 43-4100] "/wrk/2019.1/continuous/2019_05_24_2552052/data/verilog/src/unisims/IBUF.v" Line 29. Module IBUF has a timescale but at least one module in design doesn't have timescale.
WARNING: [XSIM 43-4100] "/wrk/2019.1/continuous/2019_05_24_2552052/data/verilog/src/unisims/IBUF.v" Line 29. Module IBUF has a timescale but at least one module in design doesn't have timescale.
WARNING: [XSIM 43-4100] "/wrk/2019.1/continuous/2019_05_24_2552052/data/verilog/src/unisims/IBUF.v" Line 29. Module IBUF has a timescale but at least one module in design doesn't have timescale.
WARNING: [XSIM 43-4100] "/wrk/2019.1/continuous/2019_05_24_2552052/data/verilog/src/unisims/IBUF.v" Line 29. Module IBUF has a timescale but at least one module in design doesn't have timescale.
WARNING: [XSIM 43-4100] "/wrk/2019.1/continuous/2019_05_24_2552052/data/verilog/src/unisims/IBUF.v" Line 29. Module IBUF has a timescale but at least one module in design doesn't have timescale.
WARNING: [XSIM 43-4100] "/wrk/2019.1/continuous/2019_05_24_2552052/data/verilog/src/unisims/IBUF.v" Line 29. Module IBUF has a timescale but at least one module in design doesn't have timescale.
WARNING: [XSIM 43-4100] "/wrk/2019.1/continuous/2019_05_24_2552052/data/verilog/src/unisims/IBUF.v" Line 29. Module IBUF has a timescale but at least one module in design doesn't have timescale.
WARNING: [XSIM 43-4100] "/wrk/2019.1/continuous/2019_05_24_2552052/data/verilog/src/unisims/IBUF.v" Line 29. Module IBUF has a timescale but at least one module in design doesn't have timescale.
WARNING: [XSIM 43-4100] "/wrk/2019.1/continuous/2019_05_24_2552052/data/verilog/src/unisims/IBUF.v" Line 29. Module IBUF has a timescale but at least one module in design doesn't have timescale.
WARNING: [XSIM 43-4100] "/wrk/2019.1/continuous/2019_05_24_2552052/data/verilog/src/unisims/IBUF.v" Line 29. Module IBUF has a timescale but at least one module in design doesn't have timescale.
WARNING: [XSIM 43-4100] "/wrk/2019.1/continuous/2019_05_24_2552052/data/verilog/src/unisims/IBUF.v" Line 29. Module IBUF has a timescale but at least one module in design doesn't have timescale.
INFO: [Common 17-14] Message 'XSIM 43-4100' appears 50 times and further instances of the messages will be disabled. Use the Tcl command set_msg_config to change the current settings.
Completed simulation data flow analysis
Time Resolution for simulation is 1ps
Compiling module unisims_ver.PULLDOWN
Compiling module unisims_ver.LUT5
Compiling module unisims_ver.x_lut1_mux2
Compiling module unisims_ver.LUT1
Compiling module unisims_ver.LUT4
Compiling module unisims_ver.LUT6
Compiling module unisims_ver.FDSE_default
Compiling module unisims_ver.FDRE_default
Compiling module unisims_ver.BUFG
Compiling module unisims_ver.IBUF
Compiling module unisims_ver.x_lut2_mux4
Compiling module unisims_ver.LUT2
Compiling module unisims_ver.x_lut3_mux8
Compiling module unisims_ver.LUT3
Compiling module unisims_ver.MUXF7
Compiling module unisims_ver.MUXF8
Compiling module unisims_ver.OBUF
Compiling module unisims_ver.CARRY4
Compiling module xil_defaultlib.decoder
Compiling module xil_defaultlib.decoder_tb
Compiling module xil_defaultlib.glbl
Built simulation snapshot decoder_tb_func_synth
